<?xml version="1.0" encoding="utf-8"?><testsuite errors="0" failures="4" name="pytest" skips="1" tests="51" time="1.395"><testcase classname="autoclass.tests.test_autoargs" file="autoclass/tests/test_autoargs.py" line="4" name="test_autoargs_simple" time="0.0017976760864257812"></testcase><testcase classname="autoclass.tests.test_autoargs" file="autoclass/tests/test_autoargs.py" line="21" name="test_autoargs_signature_preserving" time="0.0017101764678955078"></testcase><testcase classname="autoclass.tests.test_autoargs" file="autoclass/tests/test_autoargs.py" line="35" name="test_autoargs_varargs" time="0.0017931461334228516"></testcase><testcase classname="autoclass.tests.test_autoargs" file="autoclass/tests/test_autoargs.py" line="57" name="test_autoargs_varargs_kwvarargs" time="0.0018994808197021484"></testcase><testcase classname="autoclass.tests.test_autoargs" file="autoclass/tests/test_autoargs.py" line="83" name="test_autoargs_noarg" time="0.0022258758544921875"></testcase><testcase classname="autoclass.tests.test_autoargs" file="autoclass/tests/test_autoargs.py" line="100" name="test_autoargs_include" time="0.001995086669921875"></testcase><testcase classname="autoclass.tests.test_autoargs" file="autoclass/tests/test_autoargs.py" line="120" name="test_autoargs_exclude" time="0.0018494129180908203"></testcase><testcase classname="autoclass.tests.test_autoargs" file="autoclass/tests/test_autoargs.py" line="142" name="test_autoargs_include_exclude" time="0.001058816909790039"></testcase><testcase classname="autoclass.tests.test_autoargs" file="autoclass/tests/test_autoargs.py" line="151" name="test_autoargs_include_exclude_typos" time="0.0015299320220947266"></testcase><testcase classname="autoclass.tests.test_autoargs" file="autoclass/tests/test_autoargs.py" line="179" name="test_autoargs_no_double_set_default" time="0.002368450164794922"></testcase><testcase classname="autoclass.tests.test_autoclass" file="autoclass/tests/test_autoclass.py" line="7" name="test_autoclass_enforce_validate_not_reversed" time="0.020760059356689453"><system-out>Set surface to 12
</system-out></testcase><testcase classname="autoclass.tests.test_autoclass" file="autoclass/tests/test_autoclass.py" line="30" name="test_autoclass_enforce_validate_reversed" time="0.003119945526123047"></testcase><testcase classname="autoclass.tests.test_autoclass" file="autoclass/tests/test_autoclass.py" line="54" name="test_readme_pytypes" time="0.0370175838470459"></testcase><testcase classname="autoclass.tests.test_autoclass" file="autoclass/tests/test_autoclass.py" line="93" name="test_readme_enforce" time="0.00794363021850586"></testcase><testcase classname="autoclass.tests.test_autodict" file="autoclass/tests/test_autodict.py" line="6" name="test_autodict[only_constructor_args-only_public]" time="0.004010915756225586"></testcase><testcase classname="autoclass.tests.test_autodict" file="autoclass/tests/test_autodict.py" line="6" name="test_autodict[only_constructor_args-including class-private dunder fields]" time="0.0033864974975585938"></testcase><testcase classname="autoclass.tests.test_autodict" file="autoclass/tests/test_autodict.py" line="6" name="test_autodict[all_obj_fields-only_public]" time="0.0034945011138916016"></testcase><testcase classname="autoclass.tests.test_autodict" file="autoclass/tests/test_autodict.py" line="6" name="test_autodict[all_obj_fields-including class-private dunder fields]" time="0.003229379653930664"></testcase><testcase classname="autoclass.tests.test_autohash" file="autoclass/tests/test_autohash.py" line="7" name="test_autohash[only_constructor_args-only_public]" time="0.0020170211791992188"></testcase><testcase classname="autoclass.tests.test_autohash" file="autoclass/tests/test_autohash.py" line="7" name="test_autohash[only_constructor_args-including class-private dunder fields]" time="0.003312349319458008"></testcase><testcase classname="autoclass.tests.test_autohash" file="autoclass/tests/test_autohash.py" line="7" name="test_autohash[all_obj_fields-only_public]" time="0.0016558170318603516"></testcase><testcase classname="autoclass.tests.test_autohash" file="autoclass/tests/test_autohash.py" line="7" name="test_autohash[all_obj_fields-including class-private dunder fields]" time="0.002132892608642578"></testcase><testcase classname="autoclass.tests.test_autoprops" file="autoclass/tests/test_autoprops.py" line="8" name="test_autoprops_no_contract" time="0.003259897232055664"></testcase><testcase classname="autoclass.tests.test_autoprops" file="autoclass/tests/test_autoprops.py" line="27" name="test_autoprops_pycontracts" time="0.28252387046813965"></testcase><testcase classname="autoclass.tests.test_autoprops" file="autoclass/tests/test_autoprops.py" line="55" name="test_autoprops_include" time="0.0037093162536621094"></testcase><testcase classname="autoclass.tests.test_autoprops" file="autoclass/tests/test_autoprops.py" line="78" name="test_autoprops_exclude" time="0.0030012130737304688"></testcase><testcase classname="autoclass.tests.test_autoprops" file="autoclass/tests/test_autoprops.py" line="101" name="test_autoprops_include_exclude" time="0.0008454322814941406"></testcase><testcase classname="autoclass.tests.test_autoprops" file="autoclass/tests/test_autoprops.py" line="111" name="test_autoprops_override" time="0.010882139205932617"><system-out>Property &apos;b&apos; was set to &apos;[&apos;pie&apos;, &apos;pie2&apos;]&apos;
a is being read. Its value is &apos;rhubarb&apos;
Property &apos;b&apos; was set to &apos;[&apos;eh&apos;, &apos;oh&apos;]&apos;
</system-out></testcase><testcase classname="autoclass.tests.test_autoprops" file="autoclass/tests/test_autoprops.py" line="156" name="test_autoprops_override_exceptions" time="0.005446434020996094"></testcase><testcase classname="autoclass.tests.test_autoprops" file="autoclass/tests/test_autoprops.py" line="201" name="test_autoprops_manual" time="0.004445791244506836"></testcase><testcase classname="autoclass.tests.test_autoprops" file="autoclass/tests/test_autoprops.py" line="230" name="test_autoprops_signature_preserving" time="0.003150463104248047"></testcase><testcase classname="autoclass.tests.test_autoprops" file="autoclass/tests/test_autoprops.py" line="252" name="test_autoprops_enforce_validate" time="0.009490013122558594"><system-out>Set surface to 12
Set surface to 0.1
</system-out></testcase><testcase classname="autoclass.tests.test_autoprops" file="autoclass/tests/test_autoprops.py" line="303" name="test_autoprops_enforce_default" time="0.004541635513305664"></testcase><testcase classname="autoclass.tests.test_readme_index" file="autoclass/tests/test_readme_index.py" line="5" name="test_readme_index_basic" time="0.005316257476806641"><failure message="assert &quot;House({&apos;nb_f... &apos;my_house&apos;})&quot; == &quot;House({&apos;name&apos;..._floors&apos;: 3})&quot;
  - House({&apos;nb_floors&apos;: 3, &apos;name&apos;: &apos;my_house&apos;})
  + House({&apos;name&apos;: &apos;my_house&apos;, &apos;nb_floors&apos;: 3})">def test_readme_index_basic():
        &quot;&quot;&quot; First basic example in the doc &quot;&quot;&quot;
    
        from autoclass import autoclass
    
        @autoclass
        class House:
            def __init__(self, name, nb_floors=1):
                pass
    
        a = House(&apos;my_house&apos;, 3)
&gt;       assert str(a) == &quot;House({&apos;name&apos;: &apos;my_house&apos;, &apos;nb_floors&apos;: 3})&quot;
E       assert &quot;House({&apos;nb_f... &apos;my_house&apos;})&quot; == &quot;House({&apos;name&apos;..._floors&apos;: 3})&quot;
E         - House({&apos;nb_floors&apos;: 3, &apos;name&apos;: &apos;my_house&apos;})
E         + House({&apos;name&apos;: &apos;my_house&apos;, &apos;nb_floors&apos;: 3})

autoclass/tests/test_readme_index.py:17: AssertionError</failure></testcase><testcase classname="autoclass.tests.test_readme_index" file="autoclass/tests/test_readme_index.py" line="22" name="test_readme_index_basic2" time="0.004180431365966797"></testcase><testcase classname="autoclass.tests.test_readme_index" file="autoclass/tests/test_readme_index.py" line="50" name="test_readme_enforce_simple" time="0.007318735122680664"></testcase><testcase classname="autoclass.tests.test_readme_index" file="autoclass/tests/test_readme_index.py" line="75" name="test_readme_index_pytypes_simple" time="0.015306234359741211"></testcase><testcase classname="autoclass.tests.test_readme_index" file="autoclass/tests/test_readme_index.py" line="98" name="test_readme_index_valid8_simple" time="0.003390789031982422"><failure message="ImportError: No module named &apos;mini_lambda&apos;">def test_readme_index_valid8_simple():
        &quot;&quot;&quot; Example in the doc with valid8 &quot;&quot;&quot;
    
        from autoclass import autoclass
&gt;       from mini_lambda import s, x, l, Len
E       ImportError: No module named &apos;mini_lambda&apos;

autoclass/tests/test_readme_index.py:103: ImportError</failure></testcase><testcase classname="autoclass.tests.test_readme_index" file="autoclass/tests/test_readme_index.py" line="131" name="test_readme_index_enforce_valid8" time="0.0019845962524414062"><failure message="ImportError: No module named &apos;mini_lambda&apos;">def test_readme_index_enforce_valid8():
        &quot;&quot;&quot; Makes sure that the code in the documentation page is correct for the enforce + valid8 example &quot;&quot;&quot;
    
        from autoclass import autoclass
    
        # Imports - for type validation
        from numbers import Integral
        from enforce import runtime_validation, config
        config(dict(mode=&apos;covariant&apos;))  # type validation will accept subclasses too
    
        # Imports - for value validation
&gt;       from mini_lambda import s, x, Len
E       ImportError: No module named &apos;mini_lambda&apos;

autoclass/tests/test_readme_index.py:143: ImportError</failure></testcase><testcase classname="autoclass.tests.test_readme_index" file="autoclass/tests/test_readme_index.py" line="171" name="test_readme_pycontracts_simple" time="0.023123502731323242"></testcase><testcase classname="autoclass.tests.test_readme_index" file="autoclass/tests/test_readme_index.py" line="194" name="test_readme_old_way" time="0.0010063648223876953"></testcase><testcase classname="autoclass.tests.test_readme_index" file="autoclass/tests/test_readme_index.py" line="256" name="test_readme_pycontracts_complex" time="0.03135991096496582"></testcase><testcase classname="autoclass.tests.test_readme_index" file="autoclass/tests/test_readme_index.py" line="291" name="test_readme_pytypes_validate_complex" time="0.0007505416870117188"><skipped message="open bug in pytypes https://github.com/Stewori/pytypes/issues/19" type="pytest.skip">autoclass/tests/test_readme_index.py:291: &lt;py._xmlgen.raw object at 0x7fa0feb9fda0&gt;</skipped></testcase><testcase classname="autoclass.tests.test_readme_usage" file="autoclass/tests/test_readme_usage.py" line="6" name="test_readme_usage_autoprops_validate" time="0.0037660598754882812"></testcase><testcase classname="autoclass.tests.test_readme_usage" file="autoclass/tests/test_readme_usage.py" line="25" name="test_readme_usage_autodict_1" time="0.0032711029052734375"></testcase><testcase classname="autoclass.tests.test_readme_usage" file="autoclass/tests/test_readme_usage.py" line="64" name="test_readme_usage_autodict_2" time="0.002180337905883789"></testcase><testcase classname="autoclass.tests.test_readme_usage" file="autoclass/tests/test_readme_usage.py" line="80" name="test_readme_usage_autodict_3" time="0.002699613571166992"></testcase><testcase classname="autoclass.tests.test_readme_usage" file="autoclass/tests/test_readme_usage.py" line="99" name="test_readme_usage_autohash_1" time="0.001676797866821289"><failure message="AssertionError: assert 1107386779858460024 == 6464262602542169030
 +  where 1107386779858460024 = hash(&lt;autoclass.tests.test_readme_usage.test_readme_usage_autohash_1.&lt;locals&gt;.A object at 0x7fa0febabb00&gt;)
 +  and   6464262602542169030 = hash((1, &apos;r&apos;, 2))">def test_readme_usage_autohash_1():
        @autohash
        class A(object):
            def __init__(self, a: int, b: str):
                self.a = a
                self.b = b
    
        o = A(1, &apos;r&apos;)
        o._test = 2
    
        # o is hashable
&gt;       assert hash(o) == hash((1, &apos;r&apos;, 2))
E       AssertionError: assert 1107386779858460024 == 6464262602542169030
E        +  where 1107386779858460024 = hash(&lt;autoclass.tests.test_readme_usage.test_readme_usage_autohash_1.&lt;locals&gt;.A object at 0x7fa0febabb00&gt;)
E        +  and   6464262602542169030 = hash((1, &apos;r&apos;, 2))

autoclass/tests/test_readme_usage.py:111: AssertionError</failure></testcase><testcase classname="autoclass.tests.test_readme_usage" file="autoclass/tests/test_readme_usage.py" line="122" name="test_readme_usage_autohash_2" time="0.0014567375183105469"></testcase><testcase classname="autoclass.tests.test_readme_usage" file="autoclass/tests/test_readme_usage.py" line="142" name="test_readme_usage_autoclass" time="0.011373043060302734"></testcase><testcase classname="autoclass.tests.test_readme_usage" file="autoclass/tests/test_readme_usage.py" line="177" name="test_readme_usage_autoclass_custom" time="0.007909059524536133"></testcase></testsuite>