<?xml version="1.0" encoding="utf-8"?><testsuite errors="0" failures="0" name="pytest" skips="1" tests="38" time="1.773"><testcase classname="autoclass.tests.test_autoargs" file="autoclass/tests/test_autoargs.py" line="4" name="test_autoargs_simple" time="0.0033638477325439453"></testcase><testcase classname="autoclass.tests.test_autoargs" file="autoclass/tests/test_autoargs.py" line="21" name="test_autoargs_signature_preserving" time="0.0025124549865722656"></testcase><testcase classname="autoclass.tests.test_autoargs" file="autoclass/tests/test_autoargs.py" line="35" name="test_autoargs_varargs" time="0.0017156600952148438"></testcase><testcase classname="autoclass.tests.test_autoargs" file="autoclass/tests/test_autoargs.py" line="57" name="test_autoargs_varargs_kwvarargs" time="0.0030374526977539062"></testcase><testcase classname="autoclass.tests.test_autoargs" file="autoclass/tests/test_autoargs.py" line="82" name="test_autoargs_noarg" time="0.0027718544006347656"></testcase><testcase classname="autoclass.tests.test_autoargs" file="autoclass/tests/test_autoargs.py" line="99" name="test_autoargs_include" time="0.0038640499114990234"></testcase><testcase classname="autoclass.tests.test_autoargs" file="autoclass/tests/test_autoargs.py" line="119" name="test_autoargs_exclude" time="0.003675699234008789"></testcase><testcase classname="autoclass.tests.test_autoargs" file="autoclass/tests/test_autoargs.py" line="141" name="test_autoargs_include_exclude" time="0.0023207664489746094"></testcase><testcase classname="autoclass.tests.test_autoargs" file="autoclass/tests/test_autoargs.py" line="150" name="test_autoargs_include_exclude_typos" time="0.0036695003509521484"></testcase><testcase classname="autoclass.tests.test_autoclass" file="autoclass/tests/test_autoclass.py" line="7" name="test_autoclass_enforce_validate_not_reversed" time="0.036974430084228516"><system-out>Set surface to 12
</system-out></testcase><testcase classname="autoclass.tests.test_autoclass" file="autoclass/tests/test_autoclass.py" line="30" name="test_autoclass_enforce_validate_reversed" time="0.004061222076416016"></testcase><testcase classname="autoclass.tests.test_autoclass" file="autoclass/tests/test_autoclass.py" line="54" name="test_readme_pytypes" time="0.06043887138366699"></testcase><testcase classname="autoclass.tests.test_autoclass" file="autoclass/tests/test_autoclass.py" line="93" name="test_readme_enforce" time="0.010757923126220703"></testcase><testcase classname="autoclass.tests.test_autodict" file="autoclass/tests/test_autodict.py" line="6" name="test_autodict[only_constructor_args-only_public]" time="0.004410266876220703"></testcase><testcase classname="autoclass.tests.test_autodict" file="autoclass/tests/test_autodict.py" line="6" name="test_autodict[only_constructor_args-including class-private dunder fields]" time="0.006562232971191406"></testcase><testcase classname="autoclass.tests.test_autodict" file="autoclass/tests/test_autodict.py" line="6" name="test_autodict[all_obj_fields-only_public]" time="0.0068209171295166016"></testcase><testcase classname="autoclass.tests.test_autodict" file="autoclass/tests/test_autodict.py" line="6" name="test_autodict[all_obj_fields-including class-private dunder fields]" time="0.00547337532043457"></testcase><testcase classname="autoclass.tests.test_autoprops" file="autoclass/tests/test_autoprops.py" line="8" name="test_autoprops_no_contract" time="0.003552675247192383"></testcase><testcase classname="autoclass.tests.test_autoprops" file="autoclass/tests/test_autoprops.py" line="27" name="test_autoprops_pycontracts" time="0.42178940773010254"></testcase><testcase classname="autoclass.tests.test_autoprops" file="autoclass/tests/test_autoprops.py" line="55" name="test_autoprops_include" time="0.007443666458129883"></testcase><testcase classname="autoclass.tests.test_autoprops" file="autoclass/tests/test_autoprops.py" line="78" name="test_autoprops_exclude" time="0.035343170166015625"></testcase><testcase classname="autoclass.tests.test_autoprops" file="autoclass/tests/test_autoprops.py" line="101" name="test_autoprops_include_exclude" time="0.0016884803771972656"></testcase><testcase classname="autoclass.tests.test_autoprops" file="autoclass/tests/test_autoprops.py" line="111" name="test_autoprops_override" time="0.019310951232910156"><system-out>Property &apos;b&apos; was set to &apos;[&apos;pie&apos;, &apos;pie2&apos;]&apos;
a is being read. Its value is &apos;rhubarb&apos;
Property &apos;b&apos; was set to &apos;[&apos;eh&apos;, &apos;oh&apos;]&apos;
</system-out></testcase><testcase classname="autoclass.tests.test_autoprops" file="autoclass/tests/test_autoprops.py" line="156" name="test_autoprops_override_exceptions" time="0.005863189697265625"></testcase><testcase classname="autoclass.tests.test_autoprops" file="autoclass/tests/test_autoprops.py" line="201" name="test_autoprops_manual" time="0.006183624267578125"></testcase><testcase classname="autoclass.tests.test_autoprops" file="autoclass/tests/test_autoprops.py" line="230" name="test_autoprops_signature_preserving" time="0.003238677978515625"></testcase><testcase classname="autoclass.tests.test_autoprops" file="autoclass/tests/test_autoprops.py" line="252" name="test_autoprops_enforce_validate" time="0.01654338836669922"><system-out>Set surface to 12
Set surface to 0.1
</system-out></testcase><testcase classname="autoclass.tests.test_autoprops" file="autoclass/tests/test_autoprops.py" line="303" name="test_autoprops_enforce_default" time="0.009738445281982422"></testcase><testcase classname="autoclass.tests.test_readme" file="autoclass/tests/test_readme.py" line="6" name="test_readme_enforce_validate" time="0.02092719078063965"><system-out>Set surface to 12
name: test
surface: 12
nb_floors: None
with_windows: False
Set surface to 1
</system-out></testcase><testcase classname="autoclass.tests.test_readme" file="autoclass/tests/test_readme.py" line="69" name="test_readme_old_way" time="0.002550363540649414"></testcase><testcase classname="autoclass.tests.test_readme" file="autoclass/tests/test_readme.py" line="131" name="test_readme_pycontracts" time="0.046654701232910156"></testcase><testcase classname="autoclass.tests.test_readme" file="autoclass/tests/test_readme.py" line="166" name="test_readme_pytypes_validate" time="0.00537562370300293"><skipped message="open bug in pytypes https://github.com/Stewori/pytypes/issues/19" type="pytest.skip">autoclass/tests/test_readme.py:166: &lt;py._xmlgen.raw object at 0x7f4085914400&gt;</skipped></testcase><testcase classname="autoclass.tests.test_readme" file="autoclass/tests/test_readme.py" line="231" name="test_readme_usage_autoprops_validate" time="0.006201744079589844"></testcase><testcase classname="autoclass.tests.test_readme" file="autoclass/tests/test_readme.py" line="250" name="test_readme_usage_autodict_1" time="0.00701141357421875"></testcase><testcase classname="autoclass.tests.test_readme" file="autoclass/tests/test_readme.py" line="289" name="test_readme_usage_autodict_2" time="0.004280567169189453"></testcase><testcase classname="autoclass.tests.test_readme" file="autoclass/tests/test_readme.py" line="305" name="test_readme_usage_autodict_3" time="0.00484013557434082"></testcase><testcase classname="autoclass.tests.test_readme" file="autoclass/tests/test_readme.py" line="324" name="test_readme_usage_autoclass" time="0.018213748931884766"></testcase><testcase classname="autoclass.tests.test_readme" file="autoclass/tests/test_readme.py" line="359" name="test_readme_usage_autoclass_custom" time="0.01587367057800293"></testcase></testsuite>