<?xml version="1.0" encoding="utf-8"?><testsuite errors="0" failures="0" name="pytest" skips="9" tests="83" time="1.326"><testcase classname="autoclass.tests.doc.test_autoclass_readme" file="autoclass/tests/doc/test_autoclass_readme.py" line="8" name="test_readme_pytypes" time="0.028072595596313477"></testcase><testcase classname="autoclass.tests.doc.test_autoclass_readme" file="autoclass/tests/doc/test_autoclass_readme.py" line="16" name="test_readme_enforce" time="0.022935867309570312"></testcase><testcase classname="autoclass.tests.doc.test_readme_index" file="autoclass/tests/doc/test_readme_index.py" line="16" name="test_readme_index_pyfields" time="0.005485057830810547"></testcase><testcase classname="autoclass.tests.doc.test_readme_index" file="autoclass/tests/doc/test_readme_index.py" line="39" name="test_readme_index_basic" time="0.004040718078613281"></testcase><testcase classname="autoclass.tests.doc.test_readme_index" file="autoclass/tests/doc/test_readme_index.py" line="54" name="test_readme_index_basic2" time="0.0037124156951904297"></testcase><testcase classname="autoclass.tests.doc.test_readme_index" file="autoclass/tests/doc/test_readme_index.py" line="80" name="test_readme_enforce_simple" time="0.008053064346313477"></testcase><testcase classname="autoclass.tests.doc.test_readme_index" file="autoclass/tests/doc/test_readme_index.py" line="89" name="test_readme_index_pytypes_simple" time="0.012664794921875"></testcase><testcase classname="autoclass.tests.doc.test_readme_index" file="autoclass/tests/doc/test_readme_index.py" line="97" name="test_readme_index_valid8_simple" time="0.007232666015625"></testcase><testcase classname="autoclass.tests.doc.test_readme_index" file="autoclass/tests/doc/test_readme_index.py" line="128" name="test_readme_index_enforce_valid8" time="0.010472297668457031"></testcase><testcase classname="autoclass.tests.doc.test_readme_index" file="autoclass/tests/doc/test_readme_index.py" line="137" name="test_readme_pycontracts_simple" time="0.2912576198577881"></testcase><testcase classname="autoclass.tests.doc.test_readme_index" file="autoclass/tests/doc/test_readme_index.py" line="159" name="test_readme_old_way" time="0.0015702247619628906"></testcase><testcase classname="autoclass.tests.doc.test_readme_index" file="autoclass/tests/doc/test_readme_index.py" line="228" name="test_readme_pycontracts_complex" time="0.03613591194152832"></testcase><testcase classname="autoclass.tests.doc.test_readme_index" file="autoclass/tests/doc/test_readme_index.py" line="264" name="test_readme_pytypes_validate_complex" time="0.0007555484771728516"><skipped message="open bug in pytypes https://github.com/Stewori/pytypes/issues/19" type="pytest.skip">autoclass/tests/doc/test_readme_index.py:264: open bug in pytypes https://github.com/Stewori/pytypes/issues/19</skipped></testcase><testcase classname="autoclass.tests.doc.test_readme_usage" file="autoclass/tests/doc/test_readme_usage.py" line="15" name="test_readme_usage_autoprops_validate" time="0.005008220672607422"></testcase><testcase classname="autoclass.tests.doc.test_readme_usage" file="autoclass/tests/doc/test_readme_usage.py" line="36" name="test_readme_usage_autodict_1" time="0.0047032833099365234"></testcase><testcase classname="autoclass.tests.doc.test_readme_usage" file="autoclass/tests/doc/test_readme_usage.py" line="81" name="test_readme_usage_autodict_2" time="0.003142118453979492"></testcase><testcase classname="autoclass.tests.doc.test_readme_usage" file="autoclass/tests/doc/test_readme_usage.py" line="100" name="test_readme_usage_autodict_3" time="0.0031096935272216797"></testcase><testcase classname="autoclass.tests.doc.test_readme_usage" file="autoclass/tests/doc/test_readme_usage.py" line="122" name="test_readme_usage_autodict_4" time="0.0040950775146484375"></testcase><testcase classname="autoclass.tests.doc.test_readme_usage" file="autoclass/tests/doc/test_readme_usage.py" line="145" name="test_readme_usage_autohash_1" time="0.0020084381103515625"></testcase><testcase classname="autoclass.tests.doc.test_readme_usage" file="autoclass/tests/doc/test_readme_usage.py" line="172" name="test_readme_usage_autohash_2" time="0.002385377883911133"></testcase><testcase classname="autoclass.tests.doc.test_readme_usage" file="autoclass/tests/doc/test_readme_usage.py" line="195" name="test_readme_usage_autoclass" time="0.020625829696655273"></testcase><testcase classname="autoclass.tests.doc.test_readme_usage" file="autoclass/tests/doc/test_readme_usage.py" line="203" name="test_readme_usage_autoclass_custom" time="0.010298013687133789"></testcase><testcase classname="autoclass.tests.features.test_autoargs" file="autoclass/tests/features/test_autoargs.py" line="6" name="test_autoargs_simple" time="0.0026810169219970703"></testcase><testcase classname="autoclass.tests.features.test_autoargs" file="autoclass/tests/features/test_autoargs.py" line="23" name="test_autoargs_signature_preserving" time="0.0019958019256591797"></testcase><testcase classname="autoclass.tests.features.test_autoargs" file="autoclass/tests/features/test_autoargs.py" line="40" name="test_autoargs_varargs" time="0.0020728111267089844"></testcase><testcase classname="autoclass.tests.features.test_autoargs" file="autoclass/tests/features/test_autoargs.py" line="62" name="test_autoargs_varargs_kwvarargs" time="0.002531766891479492"></testcase><testcase classname="autoclass.tests.features.test_autoargs" file="autoclass/tests/features/test_autoargs.py" line="88" name="test_autoargs_noarg" time="0.0019273757934570312"></testcase><testcase classname="autoclass.tests.features.test_autoargs" file="autoclass/tests/features/test_autoargs.py" line="105" name="test_autoargs_include" time="0.002021312713623047"></testcase><testcase classname="autoclass.tests.features.test_autoargs" file="autoclass/tests/features/test_autoargs.py" line="125" name="test_autoargs_exclude" time="0.002045154571533203"></testcase><testcase classname="autoclass.tests.features.test_autoargs" file="autoclass/tests/features/test_autoargs.py" line="147" name="test_autoargs_include_exclude" time="0.0014944076538085938"></testcase><testcase classname="autoclass.tests.features.test_autoargs" file="autoclass/tests/features/test_autoargs.py" line="156" name="test_autoargs_include_exclude_typos" time="0.0016620159149169922"></testcase><testcase classname="autoclass.tests.features.test_autoargs" file="autoclass/tests/features/test_autoargs.py" line="173" name="test_autoargs_no_double_set_default" time="0.0018551349639892578"></testcase><testcase classname="autoclass.tests.features.test_autoclass" file="autoclass/tests/features/test_autoclass.py" line="11" name="test_autoclass_enforce_validate_not_reversed" time="0.009171247482299805"><system-out>Set surface to 12
</system-out></testcase><testcase classname="autoclass.tests.features.test_autoclass" file="autoclass/tests/features/test_autoclass.py" line="20" name="test_autoclass_enforce_validate_reversed" time="0.002579927444458008"></testcase><testcase classname="autoclass.tests.features.test_autoclass" file="autoclass/tests/features/test_autoclass.py" line="29" name="test_autoclass_inheritance" time="0.006707906723022461"></testcase><testcase classname="autoclass.tests.features.test_autoclass" file="autoclass/tests/features/test_autoclass.py" line="55" name="test_autoclass_pickle_inheritance" time="0.008622169494628906"></testcase><testcase classname="autoclass.tests.features.test_autoclass" file="autoclass/tests/features/test_autoclass.py" line="76" name="test_autoclass_slots" time="0.00831913948059082"></testcase><testcase classname="autoclass.tests.features.test_autoclass" file="autoclass/tests/features/test_autoclass.py" line="104" name="test_autoclass_pyfields" time="0.00548243522644043"></testcase><testcase classname="autoclass.tests.features.test_autodict" file="autoclass/tests/features/test_autodict.py" line="10" name="test_autodict[only_constructor_args-only_public]" time="0.004220008850097656"></testcase><testcase classname="autoclass.tests.features.test_autodict" file="autoclass/tests/features/test_autodict.py" line="10" name="test_autodict[only_constructor_args-including class-private dunder fields]" time="0.003774404525756836"></testcase><testcase classname="autoclass.tests.features.test_autodict" file="autoclass/tests/features/test_autodict.py" line="10" name="test_autodict[all_obj_fields-only_public]" time="0.0038542747497558594"></testcase><testcase classname="autoclass.tests.features.test_autodict" file="autoclass/tests/features/test_autodict.py" line="10" name="test_autodict[all_obj_fields-including class-private dunder fields]" time="0.003263711929321289"></testcase><testcase classname="autoclass.tests.features.test_autodict" file="autoclass/tests/features/test_autodict.py" line="138" name="test_autodict_pyfields" time="0.003396272659301758"></testcase><testcase classname="autoclass.tests.features.test_autohash" file="autoclass/tests/features/test_autohash.py" line="11" name="test_autohash[only_constructor_args-only_public]" time="0.002790689468383789"></testcase><testcase classname="autoclass.tests.features.test_autohash" file="autoclass/tests/features/test_autohash.py" line="11" name="test_autohash[only_constructor_args-including class-private dunder fields]" time="0.002315521240234375"></testcase><testcase classname="autoclass.tests.features.test_autohash" file="autoclass/tests/features/test_autohash.py" line="11" name="test_autohash[all_obj_fields-only_public]" time="0.0024421215057373047"></testcase><testcase classname="autoclass.tests.features.test_autohash" file="autoclass/tests/features/test_autohash.py" line="11" name="test_autohash[all_obj_fields-including class-private dunder fields]" time="0.0022614002227783203"></testcase><testcase classname="autoclass.tests.features.test_autohash" file="autoclass/tests/features/test_autohash.py" line="86" name="test_autohash_exclude" time="0.008861303329467773"></testcase><testcase classname="autoclass.tests.features.test_autohash" file="autoclass/tests/features/test_autohash.py" line="125" name="test_autohash_pyfields[only_known_fields=False]" time="0.002192258834838867"></testcase><testcase classname="autoclass.tests.features.test_autohash" file="autoclass/tests/features/test_autohash.py" line="125" name="test_autohash_pyfields[only_known_fields=True]" time="0.0020148754119873047"></testcase><testcase classname="autoclass.tests.features.test_autoprops" file="autoclass/tests/features/test_autoprops.py" line="12" name="test_autoprops_no_contract" time="0.0029740333557128906"></testcase><testcase classname="autoclass.tests.features.test_autoprops" file="autoclass/tests/features/test_autoprops.py" line="34" name="test_autoprops_pycontracts" time="0.02978062629699707"></testcase><testcase classname="autoclass.tests.features.test_autoprops" file="autoclass/tests/features/test_autoprops.py" line="65" name="test_autoprops_include" time="0.005370378494262695"></testcase><testcase classname="autoclass.tests.features.test_autoprops" file="autoclass/tests/features/test_autoprops.py" line="91" name="test_autoprops_exclude" time="0.005964756011962891"></testcase><testcase classname="autoclass.tests.features.test_autoprops" file="autoclass/tests/features/test_autoprops.py" line="117" name="test_autoprops_include_exclude" time="0.002913236618041992"></testcase><testcase classname="autoclass.tests.features.test_autoprops" file="autoclass/tests/features/test_autoprops.py" line="127" name="test_autoprops_override" time="0.01063394546508789"><system-out>Property &apos;b&apos; was set to &apos;[&apos;pie&apos;, &apos;pie2&apos;]&apos;
a is being read. Its value is &apos;rhubarb&apos;
Property &apos;b&apos; was set to &apos;[&apos;eh&apos;, &apos;oh&apos;]&apos;
</system-out></testcase><testcase classname="autoclass.tests.features.test_autoprops" file="autoclass/tests/features/test_autoprops.py" line="177" name="test_autoprops_override_exceptions" time="0.006749868392944336"></testcase><testcase classname="autoclass.tests.features.test_autoprops" file="autoclass/tests/features/test_autoprops.py" line="234" name="test_autoprops_manual" time="0.008655786514282227"></testcase><testcase classname="autoclass.tests.features.test_autoprops" file="autoclass/tests/features/test_autoprops.py" line="266" name="test_autoprops_signature_preserving" time="0.0038771629333496094"></testcase><testcase classname="autoclass.tests.features.test_autoprops" file="autoclass/tests/features/test_autoprops.py" line="296" name="test_autoprops_enforce_validate" time="0.014778852462768555"><system-out>Set surface to 12
Set surface to 0.1
</system-out></testcase><testcase classname="autoclass.tests.features.test_autoprops" file="autoclass/tests/features/test_autoprops.py" line="305" name="test_autoprops_enforce_default" time="0.007887125015258789"></testcase><testcase classname="autoclass.tests.features.test_autorepr" file="autoclass/tests/features/test_autorepr.py" line="10" name="test_autorepr[curly_mode=False-only_constructor_args-only_public]" time="0.0008881092071533203"><skipped message="class vars order is not preserved" type="pytest.skip">autoclass/tests/features/test_autorepr.py:10: class vars order is not preserved</skipped></testcase><testcase classname="autoclass.tests.features.test_autorepr" file="autoclass/tests/features/test_autorepr.py" line="10" name="test_autorepr[curly_mode=False-only_constructor_args-including class-private dunder fields]" time="0.0010614395141601562"><skipped message="class vars order is not preserved" type="pytest.skip">autoclass/tests/features/test_autorepr.py:10: class vars order is not preserved</skipped></testcase><testcase classname="autoclass.tests.features.test_autorepr" file="autoclass/tests/features/test_autorepr.py" line="10" name="test_autorepr[curly_mode=False-all_obj_fields-only_public]" time="0.0009000301361083984"><skipped message="class vars order is not preserved" type="pytest.skip">autoclass/tests/features/test_autorepr.py:10: class vars order is not preserved</skipped></testcase><testcase classname="autoclass.tests.features.test_autorepr" file="autoclass/tests/features/test_autorepr.py" line="10" name="test_autorepr[curly_mode=False-all_obj_fields-including class-private dunder fields]" time="0.0008232593536376953"><skipped message="class vars order is not preserved" type="pytest.skip">autoclass/tests/features/test_autorepr.py:10: class vars order is not preserved</skipped></testcase><testcase classname="autoclass.tests.features.test_autorepr" file="autoclass/tests/features/test_autorepr.py" line="10" name="test_autorepr[curly_mode=True-only_constructor_args-only_public]" time="0.0008490085601806641"><skipped message="class vars order is not preserved" type="pytest.skip">autoclass/tests/features/test_autorepr.py:10: class vars order is not preserved</skipped></testcase><testcase classname="autoclass.tests.features.test_autorepr" file="autoclass/tests/features/test_autorepr.py" line="10" name="test_autorepr[curly_mode=True-only_constructor_args-including class-private dunder fields]" time="0.00096893310546875"><skipped message="class vars order is not preserved" type="pytest.skip">autoclass/tests/features/test_autorepr.py:10: class vars order is not preserved</skipped></testcase><testcase classname="autoclass.tests.features.test_autorepr" file="autoclass/tests/features/test_autorepr.py" line="10" name="test_autorepr[curly_mode=True-all_obj_fields-only_public]" time="0.0009121894836425781"><skipped message="class vars order is not preserved" type="pytest.skip">autoclass/tests/features/test_autorepr.py:10: class vars order is not preserved</skipped></testcase><testcase classname="autoclass.tests.features.test_autorepr" file="autoclass/tests/features/test_autorepr.py" line="10" name="test_autorepr[curly_mode=True-all_obj_fields-including class-private dunder fields]" time="0.0008542537689208984"><skipped message="class vars order is not preserved" type="pytest.skip">autoclass/tests/features/test_autorepr.py:10: class vars order is not preserved</skipped></testcase><testcase classname="autoclass.tests.features.test_autorepr" file="autoclass/tests/features/test_autorepr.py" line="84" name="test_autorepr_pyfields[curly_mode=False]" time="0.003261566162109375"></testcase><testcase classname="autoclass.tests.features.test_autorepr" file="autoclass/tests/features/test_autorepr.py" line="84" name="test_autorepr_pyfields[curly_mode=True]" time="0.0030558109283447266"></testcase><testcase classname="autoclass.tests.features.test_autoslots_" file="autoclass/tests/features/test_autoslots_.py" line="10" name="test_autoslots[preexisting=False-add_weakref_slot=False-use_public_names=False]" time="0.003679513931274414"></testcase><testcase classname="autoclass.tests.features.test_autoslots_" file="autoclass/tests/features/test_autoslots_.py" line="10" name="test_autoslots[preexisting=False-add_weakref_slot=False-use_public_names=True]" time="0.003367185592651367"></testcase><testcase classname="autoclass.tests.features.test_autoslots_" file="autoclass/tests/features/test_autoslots_.py" line="10" name="test_autoslots[preexisting=False-add_weakref_slot=True-use_public_names=False]" time="0.0030527114868164062"></testcase><testcase classname="autoclass.tests.features.test_autoslots_" file="autoclass/tests/features/test_autoslots_.py" line="10" name="test_autoslots[preexisting=False-add_weakref_slot=True-use_public_names=True]" time="0.002448558807373047"></testcase><testcase classname="autoclass.tests.features.test_autoslots_" file="autoclass/tests/features/test_autoslots_.py" line="10" name="test_autoslots[preexisting=True-add_weakref_slot=False-use_public_names=False]" time="0.0027666091918945312"><system-out>
</system-out></testcase><testcase classname="autoclass.tests.features.test_autoslots_" file="autoclass/tests/features/test_autoslots_.py" line="10" name="test_autoslots[preexisting=True-add_weakref_slot=False-use_public_names=True]" time="0.002504110336303711"><system-out>
</system-out></testcase><testcase classname="autoclass.tests.features.test_autoslots_" file="autoclass/tests/features/test_autoslots_.py" line="10" name="test_autoslots[preexisting=True-add_weakref_slot=True-use_public_names=False]" time="0.002465963363647461"><system-out>
</system-out></testcase><testcase classname="autoclass.tests.features.test_autoslots_" file="autoclass/tests/features/test_autoslots_.py" line="10" name="test_autoslots[preexisting=True-add_weakref_slot=True-use_public_names=True]" time="0.002268075942993164"><system-out>
</system-out></testcase><testcase classname="autoclass.tests.features.test_autoslots_" file="autoclass/tests/features/test_autoslots_.py" line="52" name="test_autoslots_args_props" time="0.0035300254821777344"></testcase><testcase classname="autoclass.tests.packaging_.test_packaging" file="autoclass/tests/packaging_/test_packaging.py" line="1" name="test_named_import" time="0.0019893646240234375"></testcase><testcase classname="autoclass.tests.packaging_.test_packaging" file="autoclass/tests/packaging_/test_packaging.py" line="6" name="test_import_from" time="0.0013294219970703125"></testcase><testcase classname="autoclass.tests.packaging_.test_packaging_wild" file="autoclass/tests/packaging_/test_packaging_wild.py" line="3" name="test_wild_import" time="0.005589962005615234"></testcase></testsuite>