<?xml version="1.0" encoding="utf-8"?><testsuite errors="0" failures="0" name="pytest" skips="0" tests="38" time="0.888"><testcase classname="autoclass.tests.test_autocode_cl.TestAutoArgs" file="autoclass/tests/test_autocode_cl.py" line="116" name="test_autoargs_exclude" time="0.0023229122161865234"></testcase><testcase classname="autoclass.tests.test_autocode_cl.TestAutoArgs" file="autoclass/tests/test_autocode_cl.py" line="97" name="test_autoargs_include" time="0.0017457008361816406"></testcase><testcase classname="autoclass.tests.test_autocode_cl.TestAutoArgs" file="autoclass/tests/test_autocode_cl.py" line="137" name="test_autoargs_include_exclude" time="0.0006358623504638672"></testcase><testcase classname="autoclass.tests.test_autocode_cl.TestAutoArgs" file="autoclass/tests/test_autocode_cl.py" line="145" name="test_autoargs_include_exclude_typos" time="0.0008788108825683594"></testcase><testcase classname="autoclass.tests.test_autocode_cl.TestAutoArgs" file="autoclass/tests/test_autocode_cl.py" line="81" name="test_autoargs_noarg" time="0.0022161006927490234"></testcase><testcase classname="autoclass.tests.test_autocode_cl.TestAutoArgs" file="autoclass/tests/test_autocode_cl.py" line="26" name="test_autoargs_signature_preserving" time="0.0010304450988769531"></testcase><testcase classname="autoclass.tests.test_autocode_cl.TestAutoArgs" file="autoclass/tests/test_autocode_cl.py" line="10" name="test_autoargs_simple" time="0.0010297298431396484"></testcase><testcase classname="autoclass.tests.test_autocode_cl.TestAutoArgs" file="autoclass/tests/test_autocode_cl.py" line="38" name="test_autoargs_varargs" time="0.002029895782470703"></testcase><testcase classname="autoclass.tests.test_autocode_cl.TestAutoArgs" file="autoclass/tests/test_autocode_cl.py" line="58" name="test_autoargs_varargs_kwvarargs" time="0.002557516098022461"></testcase><testcase classname="autoclass.tests.test_autocode_cl.TestAutoProps" file="autoclass/tests/test_autocode_cl.py" line="417" name="test_autoprops_enforce_validate" time="0.03257298469543457"><system-out>Set surface to 12
Set surface to 0.1
</system-out></testcase><testcase classname="autoclass.tests.test_autocode_cl.TestAutoProps" file="autoclass/tests/test_autocode_cl.py" line="246" name="test_autoprops_exclude" time="0.2429497241973877"></testcase><testcase classname="autoclass.tests.test_autocode_cl.TestAutoProps" file="autoclass/tests/test_autocode_cl.py" line="222" name="test_autoprops_include" time="0.004989147186279297"></testcase><testcase classname="autoclass.tests.test_autocode_cl.TestAutoProps" file="autoclass/tests/test_autocode_cl.py" line="269" name="test_autoprops_include_exclude" time="0.001676797866821289"></testcase><testcase classname="autoclass.tests.test_autocode_cl.TestAutoProps" file="autoclass/tests/test_autocode_cl.py" line="368" name="test_autoprops_manual" time="0.004991292953491211"></testcase><testcase classname="autoclass.tests.test_autocode_cl.TestAutoProps" file="autoclass/tests/test_autocode_cl.py" line="175" name="test_autoprops_no_contract" time="0.0033185482025146484"></testcase><testcase classname="autoclass.tests.test_autocode_cl.TestAutoProps" file="autoclass/tests/test_autocode_cl.py" line="278" name="test_autoprops_override" time="0.015537738800048828"><system-out>Property &apos;b&apos; was set to &apos;[&apos;pie&apos;, &apos;pie2&apos;]&apos;
a is being read. Its value is &apos;rhubarb&apos;
Property &apos;b&apos; was set to &apos;[&apos;eh&apos;, &apos;oh&apos;]&apos;
</system-out></testcase><testcase classname="autoclass.tests.test_autocode_cl.TestAutoProps" file="autoclass/tests/test_autocode_cl.py" line="324" name="test_autoprops_override_exceptions" time="0.005810260772705078"></testcase><testcase classname="autoclass.tests.test_autocode_cl.TestAutoProps" file="autoclass/tests/test_autocode_cl.py" line="194" name="test_autoprops_pycontracts" time="0.0038378238677978516"></testcase><testcase classname="autoclass.tests.test_autocode_cl.TestAutoProps" file="autoclass/tests/test_autocode_cl.py" line="396" name="test_autoprops_signature_preserving" time="0.0033528804779052734"></testcase><testcase classname="autoclass.tests.test_autocode_cl.TestReadMe" file="autoclass/tests/test_autocode_cl.py" line="567" name="test_readme_enforce" time="0.01163935661315918"></testcase><testcase classname="autoclass.tests.test_autocode_cl.TestReadMe" file="autoclass/tests/test_autocode_cl.py" line="609" name="test_readme_enforce_validate" time="0.007978439331054688"><system-out>Set surface to 12
</system-out></testcase><testcase classname="autoclass.tests.test_autocode_cl.TestReadMe" file="autoclass/tests/test_autocode_cl.py" line="473" name="test_readme_old_way" time="0.0012335777282714844"></testcase><testcase classname="autoclass.tests.test_autocode_cl.TestReadMe" file="autoclass/tests/test_autocode_cl.py" line="533" name="test_readme_pycontracts" time="0.03380441665649414"></testcase><testcase classname="autoclass.tests.test_autocode_cl.TestReadMe" file="autoclass/tests/test_autocode_cl.py" line="657" name="test_readme_usage_autoprops_validate" time="0.002968311309814453"></testcase><testcase classname="autoclass.tests.test_validate.TestValidate" file="autoclass/tests/test_validate.py" line="287" name="test_decorate_manually" time="0.0015339851379394531"></testcase><testcase classname="autoclass.tests.test_validate.TestValidate" file="autoclass/tests/test_validate.py" line="217" name="test_validate_and" time="0.0031061172485351562"><system-out>hello
hello
</system-out></testcase><testcase classname="autoclass.tests.test_validate.TestValidate" file="autoclass/tests/test_validate.py" line="45" name="test_validate_custom" time="0.002934694290161133"><system-out>hello
</system-out></testcase><testcase classname="autoclass.tests.test_validate.TestValidate" file="autoclass/tests/test_validate.py" line="38" name="test_validate_empty" time="0.0007832050323486328"></testcase><testcase classname="autoclass.tests.test_validate.TestValidate" file="autoclass/tests/test_validate.py" line="85" name="test_validate_enforce" time="0.0019145011901855469"><system-out>hello
</system-out></testcase><testcase classname="autoclass.tests.test_validate.TestValidate" file="autoclass/tests/test_validate.py" line="252" name="test_validate_is_in" time="0.0020122528076171875"><system-out>hello
</system-out></testcase><testcase classname="autoclass.tests.test_validate.TestValidate" file="autoclass/tests/test_validate.py" line="104" name="test_validate_name_error" time="0.0007405281066894531"></testcase><testcase classname="autoclass.tests.test_validate.TestValidate" file="autoclass/tests/test_validate.py" line="111" name="test_validate_none_is_allowed" time="0.0022885799407958984"><system-out>hello
hello
</system-out></testcase><testcase classname="autoclass.tests.test_validate.TestValidate" file="autoclass/tests/test_validate.py" line="120" name="test_validate_not" time="0.001786947250366211"><system-out>hello
</system-out></testcase><testcase classname="autoclass.tests.test_validate.TestValidate" file="autoclass/tests/test_validate.py" line="150" name="test_validate_or" time="0.0024585723876953125"><system-out>hello
hello
hello
hello
</system-out></testcase><testcase classname="autoclass.tests.test_validate.TestValidate" file="autoclass/tests/test_validate.py" line="8" name="test_validate_simple" time="0.002435445785522461"><system-out>hello
</system-out></testcase><testcase classname="autoclass.tests.test_validate.TestValidate" file="autoclass/tests/test_validate.py" line="264" name="test_validate_subset_superset" time="0.0013225078582763672"><system-out>hello
</system-out></testcase><testcase classname="autoclass.tests.test_validate.TestValidate" file="autoclass/tests/test_validate.py" line="31" name="test_validate_wrong_notnone" time="0.0010972023010253906"></testcase><testcase classname="autoclass.tests.test_validate.TestValidate" file="autoclass/tests/test_validate.py" line="184" name="test_validate_xor" time="0.0028514862060546875"><system-out>hello
hello
hello
</system-out></testcase></testsuite>