<?xml version="1.0" encoding="utf-8"?><testsuite errors="0" failures="0" name="pytest" skips="1" tests="56" time="1.745"><testcase classname="autoclass.tests.test_autoargs" file="autoclass/tests/test_autoargs.py" line="6" name="test_autoargs_simple" time="0.003885030746459961"></testcase><testcase classname="autoclass.tests.test_autoargs" file="autoclass/tests/test_autoargs.py" line="23" name="test_autoargs_signature_preserving" time="0.002804994583129883"></testcase><testcase classname="autoclass.tests.test_autoargs" file="autoclass/tests/test_autoargs.py" line="40" name="test_autoargs_varargs" time="0.0033822059631347656"></testcase><testcase classname="autoclass.tests.test_autoargs" file="autoclass/tests/test_autoargs.py" line="62" name="test_autoargs_varargs_kwvarargs" time="0.003208637237548828"></testcase><testcase classname="autoclass.tests.test_autoargs" file="autoclass/tests/test_autoargs.py" line="88" name="test_autoargs_noarg" time="0.003284931182861328"></testcase><testcase classname="autoclass.tests.test_autoargs" file="autoclass/tests/test_autoargs.py" line="105" name="test_autoargs_include" time="0.004471778869628906"></testcase><testcase classname="autoclass.tests.test_autoargs" file="autoclass/tests/test_autoargs.py" line="125" name="test_autoargs_exclude" time="0.0034770965576171875"></testcase><testcase classname="autoclass.tests.test_autoargs" file="autoclass/tests/test_autoargs.py" line="147" name="test_autoargs_include_exclude" time="0.002440929412841797"></testcase><testcase classname="autoclass.tests.test_autoargs" file="autoclass/tests/test_autoargs.py" line="156" name="test_autoargs_include_exclude_typos" time="0.002433300018310547"></testcase><testcase classname="autoclass.tests.test_autoargs" file="autoclass/tests/test_autoargs.py" line="184" name="test_autoargs_no_double_set_default" time="0.0030057430267333984"></testcase><testcase classname="autoclass.tests.test_autoclass" file="autoclass/tests/test_autoclass.py" line="6" name="test_autoclass_enforce_validate_not_reversed" time="0.0270233154296875"><system-out>Set surface to 12
</system-out></testcase><testcase classname="autoclass.tests.test_autoclass" file="autoclass/tests/test_autoclass.py" line="15" name="test_autoclass_enforce_validate_reversed" time="0.004533529281616211"></testcase><testcase classname="autoclass.tests.test_autoclass" file="autoclass/tests/test_autoclass.py" line="24" name="test_readme_pytypes" time="0.03835892677307129"></testcase><testcase classname="autoclass.tests.test_autoclass" file="autoclass/tests/test_autoclass.py" line="32" name="test_readme_enforce" time="0.009174346923828125"></testcase><testcase classname="autoclass.tests.test_autoclass" file="autoclass/tests/test_autoclass.py" line="41" name="test_autoclass_inheritance" time="0.008379936218261719"></testcase><testcase classname="autoclass.tests.test_autodict" file="autoclass/tests/test_autodict.py" line="10" name="test_autodict[only_constructor_args-only_public]" time="0.005045652389526367"></testcase><testcase classname="autoclass.tests.test_autodict" file="autoclass/tests/test_autodict.py" line="10" name="test_autodict[only_constructor_args-including class-private dunder fields]" time="0.004873514175415039"></testcase><testcase classname="autoclass.tests.test_autodict" file="autoclass/tests/test_autodict.py" line="10" name="test_autodict[all_obj_fields-only_public]" time="0.00508880615234375"></testcase><testcase classname="autoclass.tests.test_autodict" file="autoclass/tests/test_autodict.py" line="10" name="test_autodict[all_obj_fields-including class-private dunder fields]" time="0.0044248104095458984"></testcase><testcase classname="autoclass.tests.test_autohash" file="autoclass/tests/test_autohash.py" line="11" name="test_autohash[only_constructor_args-only_public]" time="0.0029828548431396484"></testcase><testcase classname="autoclass.tests.test_autohash" file="autoclass/tests/test_autohash.py" line="11" name="test_autohash[only_constructor_args-including class-private dunder fields]" time="0.003031015396118164"></testcase><testcase classname="autoclass.tests.test_autohash" file="autoclass/tests/test_autohash.py" line="11" name="test_autohash[all_obj_fields-only_public]" time="0.003238201141357422"></testcase><testcase classname="autoclass.tests.test_autohash" file="autoclass/tests/test_autohash.py" line="11" name="test_autohash[all_obj_fields-including class-private dunder fields]" time="0.002863645553588867"></testcase><testcase classname="autoclass.tests.test_autohash" file="autoclass/tests/test_autohash.py" line="86" name="test_autohash_exclude" time="0.009201765060424805"></testcase><testcase classname="autoclass.tests.test_autoprops" file="autoclass/tests/test_autoprops.py" line="12" name="test_autoprops_no_contract" time="0.004765987396240234"></testcase><testcase classname="autoclass.tests.test_autoprops" file="autoclass/tests/test_autoprops.py" line="34" name="test_autoprops_pycontracts" time="0.33840107917785645"></testcase><testcase classname="autoclass.tests.test_autoprops" file="autoclass/tests/test_autoprops.py" line="65" name="test_autoprops_include" time="0.005742788314819336"></testcase><testcase classname="autoclass.tests.test_autoprops" file="autoclass/tests/test_autoprops.py" line="91" name="test_autoprops_exclude" time="0.0065765380859375"></testcase><testcase classname="autoclass.tests.test_autoprops" file="autoclass/tests/test_autoprops.py" line="117" name="test_autoprops_include_exclude" time="0.0020253658294677734"></testcase><testcase classname="autoclass.tests.test_autoprops" file="autoclass/tests/test_autoprops.py" line="127" name="test_autoprops_override" time="0.012852907180786133"><system-out>Property &apos;b&apos; was set to &apos;[&apos;pie&apos;, &apos;pie2&apos;]&apos;
a is being read. Its value is &apos;rhubarb&apos;
Property &apos;b&apos; was set to &apos;[&apos;eh&apos;, &apos;oh&apos;]&apos;
</system-out></testcase><testcase classname="autoclass.tests.test_autoprops" file="autoclass/tests/test_autoprops.py" line="177" name="test_autoprops_override_exceptions" time="0.00707244873046875"></testcase><testcase classname="autoclass.tests.test_autoprops" file="autoclass/tests/test_autoprops.py" line="234" name="test_autoprops_manual" time="0.007612705230712891"></testcase><testcase classname="autoclass.tests.test_autoprops" file="autoclass/tests/test_autoprops.py" line="266" name="test_autoprops_signature_preserving" time="0.004875659942626953"></testcase><testcase classname="autoclass.tests.test_autoprops" file="autoclass/tests/test_autoprops.py" line="296" name="test_autoprops_enforce_validate" time="0.01302647590637207"><system-out>Set surface to 12
Set surface to 0.1
</system-out></testcase><testcase classname="autoclass.tests.test_autoprops" file="autoclass/tests/test_autoprops.py" line="305" name="test_autoprops_enforce_default" time="0.006613969802856445"></testcase><testcase classname="autoclass.tests.test_packaging" file="autoclass/tests/test_packaging.py" line="1" name="test_named_import" time="0.0017704963684082031"></testcase><testcase classname="autoclass.tests.test_packaging" file="autoclass/tests/test_packaging.py" line="6" name="test_import_from" time="0.0017740726470947266"></testcase><testcase classname="autoclass.tests.test_packaging_wild" file="autoclass/tests/test_packaging_wild.py" line="3" name="test_wild_import" time="0.0018229484558105469"></testcase><testcase classname="autoclass.tests.test_readme_index" file="autoclass/tests/test_readme_index.py" line="15" name="test_readme_index_basic" time="0.0068531036376953125"></testcase><testcase classname="autoclass.tests.test_readme_index" file="autoclass/tests/test_readme_index.py" line="30" name="test_readme_index_basic2" time="0.0056879520416259766"></testcase><testcase classname="autoclass.tests.test_readme_index" file="autoclass/tests/test_readme_index.py" line="56" name="test_readme_enforce_simple" time="0.008190155029296875"></testcase><testcase classname="autoclass.tests.test_readme_index" file="autoclass/tests/test_readme_index.py" line="65" name="test_readme_index_pytypes_simple" time="0.015299558639526367"></testcase><testcase classname="autoclass.tests.test_readme_index" file="autoclass/tests/test_readme_index.py" line="73" name="test_readme_index_valid8_simple" time="0.010614871978759766"></testcase><testcase classname="autoclass.tests.test_readme_index" file="autoclass/tests/test_readme_index.py" line="104" name="test_readme_index_enforce_valid8" time="0.011780023574829102"></testcase><testcase classname="autoclass.tests.test_readme_index" file="autoclass/tests/test_readme_index.py" line="113" name="test_readme_pycontracts_simple" time="0.026582717895507812"></testcase><testcase classname="autoclass.tests.test_readme_index" file="autoclass/tests/test_readme_index.py" line="135" name="test_readme_old_way" time="0.002239227294921875"></testcase><testcase classname="autoclass.tests.test_readme_index" file="autoclass/tests/test_readme_index.py" line="204" name="test_readme_pycontracts_complex" time="0.041085004806518555"></testcase><testcase classname="autoclass.tests.test_readme_index" file="autoclass/tests/test_readme_index.py" line="240" name="test_readme_pytypes_validate_complex" time="0.0015368461608886719"><skipped message="open bug in pytypes https://github.com/Stewori/pytypes/issues/19" type="pytest.skip">autoclass/tests/test_readme_index.py:240: open bug in pytypes https://github.com/Stewori/pytypes/issues/19</skipped></testcase><testcase classname="autoclass.tests.test_readme_usage" file="autoclass/tests/test_readme_usage.py" line="14" name="test_readme_usage_autoprops_validate" time="0.006562232971191406"></testcase><testcase classname="autoclass.tests.test_readme_usage" file="autoclass/tests/test_readme_usage.py" line="35" name="test_readme_usage_autodict_1" time="0.005672931671142578"></testcase><testcase classname="autoclass.tests.test_readme_usage" file="autoclass/tests/test_readme_usage.py" line="80" name="test_readme_usage_autodict_2" time="0.00461578369140625"></testcase><testcase classname="autoclass.tests.test_readme_usage" file="autoclass/tests/test_readme_usage.py" line="99" name="test_readme_usage_autodict_3" time="0.00555729866027832"></testcase><testcase classname="autoclass.tests.test_readme_usage" file="autoclass/tests/test_readme_usage.py" line="121" name="test_readme_usage_autohash_1" time="0.002123594284057617"></testcase><testcase classname="autoclass.tests.test_readme_usage" file="autoclass/tests/test_readme_usage.py" line="148" name="test_readme_usage_autohash_2" time="0.0034215450286865234"></testcase><testcase classname="autoclass.tests.test_readme_usage" file="autoclass/tests/test_readme_usage.py" line="171" name="test_readme_usage_autoclass" time="0.016264677047729492"></testcase><testcase classname="autoclass.tests.test_readme_usage" file="autoclass/tests/test_readme_usage.py" line="179" name="test_readme_usage_autoclass_custom" time="0.011214733123779297"></testcase></testsuite>