<?xml version="1.0" encoding="utf-8"?><testsuite errors="0" failures="2" name="pytest" skips="2" tests="56" time="1.857"><testcase classname="autoclass.tests.test_autoargs" file="autoclass/tests/test_autoargs.py" line="4" name="test_autoargs_simple" time="0.0040776729583740234"></testcase><testcase classname="autoclass.tests.test_autoargs" file="autoclass/tests/test_autoargs.py" line="21" name="test_autoargs_signature_preserving" time="0.0025146007537841797"></testcase><testcase classname="autoclass.tests.test_autoargs" file="autoclass/tests/test_autoargs.py" line="35" name="test_autoargs_varargs" time="0.0025742053985595703"></testcase><testcase classname="autoclass.tests.test_autoargs" file="autoclass/tests/test_autoargs.py" line="57" name="test_autoargs_varargs_kwvarargs" time="0.00262451171875"></testcase><testcase classname="autoclass.tests.test_autoargs" file="autoclass/tests/test_autoargs.py" line="83" name="test_autoargs_noarg" time="0.0020294189453125"></testcase><testcase classname="autoclass.tests.test_autoargs" file="autoclass/tests/test_autoargs.py" line="100" name="test_autoargs_include" time="0.0025725364685058594"></testcase><testcase classname="autoclass.tests.test_autoargs" file="autoclass/tests/test_autoargs.py" line="120" name="test_autoargs_exclude" time="0.0033750534057617188"></testcase><testcase classname="autoclass.tests.test_autoargs" file="autoclass/tests/test_autoargs.py" line="142" name="test_autoargs_include_exclude" time="0.0019197463989257812"></testcase><testcase classname="autoclass.tests.test_autoargs" file="autoclass/tests/test_autoargs.py" line="151" name="test_autoargs_include_exclude_typos" time="0.002291440963745117"></testcase><testcase classname="autoclass.tests.test_autoargs" file="autoclass/tests/test_autoargs.py" line="179" name="test_autoargs_no_double_set_default" time="0.0026018619537353516"></testcase><testcase classname="autoclass.tests.test_autoclass" file="autoclass/tests/test_autoclass.py" line="7" name="test_autoclass_enforce_validate_not_reversed" time="0.029061555862426758"><system-out>Set surface to 12
</system-out></testcase><testcase classname="autoclass.tests.test_autoclass" file="autoclass/tests/test_autoclass.py" line="30" name="test_autoclass_enforce_validate_reversed" time="0.0035293102264404297"></testcase><testcase classname="autoclass.tests.test_autoclass" file="autoclass/tests/test_autoclass.py" line="54" name="test_readme_pytypes" time="0.04910564422607422"></testcase><testcase classname="autoclass.tests.test_autoclass" file="autoclass/tests/test_autoclass.py" line="93" name="test_readme_enforce" time="0.010341882705688477"></testcase><testcase classname="autoclass.tests.test_autoclass" file="autoclass/tests/test_autoclass.py" line="136" name="test_autoclass_inheritance" time="0.007662773132324219"></testcase><testcase classname="autoclass.tests.test_autodict" file="autoclass/tests/test_autodict.py" line="6" name="test_autodict[only_constructor_args-only_public]" time="0.00501704216003418"></testcase><testcase classname="autoclass.tests.test_autodict" file="autoclass/tests/test_autodict.py" line="6" name="test_autodict[only_constructor_args-including class-private dunder fields]" time="0.005099058151245117"></testcase><testcase classname="autoclass.tests.test_autodict" file="autoclass/tests/test_autodict.py" line="6" name="test_autodict[all_obj_fields-only_public]" time="0.003465890884399414"></testcase><testcase classname="autoclass.tests.test_autodict" file="autoclass/tests/test_autodict.py" line="6" name="test_autodict[all_obj_fields-including class-private dunder fields]" time="0.003571748733520508"></testcase><testcase classname="autoclass.tests.test_autohash" file="autoclass/tests/test_autohash.py" line="8" name="test_autohash[only_constructor_args-only_public]" time="0.0033414363861083984"></testcase><testcase classname="autoclass.tests.test_autohash" file="autoclass/tests/test_autohash.py" line="8" name="test_autohash[only_constructor_args-including class-private dunder fields]" time="0.0031495094299316406"></testcase><testcase classname="autoclass.tests.test_autohash" file="autoclass/tests/test_autohash.py" line="8" name="test_autohash[all_obj_fields-only_public]" time="0.0032639503479003906"></testcase><testcase classname="autoclass.tests.test_autohash" file="autoclass/tests/test_autohash.py" line="8" name="test_autohash[all_obj_fields-including class-private dunder fields]" time="0.0033521652221679688"></testcase><testcase classname="autoclass.tests.test_autohash" file="autoclass/tests/test_autohash.py" line="80" name="test_autohash_exclude" time="0.0018510818481445312"><skipped message="Currently the test does not work, see https://github.com/smarie/python-autoclass/issues/21" type="pytest.skip">autoclass/tests/test_autohash.py:80: &lt;py._xmlgen.raw object at 0x7f281a8b70b8&gt;</skipped></testcase><testcase classname="autoclass.tests.test_autoprops" file="autoclass/tests/test_autoprops.py" line="8" name="test_autoprops_no_contract" time="0.003476858139038086"></testcase><testcase classname="autoclass.tests.test_autoprops" file="autoclass/tests/test_autoprops.py" line="27" name="test_autoprops_pycontracts" time="0.3629875183105469"></testcase><testcase classname="autoclass.tests.test_autoprops" file="autoclass/tests/test_autoprops.py" line="55" name="test_autoprops_include" time="0.0050623416900634766"></testcase><testcase classname="autoclass.tests.test_autoprops" file="autoclass/tests/test_autoprops.py" line="78" name="test_autoprops_exclude" time="0.004167795181274414"></testcase><testcase classname="autoclass.tests.test_autoprops" file="autoclass/tests/test_autoprops.py" line="101" name="test_autoprops_include_exclude" time="0.001991748809814453"></testcase><testcase classname="autoclass.tests.test_autoprops" file="autoclass/tests/test_autoprops.py" line="111" name="test_autoprops_override" time="0.01163792610168457"><system-out>Property &apos;b&apos; was set to &apos;[&apos;pie&apos;, &apos;pie2&apos;]&apos;
a is being read. Its value is &apos;rhubarb&apos;
Property &apos;b&apos; was set to &apos;[&apos;eh&apos;, &apos;oh&apos;]&apos;
</system-out></testcase><testcase classname="autoclass.tests.test_autoprops" file="autoclass/tests/test_autoprops.py" line="156" name="test_autoprops_override_exceptions" time="0.0044972896575927734"></testcase><testcase classname="autoclass.tests.test_autoprops" file="autoclass/tests/test_autoprops.py" line="201" name="test_autoprops_manual" time="0.006170511245727539"></testcase><testcase classname="autoclass.tests.test_autoprops" file="autoclass/tests/test_autoprops.py" line="230" name="test_autoprops_signature_preserving" time="0.004092693328857422"></testcase><testcase classname="autoclass.tests.test_autoprops" file="autoclass/tests/test_autoprops.py" line="252" name="test_autoprops_enforce_validate" time="0.011350393295288086"><system-out>Set surface to 12
Set surface to 0.1
</system-out></testcase><testcase classname="autoclass.tests.test_autoprops" file="autoclass/tests/test_autoprops.py" line="303" name="test_autoprops_enforce_default" time="0.0064220428466796875"></testcase><testcase classname="autoclass.tests.test_packaging" file="autoclass/tests/test_packaging.py" line="1" name="test_named_import" time="0.0018620491027832031"></testcase><testcase classname="autoclass.tests.test_packaging" file="autoclass/tests/test_packaging.py" line="6" name="test_import_from" time="0.0015292167663574219"></testcase><testcase classname="autoclass.tests.test_packaging_wild" file="autoclass/tests/test_packaging_wild.py" line="3" name="test_wild_import" time="0.0018353462219238281"></testcase><testcase classname="autoclass.tests.test_readme_index" file="autoclass/tests/test_readme_index.py" line="5" name="test_readme_index_basic" time="0.005548000335693359"></testcase><testcase classname="autoclass.tests.test_readme_index" file="autoclass/tests/test_readme_index.py" line="22" name="test_readme_index_basic2" time="0.004549264907836914"></testcase><testcase classname="autoclass.tests.test_readme_index" file="autoclass/tests/test_readme_index.py" line="50" name="test_readme_enforce_simple" time="0.008835792541503906"></testcase><testcase classname="autoclass.tests.test_readme_index" file="autoclass/tests/test_readme_index.py" line="75" name="test_readme_index_pytypes_simple" time="0.016945600509643555"></testcase><testcase classname="autoclass.tests.test_readme_index" file="autoclass/tests/test_readme_index.py" line="98" name="test_readme_index_valid8_simple" time="0.0044155120849609375"><failure message="ImportError: No module named &apos;mini_lambda&apos;">def test_readme_index_valid8_simple():
        &quot;&quot;&quot; Example in the doc with valid8 &quot;&quot;&quot;
    
        from autoclass import autoclass
&gt;       from mini_lambda import s, x, l, Len
E       ImportError: No module named &apos;mini_lambda&apos;

autoclass/tests/test_readme_index.py:103: ImportError</failure></testcase><testcase classname="autoclass.tests.test_readme_index" file="autoclass/tests/test_readme_index.py" line="131" name="test_readme_index_enforce_valid8" time="0.003288745880126953"><failure message="ImportError: No module named &apos;mini_lambda&apos;">def test_readme_index_enforce_valid8():
        &quot;&quot;&quot; Makes sure that the code in the documentation page is correct for the enforce + valid8 example &quot;&quot;&quot;
    
        from autoclass import autoclass
    
        # Imports - for type validation
        from numbers import Integral
        from enforce import runtime_validation, config
        config(dict(mode=&apos;covariant&apos;))  # type validation will accept subclasses too
    
        # Imports - for value validation
&gt;       from mini_lambda import s, x, Len
E       ImportError: No module named &apos;mini_lambda&apos;

autoclass/tests/test_readme_index.py:143: ImportError</failure></testcase><testcase classname="autoclass.tests.test_readme_index" file="autoclass/tests/test_readme_index.py" line="171" name="test_readme_pycontracts_simple" time="0.030785083770751953"></testcase><testcase classname="autoclass.tests.test_readme_index" file="autoclass/tests/test_readme_index.py" line="194" name="test_readme_old_way" time="0.002348184585571289"></testcase><testcase classname="autoclass.tests.test_readme_index" file="autoclass/tests/test_readme_index.py" line="256" name="test_readme_pycontracts_complex" time="0.049820899963378906"></testcase><testcase classname="autoclass.tests.test_readme_index" file="autoclass/tests/test_readme_index.py" line="291" name="test_readme_pytypes_validate_complex" time="0.0008766651153564453"><skipped message="open bug in pytypes https://github.com/Stewori/pytypes/issues/19" type="pytest.skip">autoclass/tests/test_readme_index.py:291: &lt;py._xmlgen.raw object at 0x7f281216a4a8&gt;</skipped></testcase><testcase classname="autoclass.tests.test_readme_usage" file="autoclass/tests/test_readme_usage.py" line="6" name="test_readme_usage_autoprops_validate" time="0.004588603973388672"></testcase><testcase classname="autoclass.tests.test_readme_usage" file="autoclass/tests/test_readme_usage.py" line="25" name="test_readme_usage_autodict_1" time="0.004594087600708008"></testcase><testcase classname="autoclass.tests.test_readme_usage" file="autoclass/tests/test_readme_usage.py" line="64" name="test_readme_usage_autodict_2" time="0.003778219223022461"></testcase><testcase classname="autoclass.tests.test_readme_usage" file="autoclass/tests/test_readme_usage.py" line="80" name="test_readme_usage_autodict_3" time="0.0032219886779785156"></testcase><testcase classname="autoclass.tests.test_readme_usage" file="autoclass/tests/test_readme_usage.py" line="99" name="test_readme_usage_autohash_1" time="0.002196073532104492"></testcase><testcase classname="autoclass.tests.test_readme_usage" file="autoclass/tests/test_readme_usage.py" line="123" name="test_readme_usage_autohash_2" time="0.0033822059631347656"></testcase><testcase classname="autoclass.tests.test_readme_usage" file="autoclass/tests/test_readme_usage.py" line="143" name="test_readme_usage_autoclass" time="0.017916202545166016"></testcase><testcase classname="autoclass.tests.test_readme_usage" file="autoclass/tests/test_readme_usage.py" line="178" name="test_readme_usage_autoclass_custom" time="0.011559724807739258"></testcase></testsuite>