<?xml version="1.0" encoding="utf-8"?><testsuite errors="0" failures="0" name="pytest" skips="1" tests="56" time="1.056"><testcase classname="autoclass.tests.test_autoargs" file="autoclass/tests/test_autoargs.py" line="6" name="test_autoargs_simple" time="0.00570988655090332"></testcase><testcase classname="autoclass.tests.test_autoargs" file="autoclass/tests/test_autoargs.py" line="23" name="test_autoargs_signature_preserving" time="0.0019054412841796875"></testcase><testcase classname="autoclass.tests.test_autoargs" file="autoclass/tests/test_autoargs.py" line="40" name="test_autoargs_varargs" time="0.001909494400024414"></testcase><testcase classname="autoclass.tests.test_autoargs" file="autoclass/tests/test_autoargs.py" line="62" name="test_autoargs_varargs_kwvarargs" time="0.0020368099212646484"></testcase><testcase classname="autoclass.tests.test_autoargs" file="autoclass/tests/test_autoargs.py" line="88" name="test_autoargs_noarg" time="0.0018928050994873047"></testcase><testcase classname="autoclass.tests.test_autoargs" file="autoclass/tests/test_autoargs.py" line="105" name="test_autoargs_include" time="0.002125978469848633"></testcase><testcase classname="autoclass.tests.test_autoargs" file="autoclass/tests/test_autoargs.py" line="125" name="test_autoargs_exclude" time="0.0020797252655029297"></testcase><testcase classname="autoclass.tests.test_autoargs" file="autoclass/tests/test_autoargs.py" line="147" name="test_autoargs_include_exclude" time="0.0017688274383544922"></testcase><testcase classname="autoclass.tests.test_autoargs" file="autoclass/tests/test_autoargs.py" line="156" name="test_autoargs_include_exclude_typos" time="0.0018124580383300781"></testcase><testcase classname="autoclass.tests.test_autoargs" file="autoclass/tests/test_autoargs.py" line="184" name="test_autoargs_no_double_set_default" time="0.002012491226196289"></testcase><testcase classname="autoclass.tests.test_autoclass" file="autoclass/tests/test_autoclass.py" line="6" name="test_autoclass_enforce_validate_not_reversed" time="0.024649381637573242"><system-out>Set surface to 12
</system-out></testcase><testcase classname="autoclass.tests.test_autoclass" file="autoclass/tests/test_autoclass.py" line="15" name="test_autoclass_enforce_validate_reversed" time="0.0025730133056640625"></testcase><testcase classname="autoclass.tests.test_autoclass" file="autoclass/tests/test_autoclass.py" line="24" name="test_readme_pytypes" time="0.03342771530151367"></testcase><testcase classname="autoclass.tests.test_autoclass" file="autoclass/tests/test_autoclass.py" line="32" name="test_readme_enforce" time="0.0077402591705322266"></testcase><testcase classname="autoclass.tests.test_autoclass" file="autoclass/tests/test_autoclass.py" line="41" name="test_autoclass_inheritance" time="0.0055599212646484375"></testcase><testcase classname="autoclass.tests.test_autodict" file="autoclass/tests/test_autodict.py" line="10" name="test_autodict[only_constructor_args-only_public]" time="0.0026290416717529297"></testcase><testcase classname="autoclass.tests.test_autodict" file="autoclass/tests/test_autodict.py" line="10" name="test_autodict[only_constructor_args-including class-private dunder fields]" time="0.0030155181884765625"></testcase><testcase classname="autoclass.tests.test_autodict" file="autoclass/tests/test_autodict.py" line="10" name="test_autodict[all_obj_fields-only_public]" time="0.0030362606048583984"></testcase><testcase classname="autoclass.tests.test_autodict" file="autoclass/tests/test_autodict.py" line="10" name="test_autodict[all_obj_fields-including class-private dunder fields]" time="0.002644777297973633"></testcase><testcase classname="autoclass.tests.test_autohash" file="autoclass/tests/test_autohash.py" line="11" name="test_autohash[only_constructor_args-only_public]" time="0.0018835067749023438"></testcase><testcase classname="autoclass.tests.test_autohash" file="autoclass/tests/test_autohash.py" line="11" name="test_autohash[only_constructor_args-including class-private dunder fields]" time="0.0020987987518310547"></testcase><testcase classname="autoclass.tests.test_autohash" file="autoclass/tests/test_autohash.py" line="11" name="test_autohash[all_obj_fields-only_public]" time="0.002012491226196289"></testcase><testcase classname="autoclass.tests.test_autohash" file="autoclass/tests/test_autohash.py" line="11" name="test_autohash[all_obj_fields-including class-private dunder fields]" time="0.002012014389038086"></testcase><testcase classname="autoclass.tests.test_autohash" file="autoclass/tests/test_autohash.py" line="86" name="test_autohash_exclude" time="0.006592273712158203"></testcase><testcase classname="autoclass.tests.test_autoprops" file="autoclass/tests/test_autoprops.py" line="12" name="test_autoprops_no_contract" time="0.0026144981384277344"></testcase><testcase classname="autoclass.tests.test_autoprops" file="autoclass/tests/test_autoprops.py" line="34" name="test_autoprops_pycontracts" time="0.324293851852417"></testcase><testcase classname="autoclass.tests.test_autoprops" file="autoclass/tests/test_autoprops.py" line="65" name="test_autoprops_include" time="0.00391697883605957"></testcase><testcase classname="autoclass.tests.test_autoprops" file="autoclass/tests/test_autoprops.py" line="91" name="test_autoprops_exclude" time="0.0034334659576416016"></testcase><testcase classname="autoclass.tests.test_autoprops" file="autoclass/tests/test_autoprops.py" line="117" name="test_autoprops_include_exclude" time="0.001323699951171875"></testcase><testcase classname="autoclass.tests.test_autoprops" file="autoclass/tests/test_autoprops.py" line="127" name="test_autoprops_override" time="0.014348745346069336"><system-out>Property &apos;b&apos; was set to &apos;[&apos;pie&apos;, &apos;pie2&apos;]&apos;
a is being read. Its value is &apos;rhubarb&apos;
Property &apos;b&apos; was set to &apos;[&apos;eh&apos;, &apos;oh&apos;]&apos;
</system-out></testcase><testcase classname="autoclass.tests.test_autoprops" file="autoclass/tests/test_autoprops.py" line="177" name="test_autoprops_override_exceptions" time="0.0043218135833740234"></testcase><testcase classname="autoclass.tests.test_autoprops" file="autoclass/tests/test_autoprops.py" line="234" name="test_autoprops_manual" time="0.0045926570892333984"></testcase><testcase classname="autoclass.tests.test_autoprops" file="autoclass/tests/test_autoprops.py" line="266" name="test_autoprops_signature_preserving" time="0.002543926239013672"></testcase><testcase classname="autoclass.tests.test_autoprops" file="autoclass/tests/test_autoprops.py" line="296" name="test_autoprops_enforce_validate" time="0.010117530822753906"><system-out>Set surface to 12
Set surface to 0.1
</system-out></testcase><testcase classname="autoclass.tests.test_autoprops" file="autoclass/tests/test_autoprops.py" line="305" name="test_autoprops_enforce_default" time="0.003965139389038086"></testcase><testcase classname="autoclass.tests.test_packaging" file="autoclass/tests/test_packaging.py" line="1" name="test_named_import" time="0.0010807514190673828"></testcase><testcase classname="autoclass.tests.test_packaging" file="autoclass/tests/test_packaging.py" line="6" name="test_import_from" time="0.0009975433349609375"></testcase><testcase classname="autoclass.tests.test_packaging_wild" file="autoclass/tests/test_packaging_wild.py" line="3" name="test_wild_import" time="0.001219034194946289"></testcase><testcase classname="autoclass.tests.test_readme_index" file="autoclass/tests/test_readme_index.py" line="16" name="test_readme_index_basic" time="0.0035021305084228516"></testcase><testcase classname="autoclass.tests.test_readme_index" file="autoclass/tests/test_readme_index.py" line="31" name="test_readme_index_basic2" time="0.003110647201538086"></testcase><testcase classname="autoclass.tests.test_readme_index" file="autoclass/tests/test_readme_index.py" line="57" name="test_readme_enforce_simple" time="0.0057828426361083984"></testcase><testcase classname="autoclass.tests.test_readme_index" file="autoclass/tests/test_readme_index.py" line="66" name="test_readme_index_pytypes_simple" time="0.011456966400146484"></testcase><testcase classname="autoclass.tests.test_readme_index" file="autoclass/tests/test_readme_index.py" line="74" name="test_readme_index_valid8_simple" time="0.005671501159667969"></testcase><testcase classname="autoclass.tests.test_readme_index" file="autoclass/tests/test_readme_index.py" line="105" name="test_readme_index_enforce_valid8" time="0.009835481643676758"></testcase><testcase classname="autoclass.tests.test_readme_index" file="autoclass/tests/test_readme_index.py" line="114" name="test_readme_pycontracts_simple" time="0.023669004440307617"></testcase><testcase classname="autoclass.tests.test_readme_index" file="autoclass/tests/test_readme_index.py" line="136" name="test_readme_old_way" time="0.0013148784637451172"></testcase><testcase classname="autoclass.tests.test_readme_index" file="autoclass/tests/test_readme_index.py" line="205" name="test_readme_pycontracts_complex" time="0.034218549728393555"></testcase><testcase classname="autoclass.tests.test_readme_index" file="autoclass/tests/test_readme_index.py" line="241" name="test_readme_pytypes_validate_complex" time="0.0006175041198730469"><skipped message="open bug in pytypes https://github.com/Stewori/pytypes/issues/19" type="pytest.skip">autoclass/tests/test_readme_index.py:241: open bug in pytypes https://github.com/Stewori/pytypes/issues/19</skipped></testcase><testcase classname="autoclass.tests.test_readme_usage" file="autoclass/tests/test_readme_usage.py" line="15" name="test_readme_usage_autoprops_validate" time="0.003343343734741211"></testcase><testcase classname="autoclass.tests.test_readme_usage" file="autoclass/tests/test_readme_usage.py" line="36" name="test_readme_usage_autodict_1" time="0.0031599998474121094"></testcase><testcase classname="autoclass.tests.test_readme_usage" file="autoclass/tests/test_readme_usage.py" line="81" name="test_readme_usage_autodict_2" time="0.0022878646850585938"></testcase><testcase classname="autoclass.tests.test_readme_usage" file="autoclass/tests/test_readme_usage.py" line="100" name="test_readme_usage_autodict_3" time="0.002213001251220703"></testcase><testcase classname="autoclass.tests.test_readme_usage" file="autoclass/tests/test_readme_usage.py" line="122" name="test_readme_usage_autohash_1" time="0.0013782978057861328"></testcase><testcase classname="autoclass.tests.test_readme_usage" file="autoclass/tests/test_readme_usage.py" line="149" name="test_readme_usage_autohash_2" time="0.0019228458404541016"></testcase><testcase classname="autoclass.tests.test_readme_usage" file="autoclass/tests/test_readme_usage.py" line="172" name="test_readme_usage_autoclass" time="0.012300252914428711"></testcase><testcase classname="autoclass.tests.test_readme_usage" file="autoclass/tests/test_readme_usage.py" line="180" name="test_readme_usage_autoclass_custom" time="0.010574817657470703"></testcase></testsuite>