<?xml version="1.0" encoding="utf-8"?><testsuite errors="0" failures="0" name="pytest" skips="0" tests="32" time="0.958"><testcase classname="autoclass.tests.test_autocode_cl.TestAutoArgs" file="autoclass/tests/test_autocode_cl.py" line="116" name="test_autoargs_exclude" time="0.0025539398193359375"></testcase><testcase classname="autoclass.tests.test_autocode_cl.TestAutoArgs" file="autoclass/tests/test_autocode_cl.py" line="97" name="test_autoargs_include" time="0.0020406246185302734"></testcase><testcase classname="autoclass.tests.test_autocode_cl.TestAutoArgs" file="autoclass/tests/test_autocode_cl.py" line="137" name="test_autoargs_include_exclude" time="0.0009975433349609375"></testcase><testcase classname="autoclass.tests.test_autocode_cl.TestAutoArgs" file="autoclass/tests/test_autocode_cl.py" line="145" name="test_autoargs_include_exclude_typos" time="0.001712799072265625"></testcase><testcase classname="autoclass.tests.test_autocode_cl.TestAutoArgs" file="autoclass/tests/test_autocode_cl.py" line="81" name="test_autoargs_noarg" time="0.0027871131896972656"></testcase><testcase classname="autoclass.tests.test_autocode_cl.TestAutoArgs" file="autoclass/tests/test_autocode_cl.py" line="26" name="test_autoargs_signature_preserving" time="0.0011975765228271484"></testcase><testcase classname="autoclass.tests.test_autocode_cl.TestAutoArgs" file="autoclass/tests/test_autocode_cl.py" line="10" name="test_autoargs_simple" time="0.002230405807495117"></testcase><testcase classname="autoclass.tests.test_autocode_cl.TestAutoArgs" file="autoclass/tests/test_autocode_cl.py" line="38" name="test_autoargs_varargs" time="0.0014562606811523438"></testcase><testcase classname="autoclass.tests.test_autocode_cl.TestAutoArgs" file="autoclass/tests/test_autocode_cl.py" line="58" name="test_autoargs_varargs_kwvarargs" time="0.003304004669189453"></testcase><testcase classname="autoclass.tests.test_autocode_cl.TestAutoProps" file="autoclass/tests/test_autocode_cl.py" line="417" name="test_autoprops_enforce_validate" time="0.032453298568725586"><system-out>Set surface to 12
Set surface to 0.1
</system-out></testcase><testcase classname="autoclass.tests.test_autocode_cl.TestAutoProps" file="autoclass/tests/test_autocode_cl.py" line="246" name="test_autoprops_exclude" time="0.26672887802124023"></testcase><testcase classname="autoclass.tests.test_autocode_cl.TestAutoProps" file="autoclass/tests/test_autocode_cl.py" line="222" name="test_autoprops_include" time="0.00645899772644043"></testcase><testcase classname="autoclass.tests.test_autocode_cl.TestAutoProps" file="autoclass/tests/test_autocode_cl.py" line="269" name="test_autoprops_include_exclude" time="0.0010271072387695312"></testcase><testcase classname="autoclass.tests.test_autocode_cl.TestAutoProps" file="autoclass/tests/test_autocode_cl.py" line="368" name="test_autoprops_manual" time="0.005219936370849609"></testcase><testcase classname="autoclass.tests.test_autocode_cl.TestAutoProps" file="autoclass/tests/test_autocode_cl.py" line="175" name="test_autoprops_no_contract" time="0.003274679183959961"></testcase><testcase classname="autoclass.tests.test_autocode_cl.TestAutoProps" file="autoclass/tests/test_autocode_cl.py" line="278" name="test_autoprops_override" time="0.013571977615356445"><system-out>Property &apos;b&apos; was set to &apos;[&apos;pie&apos;, &apos;pie2&apos;]&apos;
a is being read. Its value is &apos;rhubarb&apos;
Property &apos;b&apos; was set to &apos;[&apos;eh&apos;, &apos;oh&apos;]&apos;
</system-out></testcase><testcase classname="autoclass.tests.test_autocode_cl.TestAutoProps" file="autoclass/tests/test_autocode_cl.py" line="324" name="test_autoprops_override_exceptions" time="0.004619121551513672"></testcase><testcase classname="autoclass.tests.test_autocode_cl.TestAutoProps" file="autoclass/tests/test_autocode_cl.py" line="194" name="test_autoprops_pycontracts" time="0.0050661563873291016"></testcase><testcase classname="autoclass.tests.test_autocode_cl.TestAutoProps" file="autoclass/tests/test_autocode_cl.py" line="396" name="test_autoprops_signature_preserving" time="0.0020160675048828125"></testcase><testcase classname="autoclass.tests.test_autocode_cl.TestReadMe" file="autoclass/tests/test_autocode_cl.py" line="567" name="test_readme_enforce" time="0.012907266616821289"></testcase><testcase classname="autoclass.tests.test_autocode_cl.TestReadMe" file="autoclass/tests/test_autocode_cl.py" line="609" name="test_readme_enforce_validate" time="0.013081550598144531"><system-out>Set surface to 12
</system-out></testcase><testcase classname="autoclass.tests.test_autocode_cl.TestReadMe" file="autoclass/tests/test_autocode_cl.py" line="473" name="test_readme_old_way" time="0.0011899471282958984"></testcase><testcase classname="autoclass.tests.test_autocode_cl.TestReadMe" file="autoclass/tests/test_autocode_cl.py" line="533" name="test_readme_pycontracts" time="0.03573036193847656"></testcase><testcase classname="autoclass.tests.test_autocode_cl.TestReadMe" file="autoclass/tests/test_autocode_cl.py" line="657" name="test_readme_usage_autoprops_validate" time="0.004121541976928711"></testcase><testcase classname="autoclass.tests.test_validate.TestValidate" file="autoclass/tests/test_validate.py" line="30" name="test_validate_custom" time="0.002071380615234375"><system-out>hello
</system-out></testcase><testcase classname="autoclass.tests.test_validate.TestValidate" file="autoclass/tests/test_validate.py" line="70" name="test_validate_enforce" time="0.002979755401611328"><system-out>hello
</system-out></testcase><testcase classname="autoclass.tests.test_validate.TestValidate" file="autoclass/tests/test_validate.py" line="86" name="test_validate_name_error" time="0.00287628173828125"></testcase><testcase classname="autoclass.tests.test_validate.TestValidate" file="autoclass/tests/test_validate.py" line="93" name="test_validate_none_is_allowed" time="0.001783609390258789"><system-out>hello
hello
</system-out></testcase><testcase classname="autoclass.tests.test_validate.TestValidate" file="autoclass/tests/test_validate.py" line="102" name="test_validate_not" time="0.0013933181762695312"><system-out>hello
</system-out></testcase><testcase classname="autoclass.tests.test_validate.TestValidate" file="autoclass/tests/test_validate.py" line="118" name="test_validate_or" time="0.0022068023681640625"><system-out>hello
hello
hello
</system-out></testcase><testcase classname="autoclass.tests.test_validate.TestValidate" file="autoclass/tests/test_validate.py" line="7" name="test_validate_simple" time="0.002153158187866211"><system-out>hello
</system-out></testcase><testcase classname="autoclass.tests.test_validate.TestValidate" file="autoclass/tests/test_validate.py" line="136" name="test_validate_xor" time="0.0018739700317382812"><system-out>hello
hello
</system-out></testcase></testsuite>