<?xml version="1.0" encoding="utf-8"?><testsuite errors="0" failures="0" name="pytest" skips="9" tests="83" time="1.370"><testcase classname="autoclass.tests.doc.test_autoclass_readme" file="autoclass/tests/doc/test_autoclass_readme.py" line="8" name="test_readme_pytypes" time="0.029078960418701172"></testcase><testcase classname="autoclass.tests.doc.test_autoclass_readme" file="autoclass/tests/doc/test_autoclass_readme.py" line="16" name="test_readme_enforce" time="0.024127483367919922"></testcase><testcase classname="autoclass.tests.doc.test_readme_index" file="autoclass/tests/doc/test_readme_index.py" line="16" name="test_readme_index_pyfields" time="0.005136966705322266"></testcase><testcase classname="autoclass.tests.doc.test_readme_index" file="autoclass/tests/doc/test_readme_index.py" line="33" name="test_readme_index_basic" time="0.004122734069824219"></testcase><testcase classname="autoclass.tests.doc.test_readme_index" file="autoclass/tests/doc/test_readme_index.py" line="48" name="test_readme_index_basic2" time="0.004492521286010742"></testcase><testcase classname="autoclass.tests.doc.test_readme_index" file="autoclass/tests/doc/test_readme_index.py" line="74" name="test_readme_enforce_simple" time="0.0067560672760009766"></testcase><testcase classname="autoclass.tests.doc.test_readme_index" file="autoclass/tests/doc/test_readme_index.py" line="83" name="test_readme_index_pytypes_simple" time="0.012288331985473633"></testcase><testcase classname="autoclass.tests.doc.test_readme_index" file="autoclass/tests/doc/test_readme_index.py" line="91" name="test_readme_index_valid8_simple" time="0.0066602230072021484"></testcase><testcase classname="autoclass.tests.doc.test_readme_index" file="autoclass/tests/doc/test_readme_index.py" line="122" name="test_readme_index_enforce_valid8" time="0.010765552520751953"></testcase><testcase classname="autoclass.tests.doc.test_readme_index" file="autoclass/tests/doc/test_readme_index.py" line="131" name="test_readme_pycontracts_simple" time="0.34267258644104004"></testcase><testcase classname="autoclass.tests.doc.test_readme_index" file="autoclass/tests/doc/test_readme_index.py" line="153" name="test_readme_old_way" time="0.0015058517456054688"></testcase><testcase classname="autoclass.tests.doc.test_readme_index" file="autoclass/tests/doc/test_readme_index.py" line="222" name="test_readme_pycontracts_complex" time="0.037689208984375"></testcase><testcase classname="autoclass.tests.doc.test_readme_index" file="autoclass/tests/doc/test_readme_index.py" line="258" name="test_readme_pytypes_validate_complex" time="0.001239776611328125"><skipped message="open bug in pytypes https://github.com/Stewori/pytypes/issues/19" type="pytest.skip">autoclass/tests/doc/test_readme_index.py:258: open bug in pytypes https://github.com/Stewori/pytypes/issues/19</skipped></testcase><testcase classname="autoclass.tests.doc.test_readme_usage" file="autoclass/tests/doc/test_readme_usage.py" line="15" name="test_readme_usage_autoprops_validate" time="0.006013393402099609"></testcase><testcase classname="autoclass.tests.doc.test_readme_usage" file="autoclass/tests/doc/test_readme_usage.py" line="36" name="test_readme_usage_autodict_1" time="0.0038123130798339844"></testcase><testcase classname="autoclass.tests.doc.test_readme_usage" file="autoclass/tests/doc/test_readme_usage.py" line="81" name="test_readme_usage_autodict_2" time="0.003981351852416992"></testcase><testcase classname="autoclass.tests.doc.test_readme_usage" file="autoclass/tests/doc/test_readme_usage.py" line="100" name="test_readme_usage_autodict_3" time="0.004166841506958008"></testcase><testcase classname="autoclass.tests.doc.test_readme_usage" file="autoclass/tests/doc/test_readme_usage.py" line="122" name="test_readme_usage_autodict_4" time="0.004632472991943359"></testcase><testcase classname="autoclass.tests.doc.test_readme_usage" file="autoclass/tests/doc/test_readme_usage.py" line="145" name="test_readme_usage_autohash_1" time="0.0017116069793701172"></testcase><testcase classname="autoclass.tests.doc.test_readme_usage" file="autoclass/tests/doc/test_readme_usage.py" line="172" name="test_readme_usage_autohash_2" time="0.0027272701263427734"></testcase><testcase classname="autoclass.tests.doc.test_readme_usage" file="autoclass/tests/doc/test_readme_usage.py" line="195" name="test_readme_usage_autoclass" time="0.016638994216918945"></testcase><testcase classname="autoclass.tests.doc.test_readme_usage" file="autoclass/tests/doc/test_readme_usage.py" line="203" name="test_readme_usage_autoclass_custom" time="0.009443044662475586"></testcase><testcase classname="autoclass.tests.features.test_autoargs" file="autoclass/tests/features/test_autoargs.py" line="6" name="test_autoargs_simple" time="0.003193378448486328"></testcase><testcase classname="autoclass.tests.features.test_autoargs" file="autoclass/tests/features/test_autoargs.py" line="23" name="test_autoargs_signature_preserving" time="0.0024564266204833984"></testcase><testcase classname="autoclass.tests.features.test_autoargs" file="autoclass/tests/features/test_autoargs.py" line="40" name="test_autoargs_varargs" time="0.003068685531616211"></testcase><testcase classname="autoclass.tests.features.test_autoargs" file="autoclass/tests/features/test_autoargs.py" line="62" name="test_autoargs_varargs_kwvarargs" time="0.002575397491455078"></testcase><testcase classname="autoclass.tests.features.test_autoargs" file="autoclass/tests/features/test_autoargs.py" line="88" name="test_autoargs_noarg" time="0.002852916717529297"></testcase><testcase classname="autoclass.tests.features.test_autoargs" file="autoclass/tests/features/test_autoargs.py" line="105" name="test_autoargs_include" time="0.0036830902099609375"></testcase><testcase classname="autoclass.tests.features.test_autoargs" file="autoclass/tests/features/test_autoargs.py" line="125" name="test_autoargs_exclude" time="0.003682851791381836"></testcase><testcase classname="autoclass.tests.features.test_autoargs" file="autoclass/tests/features/test_autoargs.py" line="147" name="test_autoargs_include_exclude" time="0.0035195350646972656"></testcase><testcase classname="autoclass.tests.features.test_autoargs" file="autoclass/tests/features/test_autoargs.py" line="156" name="test_autoargs_include_exclude_typos" time="0.0035407543182373047"></testcase><testcase classname="autoclass.tests.features.test_autoargs" file="autoclass/tests/features/test_autoargs.py" line="173" name="test_autoargs_no_double_set_default" time="0.00274658203125"></testcase><testcase classname="autoclass.tests.features.test_autoclass" file="autoclass/tests/features/test_autoclass.py" line="11" name="test_autoclass_enforce_validate_not_reversed" time="0.009995460510253906"><system-out>Set surface to 12
</system-out></testcase><testcase classname="autoclass.tests.features.test_autoclass" file="autoclass/tests/features/test_autoclass.py" line="20" name="test_autoclass_enforce_validate_reversed" time="0.003772735595703125"></testcase><testcase classname="autoclass.tests.features.test_autoclass" file="autoclass/tests/features/test_autoclass.py" line="29" name="test_autoclass_inheritance" time="0.00653076171875"></testcase><testcase classname="autoclass.tests.features.test_autoclass" file="autoclass/tests/features/test_autoclass.py" line="55" name="test_autoclass_pickle_inheritance" time="0.007834196090698242"></testcase><testcase classname="autoclass.tests.features.test_autoclass" file="autoclass/tests/features/test_autoclass.py" line="76" name="test_autoclass_slots" time="0.0069844722747802734"></testcase><testcase classname="autoclass.tests.features.test_autoclass" file="autoclass/tests/features/test_autoclass.py" line="104" name="test_autoclass_pyfields" time="0.005212306976318359"></testcase><testcase classname="autoclass.tests.features.test_autodict" file="autoclass/tests/features/test_autodict.py" line="10" name="test_autodict[only_constructor_args-only_public]" time="0.0054171085357666016"></testcase><testcase classname="autoclass.tests.features.test_autodict" file="autoclass/tests/features/test_autodict.py" line="10" name="test_autodict[only_constructor_args-including class-private dunder fields]" time="0.005582094192504883"></testcase><testcase classname="autoclass.tests.features.test_autodict" file="autoclass/tests/features/test_autodict.py" line="10" name="test_autodict[all_obj_fields-only_public]" time="0.004362344741821289"></testcase><testcase classname="autoclass.tests.features.test_autodict" file="autoclass/tests/features/test_autodict.py" line="10" name="test_autodict[all_obj_fields-including class-private dunder fields]" time="0.005235195159912109"></testcase><testcase classname="autoclass.tests.features.test_autodict" file="autoclass/tests/features/test_autodict.py" line="138" name="test_autodict_pyfields" time="0.0038406848907470703"></testcase><testcase classname="autoclass.tests.features.test_autohash" file="autoclass/tests/features/test_autohash.py" line="11" name="test_autohash[only_constructor_args-only_public]" time="0.0041675567626953125"></testcase><testcase classname="autoclass.tests.features.test_autohash" file="autoclass/tests/features/test_autohash.py" line="11" name="test_autohash[only_constructor_args-including class-private dunder fields]" time="0.004979372024536133"></testcase><testcase classname="autoclass.tests.features.test_autohash" file="autoclass/tests/features/test_autohash.py" line="11" name="test_autohash[all_obj_fields-only_public]" time="0.0032579898834228516"></testcase><testcase classname="autoclass.tests.features.test_autohash" file="autoclass/tests/features/test_autohash.py" line="11" name="test_autohash[all_obj_fields-including class-private dunder fields]" time="0.0034286975860595703"></testcase><testcase classname="autoclass.tests.features.test_autohash" file="autoclass/tests/features/test_autohash.py" line="86" name="test_autohash_exclude" time="0.006400346755981445"></testcase><testcase classname="autoclass.tests.features.test_autohash" file="autoclass/tests/features/test_autohash.py" line="125" name="test_autohash_pyfields[only_known_fields=False]" time="0.0026798248291015625"></testcase><testcase classname="autoclass.tests.features.test_autohash" file="autoclass/tests/features/test_autohash.py" line="125" name="test_autohash_pyfields[only_known_fields=True]" time="0.002817869186401367"></testcase><testcase classname="autoclass.tests.features.test_autoprops" file="autoclass/tests/features/test_autoprops.py" line="12" name="test_autoprops_no_contract" time="0.003775358200073242"></testcase><testcase classname="autoclass.tests.features.test_autoprops" file="autoclass/tests/features/test_autoprops.py" line="34" name="test_autoprops_pycontracts" time="0.017723560333251953"></testcase><testcase classname="autoclass.tests.features.test_autoprops" file="autoclass/tests/features/test_autoprops.py" line="65" name="test_autoprops_include" time="0.00477910041809082"></testcase><testcase classname="autoclass.tests.features.test_autoprops" file="autoclass/tests/features/test_autoprops.py" line="91" name="test_autoprops_exclude" time="0.004434823989868164"></testcase><testcase classname="autoclass.tests.features.test_autoprops" file="autoclass/tests/features/test_autoprops.py" line="117" name="test_autoprops_include_exclude" time="0.002846240997314453"></testcase><testcase classname="autoclass.tests.features.test_autoprops" file="autoclass/tests/features/test_autoprops.py" line="127" name="test_autoprops_override" time="0.006639719009399414"><system-out>Property &apos;b&apos; was set to &apos;[&apos;pie&apos;, &apos;pie2&apos;]&apos;
a is being read. Its value is &apos;rhubarb&apos;
Property &apos;b&apos; was set to &apos;[&apos;eh&apos;, &apos;oh&apos;]&apos;
</system-out></testcase><testcase classname="autoclass.tests.features.test_autoprops" file="autoclass/tests/features/test_autoprops.py" line="177" name="test_autoprops_override_exceptions" time="0.004691362380981445"></testcase><testcase classname="autoclass.tests.features.test_autoprops" file="autoclass/tests/features/test_autoprops.py" line="234" name="test_autoprops_manual" time="0.00557398796081543"></testcase><testcase classname="autoclass.tests.features.test_autoprops" file="autoclass/tests/features/test_autoprops.py" line="266" name="test_autoprops_signature_preserving" time="0.006155729293823242"></testcase><testcase classname="autoclass.tests.features.test_autoprops" file="autoclass/tests/features/test_autoprops.py" line="296" name="test_autoprops_enforce_validate" time="0.010590553283691406"><system-out>Set surface to 12
Set surface to 0.1
</system-out></testcase><testcase classname="autoclass.tests.features.test_autoprops" file="autoclass/tests/features/test_autoprops.py" line="305" name="test_autoprops_enforce_default" time="0.005776882171630859"></testcase><testcase classname="autoclass.tests.features.test_autorepr" file="autoclass/tests/features/test_autorepr.py" line="10" name="test_autorepr[curly_mode=False-only_constructor_args-only_public]" time="0.0007719993591308594"><skipped message="class vars order is not preserved" type="pytest.skip">autoclass/tests/features/test_autorepr.py:10: class vars order is not preserved</skipped></testcase><testcase classname="autoclass.tests.features.test_autorepr" file="autoclass/tests/features/test_autorepr.py" line="10" name="test_autorepr[curly_mode=False-only_constructor_args-including class-private dunder fields]" time="0.0007500648498535156"><skipped message="class vars order is not preserved" type="pytest.skip">autoclass/tests/features/test_autorepr.py:10: class vars order is not preserved</skipped></testcase><testcase classname="autoclass.tests.features.test_autorepr" file="autoclass/tests/features/test_autorepr.py" line="10" name="test_autorepr[curly_mode=False-all_obj_fields-only_public]" time="0.0008721351623535156"><skipped message="class vars order is not preserved" type="pytest.skip">autoclass/tests/features/test_autorepr.py:10: class vars order is not preserved</skipped></testcase><testcase classname="autoclass.tests.features.test_autorepr" file="autoclass/tests/features/test_autorepr.py" line="10" name="test_autorepr[curly_mode=False-all_obj_fields-including class-private dunder fields]" time="0.0008594989776611328"><skipped message="class vars order is not preserved" type="pytest.skip">autoclass/tests/features/test_autorepr.py:10: class vars order is not preserved</skipped></testcase><testcase classname="autoclass.tests.features.test_autorepr" file="autoclass/tests/features/test_autorepr.py" line="10" name="test_autorepr[curly_mode=True-only_constructor_args-only_public]" time="0.0008294582366943359"><skipped message="class vars order is not preserved" type="pytest.skip">autoclass/tests/features/test_autorepr.py:10: class vars order is not preserved</skipped></testcase><testcase classname="autoclass.tests.features.test_autorepr" file="autoclass/tests/features/test_autorepr.py" line="10" name="test_autorepr[curly_mode=True-only_constructor_args-including class-private dunder fields]" time="0.0008635520935058594"><skipped message="class vars order is not preserved" type="pytest.skip">autoclass/tests/features/test_autorepr.py:10: class vars order is not preserved</skipped></testcase><testcase classname="autoclass.tests.features.test_autorepr" file="autoclass/tests/features/test_autorepr.py" line="10" name="test_autorepr[curly_mode=True-all_obj_fields-only_public]" time="0.0008771419525146484"><skipped message="class vars order is not preserved" type="pytest.skip">autoclass/tests/features/test_autorepr.py:10: class vars order is not preserved</skipped></testcase><testcase classname="autoclass.tests.features.test_autorepr" file="autoclass/tests/features/test_autorepr.py" line="10" name="test_autorepr[curly_mode=True-all_obj_fields-including class-private dunder fields]" time="0.0008413791656494141"><skipped message="class vars order is not preserved" type="pytest.skip">autoclass/tests/features/test_autorepr.py:10: class vars order is not preserved</skipped></testcase><testcase classname="autoclass.tests.features.test_autorepr" file="autoclass/tests/features/test_autorepr.py" line="84" name="test_autorepr_pyfields[curly_mode=False]" time="0.0030477046966552734"></testcase><testcase classname="autoclass.tests.features.test_autorepr" file="autoclass/tests/features/test_autorepr.py" line="84" name="test_autorepr_pyfields[curly_mode=True]" time="0.0029370784759521484"></testcase><testcase classname="autoclass.tests.features.test_autoslots_" file="autoclass/tests/features/test_autoslots_.py" line="10" name="test_autoslots[preexisting=False-add_weakref_slot=False-use_public_names=False]" time="0.003426074981689453"></testcase><testcase classname="autoclass.tests.features.test_autoslots_" file="autoclass/tests/features/test_autoslots_.py" line="10" name="test_autoslots[preexisting=False-add_weakref_slot=False-use_public_names=True]" time="0.00341796875"></testcase><testcase classname="autoclass.tests.features.test_autoslots_" file="autoclass/tests/features/test_autoslots_.py" line="10" name="test_autoslots[preexisting=False-add_weakref_slot=True-use_public_names=False]" time="0.0037560462951660156"></testcase><testcase classname="autoclass.tests.features.test_autoslots_" file="autoclass/tests/features/test_autoslots_.py" line="10" name="test_autoslots[preexisting=False-add_weakref_slot=True-use_public_names=True]" time="0.0034782886505126953"></testcase><testcase classname="autoclass.tests.features.test_autoslots_" file="autoclass/tests/features/test_autoslots_.py" line="10" name="test_autoslots[preexisting=True-add_weakref_slot=False-use_public_names=False]" time="0.003913164138793945"><system-out>
</system-out></testcase><testcase classname="autoclass.tests.features.test_autoslots_" file="autoclass/tests/features/test_autoslots_.py" line="10" name="test_autoslots[preexisting=True-add_weakref_slot=False-use_public_names=True]" time="0.0034694671630859375"><system-out>
</system-out></testcase><testcase classname="autoclass.tests.features.test_autoslots_" file="autoclass/tests/features/test_autoslots_.py" line="10" name="test_autoslots[preexisting=True-add_weakref_slot=True-use_public_names=False]" time="0.0035753250122070312"><system-out>
</system-out></testcase><testcase classname="autoclass.tests.features.test_autoslots_" file="autoclass/tests/features/test_autoslots_.py" line="10" name="test_autoslots[preexisting=True-add_weakref_slot=True-use_public_names=True]" time="0.003495454788208008"><system-out>
</system-out></testcase><testcase classname="autoclass.tests.features.test_autoslots_" file="autoclass/tests/features/test_autoslots_.py" line="52" name="test_autoslots_args_props" time="0.005316019058227539"></testcase><testcase classname="autoclass.tests.packaging_.test_packaging" file="autoclass/tests/packaging_/test_packaging.py" line="1" name="test_named_import" time="0.0026640892028808594"></testcase><testcase classname="autoclass.tests.packaging_.test_packaging" file="autoclass/tests/packaging_/test_packaging.py" line="6" name="test_import_from" time="0.0018613338470458984"></testcase><testcase classname="autoclass.tests.packaging_.test_packaging_wild" file="autoclass/tests/packaging_/test_packaging_wild.py" line="3" name="test_wild_import" time="0.007139921188354492"></testcase></testsuite>