<?xml version="1.0" encoding="utf-8"?><testsuite errors="0" failures="0" name="pytest" skips="0" tests="29" time="0.823"><testcase classname="autoclass.tests.test_autocode_cl.TestAutoArgs" file="autoclass/tests/test_autocode_cl.py" line="116" name="test_autoargs_exclude" time="0.002409696578979492"></testcase><testcase classname="autoclass.tests.test_autocode_cl.TestAutoArgs" file="autoclass/tests/test_autocode_cl.py" line="97" name="test_autoargs_include" time="0.0012695789337158203"></testcase><testcase classname="autoclass.tests.test_autocode_cl.TestAutoArgs" file="autoclass/tests/test_autocode_cl.py" line="137" name="test_autoargs_include_exclude" time="0.0006723403930664062"></testcase><testcase classname="autoclass.tests.test_autocode_cl.TestAutoArgs" file="autoclass/tests/test_autocode_cl.py" line="145" name="test_autoargs_include_exclude_typos" time="0.0015327930450439453"></testcase><testcase classname="autoclass.tests.test_autocode_cl.TestAutoArgs" file="autoclass/tests/test_autocode_cl.py" line="81" name="test_autoargs_noarg" time="0.0021753311157226562"></testcase><testcase classname="autoclass.tests.test_autocode_cl.TestAutoArgs" file="autoclass/tests/test_autocode_cl.py" line="26" name="test_autoargs_signature_preserving" time="0.0022165775299072266"></testcase><testcase classname="autoclass.tests.test_autocode_cl.TestAutoArgs" file="autoclass/tests/test_autocode_cl.py" line="10" name="test_autoargs_simple" time="0.0010523796081542969"></testcase><testcase classname="autoclass.tests.test_autocode_cl.TestAutoArgs" file="autoclass/tests/test_autocode_cl.py" line="38" name="test_autoargs_varargs" time="0.0010571479797363281"></testcase><testcase classname="autoclass.tests.test_autocode_cl.TestAutoArgs" file="autoclass/tests/test_autocode_cl.py" line="58" name="test_autoargs_varargs_kwvarargs" time="0.0018248558044433594"></testcase><testcase classname="autoclass.tests.test_autocode_cl.TestAutoProps" file="autoclass/tests/test_autocode_cl.py" line="417" name="test_autoprops_enforce_validate" time="0.03119039535522461"><system-out>Set surface to 12
Set surface to 0.1
</system-out></testcase><testcase classname="autoclass.tests.test_autocode_cl.TestAutoProps" file="autoclass/tests/test_autocode_cl.py" line="246" name="test_autoprops_exclude" time="0.271228551864624"></testcase><testcase classname="autoclass.tests.test_autocode_cl.TestAutoProps" file="autoclass/tests/test_autocode_cl.py" line="222" name="test_autoprops_include" time="0.005770206451416016"></testcase><testcase classname="autoclass.tests.test_autocode_cl.TestAutoProps" file="autoclass/tests/test_autocode_cl.py" line="269" name="test_autoprops_include_exclude" time="0.0009369850158691406"></testcase><testcase classname="autoclass.tests.test_autocode_cl.TestAutoProps" file="autoclass/tests/test_autocode_cl.py" line="368" name="test_autoprops_manual" time="0.005269289016723633"></testcase><testcase classname="autoclass.tests.test_autocode_cl.TestAutoProps" file="autoclass/tests/test_autocode_cl.py" line="175" name="test_autoprops_no_contract" time="0.0027647018432617188"></testcase><testcase classname="autoclass.tests.test_autocode_cl.TestAutoProps" file="autoclass/tests/test_autocode_cl.py" line="278" name="test_autoprops_override" time="0.012956619262695312"><system-out>Property &apos;b&apos; was set to &apos;[&apos;pie&apos;, &apos;pie2&apos;]&apos;
a is being read. Its value is &apos;rhubarb&apos;
Property &apos;b&apos; was set to &apos;[&apos;eh&apos;, &apos;oh&apos;]&apos;
</system-out></testcase><testcase classname="autoclass.tests.test_autocode_cl.TestAutoProps" file="autoclass/tests/test_autocode_cl.py" line="324" name="test_autoprops_override_exceptions" time="0.005053281784057617"></testcase><testcase classname="autoclass.tests.test_autocode_cl.TestAutoProps" file="autoclass/tests/test_autocode_cl.py" line="194" name="test_autoprops_pycontracts" time="0.0045545101165771484"></testcase><testcase classname="autoclass.tests.test_autocode_cl.TestAutoProps" file="autoclass/tests/test_autocode_cl.py" line="396" name="test_autoprops_signature_preserving" time="0.003216981887817383"></testcase><testcase classname="autoclass.tests.test_autocode_cl.TestReadMe" file="autoclass/tests/test_autocode_cl.py" line="567" name="test_readme_enforce" time="0.009651422500610352"></testcase><testcase classname="autoclass.tests.test_autocode_cl.TestReadMe" file="autoclass/tests/test_autocode_cl.py" line="609" name="test_readme_enforce_validate" time="0.01083064079284668"><system-out>Set surface to 12
</system-out></testcase><testcase classname="autoclass.tests.test_autocode_cl.TestReadMe" file="autoclass/tests/test_autocode_cl.py" line="473" name="test_readme_old_way" time="0.0013246536254882812"></testcase><testcase classname="autoclass.tests.test_autocode_cl.TestReadMe" file="autoclass/tests/test_autocode_cl.py" line="533" name="test_readme_pycontracts" time="0.03232526779174805"></testcase><testcase classname="autoclass.tests.test_autocode_cl.TestReadMe" file="autoclass/tests/test_autocode_cl.py" line="657" name="test_readme_usage_autoprops_validate" time="0.004586935043334961"></testcase><testcase classname="autoclass.tests.test_validate.TestValidate" file="autoclass/tests/test_validate.py" line="30" name="test_validate_custom" time="0.0026230812072753906"><system-out>hello
</system-out></testcase><testcase classname="autoclass.tests.test_validate.TestValidate" file="autoclass/tests/test_validate.py" line="70" name="test_validate_enforce" time="0.002725362777709961"><system-out>hello
</system-out></testcase><testcase classname="autoclass.tests.test_validate.TestValidate" file="autoclass/tests/test_validate.py" line="86" name="test_validate_name_error" time="0.0007913112640380859"></testcase><testcase classname="autoclass.tests.test_validate.TestValidate" file="autoclass/tests/test_validate.py" line="93" name="test_validate_none_is_allowed" time="0.0012087821960449219"><system-out>hello
hello
</system-out></testcase><testcase classname="autoclass.tests.test_validate.TestValidate" file="autoclass/tests/test_validate.py" line="7" name="test_validate_simple" time="0.0013625621795654297"><system-out>hello
</system-out></testcase></testsuite>