<?xml version="1.0" encoding="utf-8"?><testsuite errors="0" failures="3" name="pytest" skips="1" tests="52" time="1.393"><testcase classname="autoclass.tests.test_autoargs" file="autoclass/tests/test_autoargs.py" line="4" name="test_autoargs_simple" time="0.0017316341400146484"></testcase><testcase classname="autoclass.tests.test_autoargs" file="autoclass/tests/test_autoargs.py" line="21" name="test_autoargs_signature_preserving" time="0.001294851303100586"></testcase><testcase classname="autoclass.tests.test_autoargs" file="autoclass/tests/test_autoargs.py" line="35" name="test_autoargs_varargs" time="0.0019381046295166016"></testcase><testcase classname="autoclass.tests.test_autoargs" file="autoclass/tests/test_autoargs.py" line="57" name="test_autoargs_varargs_kwvarargs" time="0.0017549991607666016"></testcase><testcase classname="autoclass.tests.test_autoargs" file="autoclass/tests/test_autoargs.py" line="83" name="test_autoargs_noarg" time="0.0020847320556640625"></testcase><testcase classname="autoclass.tests.test_autoargs" file="autoclass/tests/test_autoargs.py" line="100" name="test_autoargs_include" time="0.002097606658935547"></testcase><testcase classname="autoclass.tests.test_autoargs" file="autoclass/tests/test_autoargs.py" line="120" name="test_autoargs_exclude" time="0.0017230510711669922"></testcase><testcase classname="autoclass.tests.test_autoargs" file="autoclass/tests/test_autoargs.py" line="142" name="test_autoargs_include_exclude" time="0.0014624595642089844"></testcase><testcase classname="autoclass.tests.test_autoargs" file="autoclass/tests/test_autoargs.py" line="151" name="test_autoargs_include_exclude_typos" time="0.0016016960144042969"></testcase><testcase classname="autoclass.tests.test_autoargs" file="autoclass/tests/test_autoargs.py" line="179" name="test_autoargs_no_double_set_default" time="0.0021948814392089844"></testcase><testcase classname="autoclass.tests.test_autoclass" file="autoclass/tests/test_autoclass.py" line="7" name="test_autoclass_enforce_validate_not_reversed" time="0.02157902717590332"><system-out>Set surface to 12
</system-out></testcase><testcase classname="autoclass.tests.test_autoclass" file="autoclass/tests/test_autoclass.py" line="30" name="test_autoclass_enforce_validate_reversed" time="0.002010345458984375"></testcase><testcase classname="autoclass.tests.test_autoclass" file="autoclass/tests/test_autoclass.py" line="54" name="test_readme_pytypes" time="0.03883552551269531"></testcase><testcase classname="autoclass.tests.test_autoclass" file="autoclass/tests/test_autoclass.py" line="93" name="test_readme_enforce" time="0.006422758102416992"></testcase><testcase classname="autoclass.tests.test_autoclass" file="autoclass/tests/test_autoclass.py" line="136" name="test_autoclass_inheritance" time="0.005009889602661133"></testcase><testcase classname="autoclass.tests.test_autodict" file="autoclass/tests/test_autodict.py" line="6" name="test_autodict[only_constructor_args-only_public]" time="0.003281116485595703"></testcase><testcase classname="autoclass.tests.test_autodict" file="autoclass/tests/test_autodict.py" line="6" name="test_autodict[only_constructor_args-including class-private dunder fields]" time="0.003315448760986328"></testcase><testcase classname="autoclass.tests.test_autodict" file="autoclass/tests/test_autodict.py" line="6" name="test_autodict[all_obj_fields-only_public]" time="0.0029358863830566406"></testcase><testcase classname="autoclass.tests.test_autodict" file="autoclass/tests/test_autodict.py" line="6" name="test_autodict[all_obj_fields-including class-private dunder fields]" time="0.0030183792114257812"></testcase><testcase classname="autoclass.tests.test_autohash" file="autoclass/tests/test_autohash.py" line="7" name="test_autohash[only_constructor_args-only_public]" time="0.0024950504302978516"></testcase><testcase classname="autoclass.tests.test_autohash" file="autoclass/tests/test_autohash.py" line="7" name="test_autohash[only_constructor_args-including class-private dunder fields]" time="0.0030231475830078125"></testcase><testcase classname="autoclass.tests.test_autohash" file="autoclass/tests/test_autohash.py" line="7" name="test_autohash[all_obj_fields-only_public]" time="0.0025701522827148438"></testcase><testcase classname="autoclass.tests.test_autohash" file="autoclass/tests/test_autohash.py" line="7" name="test_autohash[all_obj_fields-including class-private dunder fields]" time="0.0029354095458984375"></testcase><testcase classname="autoclass.tests.test_autoprops" file="autoclass/tests/test_autoprops.py" line="8" name="test_autoprops_no_contract" time="0.005756378173828125"></testcase><testcase classname="autoclass.tests.test_autoprops" file="autoclass/tests/test_autoprops.py" line="27" name="test_autoprops_pycontracts" time="0.26778483390808105"></testcase><testcase classname="autoclass.tests.test_autoprops" file="autoclass/tests/test_autoprops.py" line="55" name="test_autoprops_include" time="0.0032737255096435547"></testcase><testcase classname="autoclass.tests.test_autoprops" file="autoclass/tests/test_autoprops.py" line="78" name="test_autoprops_exclude" time="0.0032432079315185547"></testcase><testcase classname="autoclass.tests.test_autoprops" file="autoclass/tests/test_autoprops.py" line="101" name="test_autoprops_include_exclude" time="0.0014269351959228516"></testcase><testcase classname="autoclass.tests.test_autoprops" file="autoclass/tests/test_autoprops.py" line="111" name="test_autoprops_override" time="0.01073002815246582"><system-out>Property &apos;b&apos; was set to &apos;[&apos;pie&apos;, &apos;pie2&apos;]&apos;
a is being read. Its value is &apos;rhubarb&apos;
Property &apos;b&apos; was set to &apos;[&apos;eh&apos;, &apos;oh&apos;]&apos;
</system-out></testcase><testcase classname="autoclass.tests.test_autoprops" file="autoclass/tests/test_autoprops.py" line="156" name="test_autoprops_override_exceptions" time="0.005421638488769531"></testcase><testcase classname="autoclass.tests.test_autoprops" file="autoclass/tests/test_autoprops.py" line="201" name="test_autoprops_manual" time="0.0067195892333984375"></testcase><testcase classname="autoclass.tests.test_autoprops" file="autoclass/tests/test_autoprops.py" line="230" name="test_autoprops_signature_preserving" time="0.002965688705444336"></testcase><testcase classname="autoclass.tests.test_autoprops" file="autoclass/tests/test_autoprops.py" line="252" name="test_autoprops_enforce_validate" time="0.010889053344726562"><system-out>Set surface to 12
Set surface to 0.1
</system-out></testcase><testcase classname="autoclass.tests.test_autoprops" file="autoclass/tests/test_autoprops.py" line="303" name="test_autoprops_enforce_default" time="0.006239414215087891"></testcase><testcase classname="autoclass.tests.test_readme_index" file="autoclass/tests/test_readme_index.py" line="5" name="test_readme_index_basic" time="0.0038537979125976562"></testcase><testcase classname="autoclass.tests.test_readme_index" file="autoclass/tests/test_readme_index.py" line="22" name="test_readme_index_basic2" time="0.003127574920654297"></testcase><testcase classname="autoclass.tests.test_readme_index" file="autoclass/tests/test_readme_index.py" line="50" name="test_readme_enforce_simple" time="0.007270336151123047"></testcase><testcase classname="autoclass.tests.test_readme_index" file="autoclass/tests/test_readme_index.py" line="75" name="test_readme_index_pytypes_simple" time="0.01633167266845703"></testcase><testcase classname="autoclass.tests.test_readme_index" file="autoclass/tests/test_readme_index.py" line="98" name="test_readme_index_valid8_simple" time="0.0026204586029052734"><failure message="ImportError: No module named &apos;mini_lambda&apos;">def test_readme_index_valid8_simple():
        &quot;&quot;&quot; Example in the doc with valid8 &quot;&quot;&quot;
    
        from autoclass import autoclass
&gt;       from mini_lambda import s, x, l, Len
E       ImportError: No module named &apos;mini_lambda&apos;

autoclass/tests/test_readme_index.py:103: ImportError</failure></testcase><testcase classname="autoclass.tests.test_readme_index" file="autoclass/tests/test_readme_index.py" line="131" name="test_readme_index_enforce_valid8" time="0.003139019012451172"><failure message="ImportError: No module named &apos;mini_lambda&apos;">def test_readme_index_enforce_valid8():
        &quot;&quot;&quot; Makes sure that the code in the documentation page is correct for the enforce + valid8 example &quot;&quot;&quot;
    
        from autoclass import autoclass
    
        # Imports - for type validation
        from numbers import Integral
        from enforce import runtime_validation, config
        config(dict(mode=&apos;covariant&apos;))  # type validation will accept subclasses too
    
        # Imports - for value validation
&gt;       from mini_lambda import s, x, Len
E       ImportError: No module named &apos;mini_lambda&apos;

autoclass/tests/test_readme_index.py:143: ImportError</failure></testcase><testcase classname="autoclass.tests.test_readme_index" file="autoclass/tests/test_readme_index.py" line="171" name="test_readme_pycontracts_simple" time="0.023874998092651367"></testcase><testcase classname="autoclass.tests.test_readme_index" file="autoclass/tests/test_readme_index.py" line="194" name="test_readme_old_way" time="0.001299142837524414"></testcase><testcase classname="autoclass.tests.test_readme_index" file="autoclass/tests/test_readme_index.py" line="256" name="test_readme_pycontracts_complex" time="0.03531169891357422"></testcase><testcase classname="autoclass.tests.test_readme_index" file="autoclass/tests/test_readme_index.py" line="291" name="test_readme_pytypes_validate_complex" time="0.0008106231689453125"><skipped message="open bug in pytypes https://github.com/Stewori/pytypes/issues/19" type="pytest.skip">autoclass/tests/test_readme_index.py:291: &lt;py._xmlgen.raw object at 0x7f8ce0dc47b8&gt;</skipped></testcase><testcase classname="autoclass.tests.test_readme_usage" file="autoclass/tests/test_readme_usage.py" line="6" name="test_readme_usage_autoprops_validate" time="0.003299236297607422"></testcase><testcase classname="autoclass.tests.test_readme_usage" file="autoclass/tests/test_readme_usage.py" line="25" name="test_readme_usage_autodict_1" time="0.0028231143951416016"></testcase><testcase classname="autoclass.tests.test_readme_usage" file="autoclass/tests/test_readme_usage.py" line="64" name="test_readme_usage_autodict_2" time="0.0025081634521484375"></testcase><testcase classname="autoclass.tests.test_readme_usage" file="autoclass/tests/test_readme_usage.py" line="80" name="test_readme_usage_autodict_3" time="0.003742694854736328"></testcase><testcase classname="autoclass.tests.test_readme_usage" file="autoclass/tests/test_readme_usage.py" line="99" name="test_readme_usage_autohash_1" time="0.0019140243530273438"><failure message="AssertionError: assert -5638356874208907686 == 8822365256342725718
 +  where -5638356874208907686 = hash(&lt;autoclass.tests.test_readme_usage.test_readme_usage_autohash_1.&lt;locals&gt;.A object at 0x7f8ce0dc4208&gt;)
 +  and   8822365256342725718 = hash((1, &apos;r&apos;, 2))">def test_readme_usage_autohash_1():
        @autohash
        class A(object):
            def __init__(self, a: int, b: str):
                self.a = a
                self.b = b
    
        o = A(1, &apos;r&apos;)
        o._test = 2
    
        # o is hashable
&gt;       assert hash(o) == hash((1, &apos;r&apos;, 2))
E       AssertionError: assert -5638356874208907686 == 8822365256342725718
E        +  where -5638356874208907686 = hash(&lt;autoclass.tests.test_readme_usage.test_readme_usage_autohash_1.&lt;locals&gt;.A object at 0x7f8ce0dc4208&gt;)
E        +  and   8822365256342725718 = hash((1, &apos;r&apos;, 2))

autoclass/tests/test_readme_usage.py:111: AssertionError</failure></testcase><testcase classname="autoclass.tests.test_readme_usage" file="autoclass/tests/test_readme_usage.py" line="122" name="test_readme_usage_autohash_2" time="0.003345012664794922"></testcase><testcase classname="autoclass.tests.test_readme_usage" file="autoclass/tests/test_readme_usage.py" line="142" name="test_readme_usage_autoclass" time="0.012062788009643555"></testcase><testcase classname="autoclass.tests.test_readme_usage" file="autoclass/tests/test_readme_usage.py" line="177" name="test_readme_usage_autoclass_custom" time="0.008623361587524414"></testcase></testsuite>