<?xml version="1.0" encoding="utf-8"?><testsuite errors="0" failures="0" name="pytest" skips="1" tests="67" time="1.459"><testcase classname="autoclass.tests.test_autoargs" file="autoclass/tests/test_autoargs.py" line="6" name="test_autoargs_simple" time="0.005011320114135742"></testcase><testcase classname="autoclass.tests.test_autoargs" file="autoclass/tests/test_autoargs.py" line="23" name="test_autoargs_signature_preserving" time="0.0036520957946777344"></testcase><testcase classname="autoclass.tests.test_autoargs" file="autoclass/tests/test_autoargs.py" line="40" name="test_autoargs_varargs" time="0.002781391143798828"></testcase><testcase classname="autoclass.tests.test_autoargs" file="autoclass/tests/test_autoargs.py" line="62" name="test_autoargs_varargs_kwvarargs" time="0.003007173538208008"></testcase><testcase classname="autoclass.tests.test_autoargs" file="autoclass/tests/test_autoargs.py" line="88" name="test_autoargs_noarg" time="0.003160238265991211"></testcase><testcase classname="autoclass.tests.test_autoargs" file="autoclass/tests/test_autoargs.py" line="105" name="test_autoargs_include" time="0.0022377967834472656"></testcase><testcase classname="autoclass.tests.test_autoargs" file="autoclass/tests/test_autoargs.py" line="125" name="test_autoargs_exclude" time="0.0021691322326660156"></testcase><testcase classname="autoclass.tests.test_autoargs" file="autoclass/tests/test_autoargs.py" line="147" name="test_autoargs_include_exclude" time="0.0019953250885009766"></testcase><testcase classname="autoclass.tests.test_autoargs" file="autoclass/tests/test_autoargs.py" line="156" name="test_autoargs_include_exclude_typos" time="0.0018284320831298828"></testcase><testcase classname="autoclass.tests.test_autoargs" file="autoclass/tests/test_autoargs.py" line="184" name="test_autoargs_no_double_set_default" time="0.0023136138916015625"></testcase><testcase classname="autoclass.tests.test_autoclass" file="autoclass/tests/test_autoclass.py" line="7" name="test_autoclass_enforce_validate_not_reversed" time="0.024652719497680664"><system-out>Set surface to 12
</system-out></testcase><testcase classname="autoclass.tests.test_autoclass" file="autoclass/tests/test_autoclass.py" line="16" name="test_autoclass_enforce_validate_reversed" time="0.003576993942260742"></testcase><testcase classname="autoclass.tests.test_autoclass" file="autoclass/tests/test_autoclass.py" line="25" name="test_readme_pytypes" time="0.03592705726623535"></testcase><testcase classname="autoclass.tests.test_autoclass" file="autoclass/tests/test_autoclass.py" line="33" name="test_readme_enforce" time="0.009375333786010742"></testcase><testcase classname="autoclass.tests.test_autoclass" file="autoclass/tests/test_autoclass.py" line="42" name="test_autoclass_inheritance" time="0.008127927780151367"></testcase><testcase classname="autoclass.tests.test_autoclass" file="autoclass/tests/test_autoclass.py" line="68" name="test_autoclass_pickle_inheritance" time="0.009160041809082031"></testcase><testcase classname="autoclass.tests.test_autoclass" file="autoclass/tests/test_autoclass.py" line="89" name="test_autoclass_slots" time="0.008255958557128906"></testcase><testcase classname="autoclass.tests.test_autodict" file="autoclass/tests/test_autodict.py" line="10" name="test_autodict[only_constructor_args-only_public]" time="0.004549264907836914"></testcase><testcase classname="autoclass.tests.test_autodict" file="autoclass/tests/test_autodict.py" line="10" name="test_autodict[only_constructor_args-including class-private dunder fields]" time="0.004420042037963867"></testcase><testcase classname="autoclass.tests.test_autodict" file="autoclass/tests/test_autodict.py" line="10" name="test_autodict[all_obj_fields-only_public]" time="0.004730939865112305"></testcase><testcase classname="autoclass.tests.test_autodict" file="autoclass/tests/test_autodict.py" line="10" name="test_autodict[all_obj_fields-including class-private dunder fields]" time="0.004807472229003906"></testcase><testcase classname="autoclass.tests.test_autohash" file="autoclass/tests/test_autohash.py" line="11" name="test_autohash[only_constructor_args-only_public]" time="0.0022170543670654297"></testcase><testcase classname="autoclass.tests.test_autohash" file="autoclass/tests/test_autohash.py" line="11" name="test_autohash[only_constructor_args-including class-private dunder fields]" time="0.002674579620361328"></testcase><testcase classname="autoclass.tests.test_autohash" file="autoclass/tests/test_autohash.py" line="11" name="test_autohash[all_obj_fields-only_public]" time="0.0031855106353759766"></testcase><testcase classname="autoclass.tests.test_autohash" file="autoclass/tests/test_autohash.py" line="11" name="test_autohash[all_obj_fields-including class-private dunder fields]" time="0.002621173858642578"></testcase><testcase classname="autoclass.tests.test_autohash" file="autoclass/tests/test_autohash.py" line="86" name="test_autohash_exclude" time="0.011207342147827148"></testcase><testcase classname="autoclass.tests.test_autoprops" file="autoclass/tests/test_autoprops.py" line="12" name="test_autoprops_no_contract" time="0.004481077194213867"></testcase><testcase classname="autoclass.tests.test_autoprops" file="autoclass/tests/test_autoprops.py" line="34" name="test_autoprops_pycontracts" time="0.31102776527404785"></testcase><testcase classname="autoclass.tests.test_autoprops" file="autoclass/tests/test_autoprops.py" line="65" name="test_autoprops_include" time="0.0036253929138183594"></testcase><testcase classname="autoclass.tests.test_autoprops" file="autoclass/tests/test_autoprops.py" line="91" name="test_autoprops_exclude" time="0.004139900207519531"></testcase><testcase classname="autoclass.tests.test_autoprops" file="autoclass/tests/test_autoprops.py" line="117" name="test_autoprops_include_exclude" time="0.0015971660614013672"></testcase><testcase classname="autoclass.tests.test_autoprops" file="autoclass/tests/test_autoprops.py" line="127" name="test_autoprops_override" time="0.01084136962890625"><system-out>Property &apos;b&apos; was set to &apos;[&apos;pie&apos;, &apos;pie2&apos;]&apos;
a is being read. Its value is &apos;rhubarb&apos;
Property &apos;b&apos; was set to &apos;[&apos;eh&apos;, &apos;oh&apos;]&apos;
</system-out></testcase><testcase classname="autoclass.tests.test_autoprops" file="autoclass/tests/test_autoprops.py" line="177" name="test_autoprops_override_exceptions" time="0.004585742950439453"></testcase><testcase classname="autoclass.tests.test_autoprops" file="autoclass/tests/test_autoprops.py" line="234" name="test_autoprops_manual" time="0.0049746036529541016"></testcase><testcase classname="autoclass.tests.test_autoprops" file="autoclass/tests/test_autoprops.py" line="266" name="test_autoprops_signature_preserving" time="0.002726316452026367"></testcase><testcase classname="autoclass.tests.test_autoprops" file="autoclass/tests/test_autoprops.py" line="296" name="test_autoprops_enforce_validate" time="0.01094675064086914"><system-out>Set surface to 12
Set surface to 0.1
</system-out></testcase><testcase classname="autoclass.tests.test_autoprops" file="autoclass/tests/test_autoprops.py" line="305" name="test_autoprops_enforce_default" time="0.0043485164642333984"></testcase><testcase classname="autoclass.tests.test_autoslots_" file="autoclass/tests/test_autoslots_.py" line="10" name="test_autoslots[preexisting=False-add_weakref_slot=False-use_public_names=False]" time="0.0023314952850341797"></testcase><testcase classname="autoclass.tests.test_autoslots_" file="autoclass/tests/test_autoslots_.py" line="10" name="test_autoslots[preexisting=False-add_weakref_slot=False-use_public_names=True]" time="0.0022470951080322266"></testcase><testcase classname="autoclass.tests.test_autoslots_" file="autoclass/tests/test_autoslots_.py" line="10" name="test_autoslots[preexisting=False-add_weakref_slot=True-use_public_names=False]" time="0.002241849899291992"></testcase><testcase classname="autoclass.tests.test_autoslots_" file="autoclass/tests/test_autoslots_.py" line="10" name="test_autoslots[preexisting=False-add_weakref_slot=True-use_public_names=True]" time="0.002203226089477539"></testcase><testcase classname="autoclass.tests.test_autoslots_" file="autoclass/tests/test_autoslots_.py" line="10" name="test_autoslots[preexisting=True-add_weakref_slot=False-use_public_names=False]" time="0.0025348663330078125"><system-out>
</system-out></testcase><testcase classname="autoclass.tests.test_autoslots_" file="autoclass/tests/test_autoslots_.py" line="10" name="test_autoslots[preexisting=True-add_weakref_slot=False-use_public_names=True]" time="0.002198934555053711"><system-out>
</system-out></testcase><testcase classname="autoclass.tests.test_autoslots_" file="autoclass/tests/test_autoslots_.py" line="10" name="test_autoslots[preexisting=True-add_weakref_slot=True-use_public_names=False]" time="0.0030565261840820312"><system-out>
</system-out></testcase><testcase classname="autoclass.tests.test_autoslots_" file="autoclass/tests/test_autoslots_.py" line="10" name="test_autoslots[preexisting=True-add_weakref_slot=True-use_public_names=True]" time="0.0022439956665039062"><system-out>
</system-out></testcase><testcase classname="autoclass.tests.test_autoslots_" file="autoclass/tests/test_autoslots_.py" line="52" name="test_autoslots_args_props" time="0.003088712692260742"></testcase><testcase classname="autoclass.tests.test_packaging" file="autoclass/tests/test_packaging.py" line="1" name="test_named_import" time="0.0014147758483886719"></testcase><testcase classname="autoclass.tests.test_packaging" file="autoclass/tests/test_packaging.py" line="6" name="test_import_from" time="0.0013804435729980469"></testcase><testcase classname="autoclass.tests.test_packaging_wild" file="autoclass/tests/test_packaging_wild.py" line="3" name="test_wild_import" time="0.0013866424560546875"></testcase><testcase classname="autoclass.tests.test_readme_index" file="autoclass/tests/test_readme_index.py" line="16" name="test_readme_index_basic" time="0.004024028778076172"></testcase><testcase classname="autoclass.tests.test_readme_index" file="autoclass/tests/test_readme_index.py" line="31" name="test_readme_index_basic2" time="0.0032804012298583984"></testcase><testcase classname="autoclass.tests.test_readme_index" file="autoclass/tests/test_readme_index.py" line="57" name="test_readme_enforce_simple" time="0.006075859069824219"></testcase><testcase classname="autoclass.tests.test_readme_index" file="autoclass/tests/test_readme_index.py" line="66" name="test_readme_index_pytypes_simple" time="0.012152671813964844"></testcase><testcase classname="autoclass.tests.test_readme_index" file="autoclass/tests/test_readme_index.py" line="74" name="test_readme_index_valid8_simple" time="0.006122112274169922"></testcase><testcase classname="autoclass.tests.test_readme_index" file="autoclass/tests/test_readme_index.py" line="105" name="test_readme_index_enforce_valid8" time="0.009866952896118164"></testcase><testcase classname="autoclass.tests.test_readme_index" file="autoclass/tests/test_readme_index.py" line="114" name="test_readme_pycontracts_simple" time="0.023852109909057617"></testcase><testcase classname="autoclass.tests.test_readme_index" file="autoclass/tests/test_readme_index.py" line="136" name="test_readme_old_way" time="0.001504659652709961"></testcase><testcase classname="autoclass.tests.test_readme_index" file="autoclass/tests/test_readme_index.py" line="205" name="test_readme_pycontracts_complex" time="0.030306339263916016"></testcase><testcase classname="autoclass.tests.test_readme_index" file="autoclass/tests/test_readme_index.py" line="241" name="test_readme_pytypes_validate_complex" time="0.0006995201110839844"><skipped message="open bug in pytypes https://github.com/Stewori/pytypes/issues/19" type="pytest.skip">autoclass/tests/test_readme_index.py:241: open bug in pytypes https://github.com/Stewori/pytypes/issues/19</skipped></testcase><testcase classname="autoclass.tests.test_readme_usage" file="autoclass/tests/test_readme_usage.py" line="15" name="test_readme_usage_autoprops_validate" time="0.003690004348754883"></testcase><testcase classname="autoclass.tests.test_readme_usage" file="autoclass/tests/test_readme_usage.py" line="36" name="test_readme_usage_autodict_1" time="0.0035572052001953125"></testcase><testcase classname="autoclass.tests.test_readme_usage" file="autoclass/tests/test_readme_usage.py" line="81" name="test_readme_usage_autodict_2" time="0.002676725387573242"></testcase><testcase classname="autoclass.tests.test_readme_usage" file="autoclass/tests/test_readme_usage.py" line="100" name="test_readme_usage_autodict_3" time="0.002587556838989258"></testcase><testcase classname="autoclass.tests.test_readme_usage" file="autoclass/tests/test_readme_usage.py" line="122" name="test_readme_usage_autohash_1" time="0.001986980438232422"></testcase><testcase classname="autoclass.tests.test_readme_usage" file="autoclass/tests/test_readme_usage.py" line="149" name="test_readme_usage_autohash_2" time="0.002219676971435547"></testcase><testcase classname="autoclass.tests.test_readme_usage" file="autoclass/tests/test_readme_usage.py" line="172" name="test_readme_usage_autoclass" time="0.012265682220458984"></testcase><testcase classname="autoclass.tests.test_readme_usage" file="autoclass/tests/test_readme_usage.py" line="180" name="test_readme_usage_autoclass_custom" time="0.010483741760253906"></testcase></testsuite>