<?xml version="1.0" encoding="utf-8"?><testsuite errors="0" failures="0" name="pytest" skips="9" tests="83" time="1.346"><testcase classname="autoclass.tests.doc.test_autoclass_readme" file="autoclass/tests/doc/test_autoclass_readme.py" line="8" name="test_readme_pytypes" time="0.030655384063720703"></testcase><testcase classname="autoclass.tests.doc.test_autoclass_readme" file="autoclass/tests/doc/test_autoclass_readme.py" line="16" name="test_readme_enforce" time="0.023699045181274414"></testcase><testcase classname="autoclass.tests.doc.test_readme_index" file="autoclass/tests/doc/test_readme_index.py" line="16" name="test_readme_index_pyfields" time="0.0047931671142578125"></testcase><testcase classname="autoclass.tests.doc.test_readme_index" file="autoclass/tests/doc/test_readme_index.py" line="39" name="test_readme_index_basic" time="0.0032618045806884766"></testcase><testcase classname="autoclass.tests.doc.test_readme_index" file="autoclass/tests/doc/test_readme_index.py" line="54" name="test_readme_index_basic2" time="0.0042667388916015625"></testcase><testcase classname="autoclass.tests.doc.test_readme_index" file="autoclass/tests/doc/test_readme_index.py" line="80" name="test_readme_enforce_simple" time="0.006158351898193359"></testcase><testcase classname="autoclass.tests.doc.test_readme_index" file="autoclass/tests/doc/test_readme_index.py" line="89" name="test_readme_index_pytypes_simple" time="0.011268854141235352"></testcase><testcase classname="autoclass.tests.doc.test_readme_index" file="autoclass/tests/doc/test_readme_index.py" line="97" name="test_readme_index_valid8_simple" time="0.005713701248168945"></testcase><testcase classname="autoclass.tests.doc.test_readme_index" file="autoclass/tests/doc/test_readme_index.py" line="128" name="test_readme_index_enforce_valid8" time="0.009654521942138672"></testcase><testcase classname="autoclass.tests.doc.test_readme_index" file="autoclass/tests/doc/test_readme_index.py" line="137" name="test_readme_pycontracts_simple" time="0.32208824157714844"></testcase><testcase classname="autoclass.tests.doc.test_readme_index" file="autoclass/tests/doc/test_readme_index.py" line="159" name="test_readme_old_way" time="0.0016551017761230469"></testcase><testcase classname="autoclass.tests.doc.test_readme_index" file="autoclass/tests/doc/test_readme_index.py" line="228" name="test_readme_pycontracts_complex" time="0.03031134605407715"></testcase><testcase classname="autoclass.tests.doc.test_readme_index" file="autoclass/tests/doc/test_readme_index.py" line="264" name="test_readme_pytypes_validate_complex" time="0.0008606910705566406"><skipped message="open bug in pytypes https://github.com/Stewori/pytypes/issues/19" type="pytest.skip">autoclass/tests/doc/test_readme_index.py:264: open bug in pytypes https://github.com/Stewori/pytypes/issues/19</skipped></testcase><testcase classname="autoclass.tests.doc.test_readme_usage" file="autoclass/tests/doc/test_readme_usage.py" line="15" name="test_readme_usage_autoprops_validate" time="0.004216432571411133"></testcase><testcase classname="autoclass.tests.doc.test_readme_usage" file="autoclass/tests/doc/test_readme_usage.py" line="36" name="test_readme_usage_autodict_1" time="0.0037577152252197266"></testcase><testcase classname="autoclass.tests.doc.test_readme_usage" file="autoclass/tests/doc/test_readme_usage.py" line="81" name="test_readme_usage_autodict_2" time="0.0028171539306640625"></testcase><testcase classname="autoclass.tests.doc.test_readme_usage" file="autoclass/tests/doc/test_readme_usage.py" line="100" name="test_readme_usage_autodict_3" time="0.002588510513305664"></testcase><testcase classname="autoclass.tests.doc.test_readme_usage" file="autoclass/tests/doc/test_readme_usage.py" line="122" name="test_readme_usage_autodict_4" time="0.0071735382080078125"></testcase><testcase classname="autoclass.tests.doc.test_readme_usage" file="autoclass/tests/doc/test_readme_usage.py" line="145" name="test_readme_usage_autohash_1" time="0.0017535686492919922"></testcase><testcase classname="autoclass.tests.doc.test_readme_usage" file="autoclass/tests/doc/test_readme_usage.py" line="172" name="test_readme_usage_autohash_2" time="0.002544879913330078"></testcase><testcase classname="autoclass.tests.doc.test_readme_usage" file="autoclass/tests/doc/test_readme_usage.py" line="195" name="test_readme_usage_autoclass" time="0.012453317642211914"></testcase><testcase classname="autoclass.tests.doc.test_readme_usage" file="autoclass/tests/doc/test_readme_usage.py" line="203" name="test_readme_usage_autoclass_custom" time="0.008011817932128906"></testcase><testcase classname="autoclass.tests.features.test_autoargs" file="autoclass/tests/features/test_autoargs.py" line="6" name="test_autoargs_simple" time="0.0028023719787597656"></testcase><testcase classname="autoclass.tests.features.test_autoargs" file="autoclass/tests/features/test_autoargs.py" line="23" name="test_autoargs_signature_preserving" time="0.0020492076873779297"></testcase><testcase classname="autoclass.tests.features.test_autoargs" file="autoclass/tests/features/test_autoargs.py" line="40" name="test_autoargs_varargs" time="0.0021963119506835938"></testcase><testcase classname="autoclass.tests.features.test_autoargs" file="autoclass/tests/features/test_autoargs.py" line="62" name="test_autoargs_varargs_kwvarargs" time="0.0021848678588867188"></testcase><testcase classname="autoclass.tests.features.test_autoargs" file="autoclass/tests/features/test_autoargs.py" line="88" name="test_autoargs_noarg" time="0.0018126964569091797"></testcase><testcase classname="autoclass.tests.features.test_autoargs" file="autoclass/tests/features/test_autoargs.py" line="105" name="test_autoargs_include" time="0.0018665790557861328"></testcase><testcase classname="autoclass.tests.features.test_autoargs" file="autoclass/tests/features/test_autoargs.py" line="125" name="test_autoargs_exclude" time="0.0019788742065429688"></testcase><testcase classname="autoclass.tests.features.test_autoargs" file="autoclass/tests/features/test_autoargs.py" line="147" name="test_autoargs_include_exclude" time="0.00170135498046875"></testcase><testcase classname="autoclass.tests.features.test_autoargs" file="autoclass/tests/features/test_autoargs.py" line="156" name="test_autoargs_include_exclude_typos" time="0.0015003681182861328"></testcase><testcase classname="autoclass.tests.features.test_autoargs" file="autoclass/tests/features/test_autoargs.py" line="173" name="test_autoargs_no_double_set_default" time="0.0021665096282958984"></testcase><testcase classname="autoclass.tests.features.test_autoclass" file="autoclass/tests/features/test_autoclass.py" line="11" name="test_autoclass_enforce_validate_not_reversed" time="0.006804466247558594"><system-out>Set surface to 12
</system-out></testcase><testcase classname="autoclass.tests.features.test_autoclass" file="autoclass/tests/features/test_autoclass.py" line="20" name="test_autoclass_enforce_validate_reversed" time="0.0024437904357910156"></testcase><testcase classname="autoclass.tests.features.test_autoclass" file="autoclass/tests/features/test_autoclass.py" line="29" name="test_autoclass_inheritance" time="0.00515294075012207"></testcase><testcase classname="autoclass.tests.features.test_autoclass" file="autoclass/tests/features/test_autoclass.py" line="55" name="test_autoclass_pickle_inheritance" time="0.006193399429321289"></testcase><testcase classname="autoclass.tests.features.test_autoclass" file="autoclass/tests/features/test_autoclass.py" line="76" name="test_autoclass_slots" time="0.005943775177001953"></testcase><testcase classname="autoclass.tests.features.test_autoclass" file="autoclass/tests/features/test_autoclass.py" line="104" name="test_autoclass_pyfields" time="0.005618095397949219"></testcase><testcase classname="autoclass.tests.features.test_autodict" file="autoclass/tests/features/test_autodict.py" line="10" name="test_autodict[only_constructor_args-only_public]" time="0.0057528018951416016"></testcase><testcase classname="autoclass.tests.features.test_autodict" file="autoclass/tests/features/test_autodict.py" line="10" name="test_autodict[only_constructor_args-including class-private dunder fields]" time="0.005126237869262695"></testcase><testcase classname="autoclass.tests.features.test_autodict" file="autoclass/tests/features/test_autodict.py" line="10" name="test_autodict[all_obj_fields-only_public]" time="0.0050160884857177734"></testcase><testcase classname="autoclass.tests.features.test_autodict" file="autoclass/tests/features/test_autodict.py" line="10" name="test_autodict[all_obj_fields-including class-private dunder fields]" time="0.004803180694580078"></testcase><testcase classname="autoclass.tests.features.test_autodict" file="autoclass/tests/features/test_autodict.py" line="138" name="test_autodict_pyfields" time="0.004580259323120117"></testcase><testcase classname="autoclass.tests.features.test_autohash" file="autoclass/tests/features/test_autohash.py" line="11" name="test_autohash[only_constructor_args-only_public]" time="0.004002571105957031"></testcase><testcase classname="autoclass.tests.features.test_autohash" file="autoclass/tests/features/test_autohash.py" line="11" name="test_autohash[only_constructor_args-including class-private dunder fields]" time="0.0030968189239501953"></testcase><testcase classname="autoclass.tests.features.test_autohash" file="autoclass/tests/features/test_autohash.py" line="11" name="test_autohash[all_obj_fields-only_public]" time="0.003419160842895508"></testcase><testcase classname="autoclass.tests.features.test_autohash" file="autoclass/tests/features/test_autohash.py" line="11" name="test_autohash[all_obj_fields-including class-private dunder fields]" time="0.0028595924377441406"></testcase><testcase classname="autoclass.tests.features.test_autohash" file="autoclass/tests/features/test_autohash.py" line="86" name="test_autohash_exclude" time="0.009417533874511719"></testcase><testcase classname="autoclass.tests.features.test_autohash" file="autoclass/tests/features/test_autohash.py" line="125" name="test_autohash_pyfields[only_known_fields=False]" time="0.002301454544067383"></testcase><testcase classname="autoclass.tests.features.test_autohash" file="autoclass/tests/features/test_autohash.py" line="125" name="test_autohash_pyfields[only_known_fields=True]" time="0.002812623977661133"></testcase><testcase classname="autoclass.tests.features.test_autoprops" file="autoclass/tests/features/test_autoprops.py" line="12" name="test_autoprops_no_contract" time="0.004088640213012695"></testcase><testcase classname="autoclass.tests.features.test_autoprops" file="autoclass/tests/features/test_autoprops.py" line="34" name="test_autoprops_pycontracts" time="0.01772284507751465"></testcase><testcase classname="autoclass.tests.features.test_autoprops" file="autoclass/tests/features/test_autoprops.py" line="65" name="test_autoprops_include" time="0.005155801773071289"></testcase><testcase classname="autoclass.tests.features.test_autoprops" file="autoclass/tests/features/test_autoprops.py" line="91" name="test_autoprops_exclude" time="0.005207538604736328"></testcase><testcase classname="autoclass.tests.features.test_autoprops" file="autoclass/tests/features/test_autoprops.py" line="117" name="test_autoprops_include_exclude" time="0.005882978439331055"></testcase><testcase classname="autoclass.tests.features.test_autoprops" file="autoclass/tests/features/test_autoprops.py" line="127" name="test_autoprops_override" time="0.007085084915161133"><system-out>Property &apos;b&apos; was set to &apos;[&apos;pie&apos;, &apos;pie2&apos;]&apos;
a is being read. Its value is &apos;rhubarb&apos;
Property &apos;b&apos; was set to &apos;[&apos;eh&apos;, &apos;oh&apos;]&apos;
</system-out></testcase><testcase classname="autoclass.tests.features.test_autoprops" file="autoclass/tests/features/test_autoprops.py" line="177" name="test_autoprops_override_exceptions" time="0.005089282989501953"></testcase><testcase classname="autoclass.tests.features.test_autoprops" file="autoclass/tests/features/test_autoprops.py" line="234" name="test_autoprops_manual" time="0.00586390495300293"></testcase><testcase classname="autoclass.tests.features.test_autoprops" file="autoclass/tests/features/test_autoprops.py" line="266" name="test_autoprops_signature_preserving" time="0.004324674606323242"></testcase><testcase classname="autoclass.tests.features.test_autoprops" file="autoclass/tests/features/test_autoprops.py" line="296" name="test_autoprops_enforce_validate" time="0.01186823844909668"><system-out>Set surface to 12
Set surface to 0.1
</system-out></testcase><testcase classname="autoclass.tests.features.test_autoprops" file="autoclass/tests/features/test_autoprops.py" line="305" name="test_autoprops_enforce_default" time="0.006112813949584961"></testcase><testcase classname="autoclass.tests.features.test_autorepr" file="autoclass/tests/features/test_autorepr.py" line="10" name="test_autorepr[curly_mode=False-only_constructor_args-only_public]" time="0.0008683204650878906"><skipped message="class vars order is not preserved" type="pytest.skip">autoclass/tests/features/test_autorepr.py:10: class vars order is not preserved</skipped></testcase><testcase classname="autoclass.tests.features.test_autorepr" file="autoclass/tests/features/test_autorepr.py" line="10" name="test_autorepr[curly_mode=False-only_constructor_args-including class-private dunder fields]" time="0.0009849071502685547"><skipped message="class vars order is not preserved" type="pytest.skip">autoclass/tests/features/test_autorepr.py:10: class vars order is not preserved</skipped></testcase><testcase classname="autoclass.tests.features.test_autorepr" file="autoclass/tests/features/test_autorepr.py" line="10" name="test_autorepr[curly_mode=False-all_obj_fields-only_public]" time="0.0008733272552490234"><skipped message="class vars order is not preserved" type="pytest.skip">autoclass/tests/features/test_autorepr.py:10: class vars order is not preserved</skipped></testcase><testcase classname="autoclass.tests.features.test_autorepr" file="autoclass/tests/features/test_autorepr.py" line="10" name="test_autorepr[curly_mode=False-all_obj_fields-including class-private dunder fields]" time="0.0008690357208251953"><skipped message="class vars order is not preserved" type="pytest.skip">autoclass/tests/features/test_autorepr.py:10: class vars order is not preserved</skipped></testcase><testcase classname="autoclass.tests.features.test_autorepr" file="autoclass/tests/features/test_autorepr.py" line="10" name="test_autorepr[curly_mode=True-only_constructor_args-only_public]" time="0.0008690357208251953"><skipped message="class vars order is not preserved" type="pytest.skip">autoclass/tests/features/test_autorepr.py:10: class vars order is not preserved</skipped></testcase><testcase classname="autoclass.tests.features.test_autorepr" file="autoclass/tests/features/test_autorepr.py" line="10" name="test_autorepr[curly_mode=True-only_constructor_args-including class-private dunder fields]" time="0.0014121532440185547"><skipped message="class vars order is not preserved" type="pytest.skip">autoclass/tests/features/test_autorepr.py:10: class vars order is not preserved</skipped></testcase><testcase classname="autoclass.tests.features.test_autorepr" file="autoclass/tests/features/test_autorepr.py" line="10" name="test_autorepr[curly_mode=True-all_obj_fields-only_public]" time="0.0008518695831298828"><skipped message="class vars order is not preserved" type="pytest.skip">autoclass/tests/features/test_autorepr.py:10: class vars order is not preserved</skipped></testcase><testcase classname="autoclass.tests.features.test_autorepr" file="autoclass/tests/features/test_autorepr.py" line="10" name="test_autorepr[curly_mode=True-all_obj_fields-including class-private dunder fields]" time="0.0009047985076904297"><skipped message="class vars order is not preserved" type="pytest.skip">autoclass/tests/features/test_autorepr.py:10: class vars order is not preserved</skipped></testcase><testcase classname="autoclass.tests.features.test_autorepr" file="autoclass/tests/features/test_autorepr.py" line="84" name="test_autorepr_pyfields[curly_mode=False]" time="0.0032727718353271484"></testcase><testcase classname="autoclass.tests.features.test_autorepr" file="autoclass/tests/features/test_autorepr.py" line="84" name="test_autorepr_pyfields[curly_mode=True]" time="0.003461599349975586"></testcase><testcase classname="autoclass.tests.features.test_autoslots_" file="autoclass/tests/features/test_autoslots_.py" line="10" name="test_autoslots[preexisting=False-add_weakref_slot=False-use_public_names=False]" time="0.003660917282104492"></testcase><testcase classname="autoclass.tests.features.test_autoslots_" file="autoclass/tests/features/test_autoslots_.py" line="10" name="test_autoslots[preexisting=False-add_weakref_slot=False-use_public_names=True]" time="0.0034830570220947266"></testcase><testcase classname="autoclass.tests.features.test_autoslots_" file="autoclass/tests/features/test_autoslots_.py" line="10" name="test_autoslots[preexisting=False-add_weakref_slot=True-use_public_names=False]" time="0.003551483154296875"></testcase><testcase classname="autoclass.tests.features.test_autoslots_" file="autoclass/tests/features/test_autoslots_.py" line="10" name="test_autoslots[preexisting=False-add_weakref_slot=True-use_public_names=True]" time="0.0034759044647216797"></testcase><testcase classname="autoclass.tests.features.test_autoslots_" file="autoclass/tests/features/test_autoslots_.py" line="10" name="test_autoslots[preexisting=True-add_weakref_slot=False-use_public_names=False]" time="0.0034668445587158203"><system-out>
</system-out></testcase><testcase classname="autoclass.tests.features.test_autoslots_" file="autoclass/tests/features/test_autoslots_.py" line="10" name="test_autoslots[preexisting=True-add_weakref_slot=False-use_public_names=True]" time="0.0034677982330322266"><system-out>
</system-out></testcase><testcase classname="autoclass.tests.features.test_autoslots_" file="autoclass/tests/features/test_autoslots_.py" line="10" name="test_autoslots[preexisting=True-add_weakref_slot=True-use_public_names=False]" time="0.0035102367401123047"><system-out>
</system-out></testcase><testcase classname="autoclass.tests.features.test_autoslots_" file="autoclass/tests/features/test_autoslots_.py" line="10" name="test_autoslots[preexisting=True-add_weakref_slot=True-use_public_names=True]" time="0.003640413284301758"><system-out>
</system-out></testcase><testcase classname="autoclass.tests.features.test_autoslots_" file="autoclass/tests/features/test_autoslots_.py" line="52" name="test_autoslots_args_props" time="0.005425453186035156"></testcase><testcase classname="autoclass.tests.packaging_.test_packaging" file="autoclass/tests/packaging_/test_packaging.py" line="1" name="test_named_import" time="0.0027055740356445312"></testcase><testcase classname="autoclass.tests.packaging_.test_packaging" file="autoclass/tests/packaging_/test_packaging.py" line="6" name="test_import_from" time="0.0024411678314208984"></testcase><testcase classname="autoclass.tests.packaging_.test_packaging_wild" file="autoclass/tests/packaging_/test_packaging_wild.py" line="3" name="test_wild_import" time="0.007345914840698242"></testcase></testsuite>