<?xml version="1.0" encoding="utf-8"?><testsuite errors="0" failures="1" name="pytest" skips="1" tests="44" time="1.893"><testcase classname="autoclass.tests.test_autoargs" file="autoclass/tests/test_autoargs.py" line="4" name="test_autoargs_simple" time="0.0017704963684082031"></testcase><testcase classname="autoclass.tests.test_autoargs" file="autoclass/tests/test_autoargs.py" line="21" name="test_autoargs_signature_preserving" time="0.0034477710723876953"></testcase><testcase classname="autoclass.tests.test_autoargs" file="autoclass/tests/test_autoargs.py" line="35" name="test_autoargs_varargs" time="0.003098726272583008"></testcase><testcase classname="autoclass.tests.test_autoargs" file="autoclass/tests/test_autoargs.py" line="57" name="test_autoargs_varargs_kwvarargs" time="0.0037353038787841797"></testcase><testcase classname="autoclass.tests.test_autoargs" file="autoclass/tests/test_autoargs.py" line="82" name="test_autoargs_noarg" time="0.001847982406616211"></testcase><testcase classname="autoclass.tests.test_autoargs" file="autoclass/tests/test_autoargs.py" line="99" name="test_autoargs_include" time="0.0019116401672363281"></testcase><testcase classname="autoclass.tests.test_autoargs" file="autoclass/tests/test_autoargs.py" line="119" name="test_autoargs_exclude" time="0.0015115737915039062"></testcase><testcase classname="autoclass.tests.test_autoargs" file="autoclass/tests/test_autoargs.py" line="141" name="test_autoargs_include_exclude" time="0.0014748573303222656"></testcase><testcase classname="autoclass.tests.test_autoargs" file="autoclass/tests/test_autoargs.py" line="150" name="test_autoargs_include_exclude_typos" time="0.0029959678649902344"></testcase><testcase classname="autoclass.tests.test_autoclass" file="autoclass/tests/test_autoclass.py" line="7" name="test_autoclass_enforce_validate_not_reversed" time="0.035387277603149414"><system-out>Set surface to 12
</system-out></testcase><testcase classname="autoclass.tests.test_autoclass" file="autoclass/tests/test_autoclass.py" line="30" name="test_autoclass_enforce_validate_reversed" time="0.004838228225708008"></testcase><testcase classname="autoclass.tests.test_autoclass" file="autoclass/tests/test_autoclass.py" line="54" name="test_readme_pytypes" time="0.057340383529663086"></testcase><testcase classname="autoclass.tests.test_autoclass" file="autoclass/tests/test_autoclass.py" line="93" name="test_readme_enforce" time="0.013801813125610352"></testcase><testcase classname="autoclass.tests.test_autodict" file="autoclass/tests/test_autodict.py" line="6" name="test_autodict[only_constructor_args-only_public]" time="0.00822591781616211"></testcase><testcase classname="autoclass.tests.test_autodict" file="autoclass/tests/test_autodict.py" line="6" name="test_autodict[only_constructor_args-including class-private dunder fields]" time="0.008306741714477539"></testcase><testcase classname="autoclass.tests.test_autodict" file="autoclass/tests/test_autodict.py" line="6" name="test_autodict[all_obj_fields-only_public]" time="0.0048596858978271484"></testcase><testcase classname="autoclass.tests.test_autodict" file="autoclass/tests/test_autodict.py" line="6" name="test_autodict[all_obj_fields-including class-private dunder fields]" time="0.0053005218505859375"></testcase><testcase classname="autoclass.tests.test_autohash" file="autoclass/tests/test_autohash.py" line="7" name="test_autohash[only_constructor_args-only_public]" time="0.0050008296966552734"></testcase><testcase classname="autoclass.tests.test_autohash" file="autoclass/tests/test_autohash.py" line="7" name="test_autohash[only_constructor_args-including class-private dunder fields]" time="0.005273580551147461"></testcase><testcase classname="autoclass.tests.test_autohash" file="autoclass/tests/test_autohash.py" line="7" name="test_autohash[all_obj_fields-only_public]" time="0.0038683414459228516"></testcase><testcase classname="autoclass.tests.test_autohash" file="autoclass/tests/test_autohash.py" line="7" name="test_autohash[all_obj_fields-including class-private dunder fields]" time="0.004027128219604492"></testcase><testcase classname="autoclass.tests.test_autoprops" file="autoclass/tests/test_autoprops.py" line="8" name="test_autoprops_no_contract" time="0.0043582916259765625"></testcase><testcase classname="autoclass.tests.test_autoprops" file="autoclass/tests/test_autoprops.py" line="27" name="test_autoprops_pycontracts" time="0.425853967666626"></testcase><testcase classname="autoclass.tests.test_autoprops" file="autoclass/tests/test_autoprops.py" line="55" name="test_autoprops_include" time="0.004103183746337891"></testcase><testcase classname="autoclass.tests.test_autoprops" file="autoclass/tests/test_autoprops.py" line="78" name="test_autoprops_exclude" time="0.006850481033325195"></testcase><testcase classname="autoclass.tests.test_autoprops" file="autoclass/tests/test_autoprops.py" line="101" name="test_autoprops_include_exclude" time="0.0020923614501953125"></testcase><testcase classname="autoclass.tests.test_autoprops" file="autoclass/tests/test_autoprops.py" line="111" name="test_autoprops_override" time="0.015190839767456055"><system-out>Property &apos;b&apos; was set to &apos;[&apos;pie&apos;, &apos;pie2&apos;]&apos;
a is being read. Its value is &apos;rhubarb&apos;
Property &apos;b&apos; was set to &apos;[&apos;eh&apos;, &apos;oh&apos;]&apos;
</system-out></testcase><testcase classname="autoclass.tests.test_autoprops" file="autoclass/tests/test_autoprops.py" line="156" name="test_autoprops_override_exceptions" time="0.008724451065063477"></testcase><testcase classname="autoclass.tests.test_autoprops" file="autoclass/tests/test_autoprops.py" line="201" name="test_autoprops_manual" time="0.0058858394622802734"></testcase><testcase classname="autoclass.tests.test_autoprops" file="autoclass/tests/test_autoprops.py" line="230" name="test_autoprops_signature_preserving" time="0.0029592514038085938"></testcase><testcase classname="autoclass.tests.test_autoprops" file="autoclass/tests/test_autoprops.py" line="252" name="test_autoprops_enforce_validate" time="0.012436628341674805"><system-out>Set surface to 12
Set surface to 0.1
</system-out></testcase><testcase classname="autoclass.tests.test_autoprops" file="autoclass/tests/test_autoprops.py" line="303" name="test_autoprops_enforce_default" time="0.005751371383666992"></testcase><testcase classname="autoclass.tests.test_readme" file="autoclass/tests/test_readme.py" line="6" name="test_readme_enforce_validate" time="0.02208399772644043"><system-out>Set surface to 12
name: test
surface: 12
nb_floors: None
with_windows: False
Set surface to 1
</system-out></testcase><testcase classname="autoclass.tests.test_readme" file="autoclass/tests/test_readme.py" line="69" name="test_readme_old_way" time="0.0014154911041259766"></testcase><testcase classname="autoclass.tests.test_readme" file="autoclass/tests/test_readme.py" line="131" name="test_readme_pycontracts" time="0.047371864318847656"></testcase><testcase classname="autoclass.tests.test_readme" file="autoclass/tests/test_readme.py" line="166" name="test_readme_pytypes_validate" time="0.0010788440704345703"><skipped message="open bug in pytypes https://github.com/Stewori/pytypes/issues/19" type="pytest.skip">autoclass/tests/test_readme.py:166: &lt;py._xmlgen.raw object at 0x7fec10f35278&gt;</skipped></testcase><testcase classname="autoclass.tests.test_readme" file="autoclass/tests/test_readme.py" line="231" name="test_readme_usage_autoprops_validate" time="0.0060269832611083984"></testcase><testcase classname="autoclass.tests.test_readme" file="autoclass/tests/test_readme.py" line="250" name="test_readme_usage_autodict_1" time="0.0043566226959228516"></testcase><testcase classname="autoclass.tests.test_readme" file="autoclass/tests/test_readme.py" line="289" name="test_readme_usage_autodict_2" time="0.00440216064453125"></testcase><testcase classname="autoclass.tests.test_readme" file="autoclass/tests/test_readme.py" line="305" name="test_readme_usage_autodict_3" time="0.004471778869628906"></testcase><testcase classname="autoclass.tests.test_readme" file="autoclass/tests/test_readme.py" line="324" name="test_readme_usage_autohash_1" time="0.0037038326263427734"><failure message="AssertionError: assert 6388369767849508386 == -5662002483674037364
 +  where 6388369767849508386 = hash(&lt;autoclass.tests.test_readme.test_readme_usage_autohash_1.&lt;locals&gt;.A object at 0x7fec10e9fc88&gt;)
 +  and   -5662002483674037364 = hash((1, &apos;r&apos;, 2))">def test_readme_usage_autohash_1():
        @autohash
        class A(object):
            def __init__(self, a: int, b: str):
                self.a = a
                self.b = b
    
        o = A(1, &apos;r&apos;)
        o._test = 2
    
        # o is hashable
&gt;       assert hash(o) == hash((1, &apos;r&apos;, 2))
E       AssertionError: assert 6388369767849508386 == -5662002483674037364
E        +  where 6388369767849508386 = hash(&lt;autoclass.tests.test_readme.test_readme_usage_autohash_1.&lt;locals&gt;.A object at 0x7fec10e9fc88&gt;)
E        +  and   -5662002483674037364 = hash((1, &apos;r&apos;, 2))

autoclass/tests/test_readme.py:336: AssertionError</failure></testcase><testcase classname="autoclass.tests.test_readme" file="autoclass/tests/test_readme.py" line="347" name="test_readme_usage_autohash_2" time="0.0027937889099121094"></testcase><testcase classname="autoclass.tests.test_readme" file="autoclass/tests/test_readme.py" line="367" name="test_readme_usage_autoclass" time="0.01523900032043457"></testcase><testcase classname="autoclass.tests.test_readme" file="autoclass/tests/test_readme.py" line="402" name="test_readme_usage_autoclass_custom" time="0.010131597518920898"></testcase></testsuite>