<?xml version="1.0" encoding="utf-8"?><testsuite errors="0" failures="0" name="pytest" skips="1" tests="56" time="1.573"><testcase classname="autoclass.tests.test_autoargs" file="autoclass/tests/test_autoargs.py" line="6" name="test_autoargs_simple" time="0.00299835205078125"></testcase><testcase classname="autoclass.tests.test_autoargs" file="autoclass/tests/test_autoargs.py" line="23" name="test_autoargs_signature_preserving" time="0.0025277137756347656"></testcase><testcase classname="autoclass.tests.test_autoargs" file="autoclass/tests/test_autoargs.py" line="40" name="test_autoargs_varargs" time="0.002911090850830078"></testcase><testcase classname="autoclass.tests.test_autoargs" file="autoclass/tests/test_autoargs.py" line="62" name="test_autoargs_varargs_kwvarargs" time="0.002914905548095703"></testcase><testcase classname="autoclass.tests.test_autoargs" file="autoclass/tests/test_autoargs.py" line="88" name="test_autoargs_noarg" time="0.002291440963745117"></testcase><testcase classname="autoclass.tests.test_autoargs" file="autoclass/tests/test_autoargs.py" line="105" name="test_autoargs_include" time="0.0034475326538085938"></testcase><testcase classname="autoclass.tests.test_autoargs" file="autoclass/tests/test_autoargs.py" line="125" name="test_autoargs_exclude" time="0.00308990478515625"></testcase><testcase classname="autoclass.tests.test_autoargs" file="autoclass/tests/test_autoargs.py" line="147" name="test_autoargs_include_exclude" time="0.0022611618041992188"></testcase><testcase classname="autoclass.tests.test_autoargs" file="autoclass/tests/test_autoargs.py" line="156" name="test_autoargs_include_exclude_typos" time="0.002244234085083008"></testcase><testcase classname="autoclass.tests.test_autoargs" file="autoclass/tests/test_autoargs.py" line="184" name="test_autoargs_no_double_set_default" time="0.0031321048736572266"></testcase><testcase classname="autoclass.tests.test_autoclass" file="autoclass/tests/test_autoclass.py" line="6" name="test_autoclass_enforce_validate_not_reversed" time="0.02834463119506836"><system-out>Set surface to 12
</system-out></testcase><testcase classname="autoclass.tests.test_autoclass" file="autoclass/tests/test_autoclass.py" line="15" name="test_autoclass_enforce_validate_reversed" time="0.0043964385986328125"></testcase><testcase classname="autoclass.tests.test_autoclass" file="autoclass/tests/test_autoclass.py" line="24" name="test_readme_pytypes" time="0.03844642639160156"></testcase><testcase classname="autoclass.tests.test_autoclass" file="autoclass/tests/test_autoclass.py" line="32" name="test_readme_enforce" time="0.009179353713989258"></testcase><testcase classname="autoclass.tests.test_autoclass" file="autoclass/tests/test_autoclass.py" line="41" name="test_autoclass_inheritance" time="0.007426261901855469"></testcase><testcase classname="autoclass.tests.test_autodict" file="autoclass/tests/test_autodict.py" line="10" name="test_autodict[only_constructor_args-only_public]" time="0.004572629928588867"></testcase><testcase classname="autoclass.tests.test_autodict" file="autoclass/tests/test_autodict.py" line="10" name="test_autodict[only_constructor_args-including class-private dunder fields]" time="0.004923820495605469"></testcase><testcase classname="autoclass.tests.test_autodict" file="autoclass/tests/test_autodict.py" line="10" name="test_autodict[all_obj_fields-only_public]" time="0.004220724105834961"></testcase><testcase classname="autoclass.tests.test_autodict" file="autoclass/tests/test_autodict.py" line="10" name="test_autodict[all_obj_fields-including class-private dunder fields]" time="0.004227638244628906"></testcase><testcase classname="autoclass.tests.test_autohash" file="autoclass/tests/test_autohash.py" line="11" name="test_autohash[only_constructor_args-only_public]" time="0.002991914749145508"></testcase><testcase classname="autoclass.tests.test_autohash" file="autoclass/tests/test_autohash.py" line="11" name="test_autohash[only_constructor_args-including class-private dunder fields]" time="0.0038788318634033203"></testcase><testcase classname="autoclass.tests.test_autohash" file="autoclass/tests/test_autohash.py" line="11" name="test_autohash[all_obj_fields-only_public]" time="0.003073453903198242"></testcase><testcase classname="autoclass.tests.test_autohash" file="autoclass/tests/test_autohash.py" line="11" name="test_autohash[all_obj_fields-including class-private dunder fields]" time="0.0027740001678466797"></testcase><testcase classname="autoclass.tests.test_autohash" file="autoclass/tests/test_autohash.py" line="86" name="test_autohash_exclude" time="0.008243322372436523"></testcase><testcase classname="autoclass.tests.test_autoprops" file="autoclass/tests/test_autoprops.py" line="12" name="test_autoprops_no_contract" time="0.00417780876159668"></testcase><testcase classname="autoclass.tests.test_autoprops" file="autoclass/tests/test_autoprops.py" line="34" name="test_autoprops_pycontracts" time="0.3349728584289551"></testcase><testcase classname="autoclass.tests.test_autoprops" file="autoclass/tests/test_autoprops.py" line="65" name="test_autoprops_include" time="0.005091190338134766"></testcase><testcase classname="autoclass.tests.test_autoprops" file="autoclass/tests/test_autoprops.py" line="91" name="test_autoprops_exclude" time="0.005426883697509766"></testcase><testcase classname="autoclass.tests.test_autoprops" file="autoclass/tests/test_autoprops.py" line="117" name="test_autoprops_include_exclude" time="0.001734018325805664"></testcase><testcase classname="autoclass.tests.test_autoprops" file="autoclass/tests/test_autoprops.py" line="127" name="test_autoprops_override" time="0.012797355651855469"><system-out>Property &apos;b&apos; was set to &apos;[&apos;pie&apos;, &apos;pie2&apos;]&apos;
a is being read. Its value is &apos;rhubarb&apos;
Property &apos;b&apos; was set to &apos;[&apos;eh&apos;, &apos;oh&apos;]&apos;
</system-out></testcase><testcase classname="autoclass.tests.test_autoprops" file="autoclass/tests/test_autoprops.py" line="177" name="test_autoprops_override_exceptions" time="0.00665736198425293"></testcase><testcase classname="autoclass.tests.test_autoprops" file="autoclass/tests/test_autoprops.py" line="234" name="test_autoprops_manual" time="0.006532192230224609"></testcase><testcase classname="autoclass.tests.test_autoprops" file="autoclass/tests/test_autoprops.py" line="266" name="test_autoprops_signature_preserving" time="0.0053234100341796875"></testcase><testcase classname="autoclass.tests.test_autoprops" file="autoclass/tests/test_autoprops.py" line="296" name="test_autoprops_enforce_validate" time="0.01736760139465332"><system-out>Set surface to 12
Set surface to 0.1
</system-out></testcase><testcase classname="autoclass.tests.test_autoprops" file="autoclass/tests/test_autoprops.py" line="305" name="test_autoprops_enforce_default" time="0.006309032440185547"></testcase><testcase classname="autoclass.tests.test_packaging" file="autoclass/tests/test_packaging.py" line="1" name="test_named_import" time="0.0016198158264160156"></testcase><testcase classname="autoclass.tests.test_packaging" file="autoclass/tests/test_packaging.py" line="6" name="test_import_from" time="0.001476287841796875"></testcase><testcase classname="autoclass.tests.test_packaging_wild" file="autoclass/tests/test_packaging_wild.py" line="3" name="test_wild_import" time="0.0026426315307617188"></testcase><testcase classname="autoclass.tests.test_readme_index" file="autoclass/tests/test_readme_index.py" line="15" name="test_readme_index_basic" time="0.005852222442626953"></testcase><testcase classname="autoclass.tests.test_readme_index" file="autoclass/tests/test_readme_index.py" line="30" name="test_readme_index_basic2" time="0.004979848861694336"></testcase><testcase classname="autoclass.tests.test_readme_index" file="autoclass/tests/test_readme_index.py" line="56" name="test_readme_enforce_simple" time="0.007273674011230469"></testcase><testcase classname="autoclass.tests.test_readme_index" file="autoclass/tests/test_readme_index.py" line="65" name="test_readme_index_pytypes_simple" time="0.014034032821655273"></testcase><testcase classname="autoclass.tests.test_readme_index" file="autoclass/tests/test_readme_index.py" line="73" name="test_readme_index_valid8_simple" time="0.007192850112915039"></testcase><testcase classname="autoclass.tests.test_readme_index" file="autoclass/tests/test_readme_index.py" line="104" name="test_readme_index_enforce_valid8" time="0.011441469192504883"></testcase><testcase classname="autoclass.tests.test_readme_index" file="autoclass/tests/test_readme_index.py" line="113" name="test_readme_pycontracts_simple" time="0.02466273307800293"></testcase><testcase classname="autoclass.tests.test_readme_index" file="autoclass/tests/test_readme_index.py" line="135" name="test_readme_old_way" time="0.0018534660339355469"></testcase><testcase classname="autoclass.tests.test_readme_index" file="autoclass/tests/test_readme_index.py" line="204" name="test_readme_pycontracts_complex" time="0.03792905807495117"></testcase><testcase classname="autoclass.tests.test_readme_index" file="autoclass/tests/test_readme_index.py" line="240" name="test_readme_pytypes_validate_complex" time="0.0015404224395751953"><skipped message="open bug in pytypes https://github.com/Stewori/pytypes/issues/19" type="pytest.skip">autoclass/tests/test_readme_index.py:240: &lt;py._xmlgen.raw object at 0x7f71166eb2e8&gt;</skipped></testcase><testcase classname="autoclass.tests.test_readme_usage" file="autoclass/tests/test_readme_usage.py" line="14" name="test_readme_usage_autoprops_validate" time="0.005904197692871094"></testcase><testcase classname="autoclass.tests.test_readme_usage" file="autoclass/tests/test_readme_usage.py" line="35" name="test_readme_usage_autodict_1" time="0.005245208740234375"></testcase><testcase classname="autoclass.tests.test_readme_usage" file="autoclass/tests/test_readme_usage.py" line="80" name="test_readme_usage_autodict_2" time="0.003997087478637695"></testcase><testcase classname="autoclass.tests.test_readme_usage" file="autoclass/tests/test_readme_usage.py" line="99" name="test_readme_usage_autodict_3" time="0.004246950149536133"></testcase><testcase classname="autoclass.tests.test_readme_usage" file="autoclass/tests/test_readme_usage.py" line="121" name="test_readme_usage_autohash_1" time="0.0019054412841796875"></testcase><testcase classname="autoclass.tests.test_readme_usage" file="autoclass/tests/test_readme_usage.py" line="148" name="test_readme_usage_autohash_2" time="0.0037784576416015625"></testcase><testcase classname="autoclass.tests.test_readme_usage" file="autoclass/tests/test_readme_usage.py" line="171" name="test_readme_usage_autoclass" time="0.014381647109985352"></testcase><testcase classname="autoclass.tests.test_readme_usage" file="autoclass/tests/test_readme_usage.py" line="179" name="test_readme_usage_autoclass_custom" time="0.010900259017944336"></testcase></testsuite>