<?xml version="1.0" encoding="utf-8"?><testsuite errors="0" failures="2" name="pytest" skips="2" tests="56" time="1.616"><testcase classname="autoclass.tests.test_autoargs" file="autoclass/tests/test_autoargs.py" line="4" name="test_autoargs_simple" time="0.0030951499938964844"></testcase><testcase classname="autoclass.tests.test_autoargs" file="autoclass/tests/test_autoargs.py" line="21" name="test_autoargs_signature_preserving" time="0.002686023712158203"></testcase><testcase classname="autoclass.tests.test_autoargs" file="autoclass/tests/test_autoargs.py" line="35" name="test_autoargs_varargs" time="0.002583026885986328"></testcase><testcase classname="autoclass.tests.test_autoargs" file="autoclass/tests/test_autoargs.py" line="57" name="test_autoargs_varargs_kwvarargs" time="0.003164052963256836"></testcase><testcase classname="autoclass.tests.test_autoargs" file="autoclass/tests/test_autoargs.py" line="83" name="test_autoargs_noarg" time="0.0029752254486083984"></testcase><testcase classname="autoclass.tests.test_autoargs" file="autoclass/tests/test_autoargs.py" line="100" name="test_autoargs_include" time="0.0032944679260253906"></testcase><testcase classname="autoclass.tests.test_autoargs" file="autoclass/tests/test_autoargs.py" line="120" name="test_autoargs_exclude" time="0.0031478404998779297"></testcase><testcase classname="autoclass.tests.test_autoargs" file="autoclass/tests/test_autoargs.py" line="142" name="test_autoargs_include_exclude" time="0.0021865367889404297"></testcase><testcase classname="autoclass.tests.test_autoargs" file="autoclass/tests/test_autoargs.py" line="151" name="test_autoargs_include_exclude_typos" time="0.003589153289794922"></testcase><testcase classname="autoclass.tests.test_autoargs" file="autoclass/tests/test_autoargs.py" line="179" name="test_autoargs_no_double_set_default" time="0.003034830093383789"></testcase><testcase classname="autoclass.tests.test_autoclass" file="autoclass/tests/test_autoclass.py" line="7" name="test_autoclass_enforce_validate_not_reversed" time="0.02616262435913086"><system-out>Set surface to 12
</system-out></testcase><testcase classname="autoclass.tests.test_autoclass" file="autoclass/tests/test_autoclass.py" line="30" name="test_autoclass_enforce_validate_reversed" time="0.0037355422973632812"></testcase><testcase classname="autoclass.tests.test_autoclass" file="autoclass/tests/test_autoclass.py" line="54" name="test_readme_pytypes" time="0.03930020332336426"></testcase><testcase classname="autoclass.tests.test_autoclass" file="autoclass/tests/test_autoclass.py" line="93" name="test_readme_enforce" time="0.00861048698425293"></testcase><testcase classname="autoclass.tests.test_autoclass" file="autoclass/tests/test_autoclass.py" line="136" name="test_autoclass_inheritance" time="0.007500886917114258"></testcase><testcase classname="autoclass.tests.test_autodict" file="autoclass/tests/test_autodict.py" line="6" name="test_autodict[only_constructor_args-only_public]" time="0.005652904510498047"></testcase><testcase classname="autoclass.tests.test_autodict" file="autoclass/tests/test_autodict.py" line="6" name="test_autodict[only_constructor_args-including class-private dunder fields]" time="0.0066106319427490234"></testcase><testcase classname="autoclass.tests.test_autodict" file="autoclass/tests/test_autodict.py" line="6" name="test_autodict[all_obj_fields-only_public]" time="0.002811431884765625"></testcase><testcase classname="autoclass.tests.test_autodict" file="autoclass/tests/test_autodict.py" line="6" name="test_autodict[all_obj_fields-including class-private dunder fields]" time="0.004381895065307617"></testcase><testcase classname="autoclass.tests.test_autohash" file="autoclass/tests/test_autohash.py" line="8" name="test_autohash[only_constructor_args-only_public]" time="0.0037288665771484375"></testcase><testcase classname="autoclass.tests.test_autohash" file="autoclass/tests/test_autohash.py" line="8" name="test_autohash[only_constructor_args-including class-private dunder fields]" time="0.0018095970153808594"></testcase><testcase classname="autoclass.tests.test_autohash" file="autoclass/tests/test_autohash.py" line="8" name="test_autohash[all_obj_fields-only_public]" time="0.0031447410583496094"></testcase><testcase classname="autoclass.tests.test_autohash" file="autoclass/tests/test_autohash.py" line="8" name="test_autohash[all_obj_fields-including class-private dunder fields]" time="0.0021114349365234375"></testcase><testcase classname="autoclass.tests.test_autohash" file="autoclass/tests/test_autohash.py" line="80" name="test_autohash_exclude" time="0.0012373924255371094"><skipped message="Currently the test does not work, see https://github.com/smarie/python-autoclass/issues/21" type="pytest.skip">autoclass/tests/test_autohash.py:80: &lt;py._xmlgen.raw object at 0x7f3817970c18&gt;</skipped></testcase><testcase classname="autoclass.tests.test_autoprops" file="autoclass/tests/test_autoprops.py" line="8" name="test_autoprops_no_contract" time="0.002493619918823242"></testcase><testcase classname="autoclass.tests.test_autoprops" file="autoclass/tests/test_autoprops.py" line="27" name="test_autoprops_pycontracts" time="0.2757420539855957"></testcase><testcase classname="autoclass.tests.test_autoprops" file="autoclass/tests/test_autoprops.py" line="55" name="test_autoprops_include" time="0.003542184829711914"></testcase><testcase classname="autoclass.tests.test_autoprops" file="autoclass/tests/test_autoprops.py" line="78" name="test_autoprops_exclude" time="0.0046007633209228516"></testcase><testcase classname="autoclass.tests.test_autoprops" file="autoclass/tests/test_autoprops.py" line="101" name="test_autoprops_include_exclude" time="0.002207040786743164"></testcase><testcase classname="autoclass.tests.test_autoprops" file="autoclass/tests/test_autoprops.py" line="111" name="test_autoprops_override" time="0.012702703475952148"><system-out>Property &apos;b&apos; was set to &apos;[&apos;pie&apos;, &apos;pie2&apos;]&apos;
a is being read. Its value is &apos;rhubarb&apos;
Property &apos;b&apos; was set to &apos;[&apos;eh&apos;, &apos;oh&apos;]&apos;
</system-out></testcase><testcase classname="autoclass.tests.test_autoprops" file="autoclass/tests/test_autoprops.py" line="156" name="test_autoprops_override_exceptions" time="0.005198240280151367"></testcase><testcase classname="autoclass.tests.test_autoprops" file="autoclass/tests/test_autoprops.py" line="201" name="test_autoprops_manual" time="0.005998134613037109"></testcase><testcase classname="autoclass.tests.test_autoprops" file="autoclass/tests/test_autoprops.py" line="230" name="test_autoprops_signature_preserving" time="0.00497126579284668"></testcase><testcase classname="autoclass.tests.test_autoprops" file="autoclass/tests/test_autoprops.py" line="252" name="test_autoprops_enforce_validate" time="0.010967254638671875"><system-out>Set surface to 12
Set surface to 0.1
</system-out></testcase><testcase classname="autoclass.tests.test_autoprops" file="autoclass/tests/test_autoprops.py" line="303" name="test_autoprops_enforce_default" time="0.005682229995727539"></testcase><testcase classname="autoclass.tests.test_packaging" file="autoclass/tests/test_packaging.py" line="1" name="test_named_import" time="0.002244710922241211"></testcase><testcase classname="autoclass.tests.test_packaging" file="autoclass/tests/test_packaging.py" line="6" name="test_import_from" time="0.00217437744140625"></testcase><testcase classname="autoclass.tests.test_packaging_wild" file="autoclass/tests/test_packaging_wild.py" line="3" name="test_wild_import" time="0.002293825149536133"></testcase><testcase classname="autoclass.tests.test_readme_index" file="autoclass/tests/test_readme_index.py" line="5" name="test_readme_index_basic" time="0.0035524368286132812"></testcase><testcase classname="autoclass.tests.test_readme_index" file="autoclass/tests/test_readme_index.py" line="22" name="test_readme_index_basic2" time="0.0037581920623779297"></testcase><testcase classname="autoclass.tests.test_readme_index" file="autoclass/tests/test_readme_index.py" line="50" name="test_readme_enforce_simple" time="0.009678840637207031"></testcase><testcase classname="autoclass.tests.test_readme_index" file="autoclass/tests/test_readme_index.py" line="75" name="test_readme_index_pytypes_simple" time="0.01824784278869629"></testcase><testcase classname="autoclass.tests.test_readme_index" file="autoclass/tests/test_readme_index.py" line="98" name="test_readme_index_valid8_simple" time="0.004149198532104492"><failure message="ImportError: No module named &apos;mini_lambda&apos;">def test_readme_index_valid8_simple():
        &quot;&quot;&quot; Example in the doc with valid8 &quot;&quot;&quot;
    
        from autoclass import autoclass
&gt;       from mini_lambda import s, x, l, Len
E       ImportError: No module named &apos;mini_lambda&apos;

autoclass/tests/test_readme_index.py:103: ImportError</failure></testcase><testcase classname="autoclass.tests.test_readme_index" file="autoclass/tests/test_readme_index.py" line="131" name="test_readme_index_enforce_valid8" time="0.003763914108276367"><failure message="ImportError: No module named &apos;mini_lambda&apos;">def test_readme_index_enforce_valid8():
        &quot;&quot;&quot; Makes sure that the code in the documentation page is correct for the enforce + valid8 example &quot;&quot;&quot;
    
        from autoclass import autoclass
    
        # Imports - for type validation
        from numbers import Integral
        from enforce import runtime_validation, config
        config(dict(mode=&apos;covariant&apos;))  # type validation will accept subclasses too
    
        # Imports - for value validation
&gt;       from mini_lambda import s, x, Len
E       ImportError: No module named &apos;mini_lambda&apos;

autoclass/tests/test_readme_index.py:143: ImportError</failure></testcase><testcase classname="autoclass.tests.test_readme_index" file="autoclass/tests/test_readme_index.py" line="171" name="test_readme_pycontracts_simple" time="0.029373884201049805"></testcase><testcase classname="autoclass.tests.test_readme_index" file="autoclass/tests/test_readme_index.py" line="194" name="test_readme_old_way" time="0.002191305160522461"></testcase><testcase classname="autoclass.tests.test_readme_index" file="autoclass/tests/test_readme_index.py" line="256" name="test_readme_pycontracts_complex" time="0.03973269462585449"></testcase><testcase classname="autoclass.tests.test_readme_index" file="autoclass/tests/test_readme_index.py" line="291" name="test_readme_pytypes_validate_complex" time="0.0008845329284667969"><skipped message="open bug in pytypes https://github.com/Stewori/pytypes/issues/19" type="pytest.skip">autoclass/tests/test_readme_index.py:291: &lt;py._xmlgen.raw object at 0x7f380f270470&gt;</skipped></testcase><testcase classname="autoclass.tests.test_readme_usage" file="autoclass/tests/test_readme_usage.py" line="6" name="test_readme_usage_autoprops_validate" time="0.004743814468383789"></testcase><testcase classname="autoclass.tests.test_readme_usage" file="autoclass/tests/test_readme_usage.py" line="25" name="test_readme_usage_autodict_1" time="0.0032553672790527344"></testcase><testcase classname="autoclass.tests.test_readme_usage" file="autoclass/tests/test_readme_usage.py" line="64" name="test_readme_usage_autodict_2" time="0.0035562515258789062"></testcase><testcase classname="autoclass.tests.test_readme_usage" file="autoclass/tests/test_readme_usage.py" line="80" name="test_readme_usage_autodict_3" time="0.0037033557891845703"></testcase><testcase classname="autoclass.tests.test_readme_usage" file="autoclass/tests/test_readme_usage.py" line="99" name="test_readme_usage_autohash_1" time="0.0023813247680664062"></testcase><testcase classname="autoclass.tests.test_readme_usage" file="autoclass/tests/test_readme_usage.py" line="123" name="test_readme_usage_autohash_2" time="0.0019106864929199219"></testcase><testcase classname="autoclass.tests.test_readme_usage" file="autoclass/tests/test_readme_usage.py" line="143" name="test_readme_usage_autoclass" time="0.013818740844726562"></testcase><testcase classname="autoclass.tests.test_readme_usage" file="autoclass/tests/test_readme_usage.py" line="178" name="test_readme_usage_autoclass_custom" time="0.00962972640991211"></testcase></testsuite>