<?xml version="1.0" encoding="utf-8"?><testsuite errors="0" failures="3" name="pytest" skips="2" tests="53" time="1.689"><testcase classname="autoclass.tests.test_autoargs" file="autoclass/tests/test_autoargs.py" line="4" name="test_autoargs_simple" time="0.0015289783477783203"></testcase><testcase classname="autoclass.tests.test_autoargs" file="autoclass/tests/test_autoargs.py" line="21" name="test_autoargs_signature_preserving" time="0.0013692378997802734"></testcase><testcase classname="autoclass.tests.test_autoargs" file="autoclass/tests/test_autoargs.py" line="35" name="test_autoargs_varargs" time="0.0014204978942871094"></testcase><testcase classname="autoclass.tests.test_autoargs" file="autoclass/tests/test_autoargs.py" line="57" name="test_autoargs_varargs_kwvarargs" time="0.0019791126251220703"></testcase><testcase classname="autoclass.tests.test_autoargs" file="autoclass/tests/test_autoargs.py" line="83" name="test_autoargs_noarg" time="0.0017867088317871094"></testcase><testcase classname="autoclass.tests.test_autoargs" file="autoclass/tests/test_autoargs.py" line="100" name="test_autoargs_include" time="0.002742290496826172"></testcase><testcase classname="autoclass.tests.test_autoargs" file="autoclass/tests/test_autoargs.py" line="120" name="test_autoargs_exclude" time="0.002595663070678711"></testcase><testcase classname="autoclass.tests.test_autoargs" file="autoclass/tests/test_autoargs.py" line="142" name="test_autoargs_include_exclude" time="0.0012874603271484375"></testcase><testcase classname="autoclass.tests.test_autoargs" file="autoclass/tests/test_autoargs.py" line="151" name="test_autoargs_include_exclude_typos" time="0.0013480186462402344"></testcase><testcase classname="autoclass.tests.test_autoargs" file="autoclass/tests/test_autoargs.py" line="179" name="test_autoargs_no_double_set_default" time="0.0026307106018066406"></testcase><testcase classname="autoclass.tests.test_autoclass" file="autoclass/tests/test_autoclass.py" line="7" name="test_autoclass_enforce_validate_not_reversed" time="0.024136781692504883"><system-out>Set surface to 12
</system-out></testcase><testcase classname="autoclass.tests.test_autoclass" file="autoclass/tests/test_autoclass.py" line="30" name="test_autoclass_enforce_validate_reversed" time="0.0030345916748046875"></testcase><testcase classname="autoclass.tests.test_autoclass" file="autoclass/tests/test_autoclass.py" line="54" name="test_readme_pytypes" time="0.04781222343444824"></testcase><testcase classname="autoclass.tests.test_autoclass" file="autoclass/tests/test_autoclass.py" line="93" name="test_readme_enforce" time="0.008771181106567383"></testcase><testcase classname="autoclass.tests.test_autoclass" file="autoclass/tests/test_autoclass.py" line="136" name="test_autoclass_inheritance" time="0.006339550018310547"></testcase><testcase classname="autoclass.tests.test_autodict" file="autoclass/tests/test_autodict.py" line="6" name="test_autodict[only_constructor_args-only_public]" time="0.003771543502807617"></testcase><testcase classname="autoclass.tests.test_autodict" file="autoclass/tests/test_autodict.py" line="6" name="test_autodict[only_constructor_args-including class-private dunder fields]" time="0.004583835601806641"></testcase><testcase classname="autoclass.tests.test_autodict" file="autoclass/tests/test_autodict.py" line="6" name="test_autodict[all_obj_fields-only_public]" time="0.004528522491455078"></testcase><testcase classname="autoclass.tests.test_autodict" file="autoclass/tests/test_autodict.py" line="6" name="test_autodict[all_obj_fields-including class-private dunder fields]" time="0.0042171478271484375"></testcase><testcase classname="autoclass.tests.test_autohash" file="autoclass/tests/test_autohash.py" line="8" name="test_autohash[only_constructor_args-only_public]" time="0.002809286117553711"></testcase><testcase classname="autoclass.tests.test_autohash" file="autoclass/tests/test_autohash.py" line="8" name="test_autohash[only_constructor_args-including class-private dunder fields]" time="0.0026519298553466797"></testcase><testcase classname="autoclass.tests.test_autohash" file="autoclass/tests/test_autohash.py" line="8" name="test_autohash[all_obj_fields-only_public]" time="0.002535104751586914"></testcase><testcase classname="autoclass.tests.test_autohash" file="autoclass/tests/test_autohash.py" line="8" name="test_autohash[all_obj_fields-including class-private dunder fields]" time="0.00327301025390625"></testcase><testcase classname="autoclass.tests.test_autohash" file="autoclass/tests/test_autohash.py" line="80" name="test_autohash_exclude" time="0.0009086132049560547"><skipped message="Currently the test does not work, see https://github.com/smarie/python-autoclass/issues/21" type="pytest.skip">autoclass/tests/test_autohash.py:80: &lt;py._xmlgen.raw object at 0x7fb78cb39ef0&gt;</skipped></testcase><testcase classname="autoclass.tests.test_autoprops" file="autoclass/tests/test_autoprops.py" line="8" name="test_autoprops_no_contract" time="0.003652334213256836"></testcase><testcase classname="autoclass.tests.test_autoprops" file="autoclass/tests/test_autoprops.py" line="27" name="test_autoprops_pycontracts" time="0.33590126037597656"></testcase><testcase classname="autoclass.tests.test_autoprops" file="autoclass/tests/test_autoprops.py" line="55" name="test_autoprops_include" time="0.006052970886230469"></testcase><testcase classname="autoclass.tests.test_autoprops" file="autoclass/tests/test_autoprops.py" line="78" name="test_autoprops_exclude" time="0.005882978439331055"></testcase><testcase classname="autoclass.tests.test_autoprops" file="autoclass/tests/test_autoprops.py" line="101" name="test_autoprops_include_exclude" time="0.0014622211456298828"></testcase><testcase classname="autoclass.tests.test_autoprops" file="autoclass/tests/test_autoprops.py" line="111" name="test_autoprops_override" time="0.013751506805419922"><system-out>Property &apos;b&apos; was set to &apos;[&apos;pie&apos;, &apos;pie2&apos;]&apos;
a is being read. Its value is &apos;rhubarb&apos;
Property &apos;b&apos; was set to &apos;[&apos;eh&apos;, &apos;oh&apos;]&apos;
</system-out></testcase><testcase classname="autoclass.tests.test_autoprops" file="autoclass/tests/test_autoprops.py" line="156" name="test_autoprops_override_exceptions" time="0.007215261459350586"></testcase><testcase classname="autoclass.tests.test_autoprops" file="autoclass/tests/test_autoprops.py" line="201" name="test_autoprops_manual" time="0.007657289505004883"></testcase><testcase classname="autoclass.tests.test_autoprops" file="autoclass/tests/test_autoprops.py" line="230" name="test_autoprops_signature_preserving" time="0.003360271453857422"></testcase><testcase classname="autoclass.tests.test_autoprops" file="autoclass/tests/test_autoprops.py" line="252" name="test_autoprops_enforce_validate" time="0.010420560836791992"><system-out>Set surface to 12
Set surface to 0.1
</system-out></testcase><testcase classname="autoclass.tests.test_autoprops" file="autoclass/tests/test_autoprops.py" line="303" name="test_autoprops_enforce_default" time="0.0068721771240234375"></testcase><testcase classname="autoclass.tests.test_readme_index" file="autoclass/tests/test_readme_index.py" line="5" name="test_readme_index_basic" time="0.00626826286315918"></testcase><testcase classname="autoclass.tests.test_readme_index" file="autoclass/tests/test_readme_index.py" line="22" name="test_readme_index_basic2" time="0.004698753356933594"></testcase><testcase classname="autoclass.tests.test_readme_index" file="autoclass/tests/test_readme_index.py" line="50" name="test_readme_enforce_simple" time="0.009276628494262695"></testcase><testcase classname="autoclass.tests.test_readme_index" file="autoclass/tests/test_readme_index.py" line="75" name="test_readme_index_pytypes_simple" time="0.019610166549682617"></testcase><testcase classname="autoclass.tests.test_readme_index" file="autoclass/tests/test_readme_index.py" line="98" name="test_readme_index_valid8_simple" time="0.0033283233642578125"><failure message="ImportError: No module named &apos;mini_lambda&apos;">def test_readme_index_valid8_simple():
        &quot;&quot;&quot; Example in the doc with valid8 &quot;&quot;&quot;
    
        from autoclass import autoclass
&gt;       from mini_lambda import s, x, l, Len
E       ImportError: No module named &apos;mini_lambda&apos;

autoclass/tests/test_readme_index.py:103: ImportError</failure></testcase><testcase classname="autoclass.tests.test_readme_index" file="autoclass/tests/test_readme_index.py" line="131" name="test_readme_index_enforce_valid8" time="0.0036728382110595703"><failure message="ImportError: No module named &apos;mini_lambda&apos;">def test_readme_index_enforce_valid8():
        &quot;&quot;&quot; Makes sure that the code in the documentation page is correct for the enforce + valid8 example &quot;&quot;&quot;
    
        from autoclass import autoclass
    
        # Imports - for type validation
        from numbers import Integral
        from enforce import runtime_validation, config
        config(dict(mode=&apos;covariant&apos;))  # type validation will accept subclasses too
    
        # Imports - for value validation
&gt;       from mini_lambda import s, x, Len
E       ImportError: No module named &apos;mini_lambda&apos;

autoclass/tests/test_readme_index.py:143: ImportError</failure></testcase><testcase classname="autoclass.tests.test_readme_index" file="autoclass/tests/test_readme_index.py" line="171" name="test_readme_pycontracts_simple" time="0.0316162109375"></testcase><testcase classname="autoclass.tests.test_readme_index" file="autoclass/tests/test_readme_index.py" line="194" name="test_readme_old_way" time="0.001432657241821289"></testcase><testcase classname="autoclass.tests.test_readme_index" file="autoclass/tests/test_readme_index.py" line="256" name="test_readme_pycontracts_complex" time="0.044623613357543945"></testcase><testcase classname="autoclass.tests.test_readme_index" file="autoclass/tests/test_readme_index.py" line="291" name="test_readme_pytypes_validate_complex" time="0.0005559921264648438"><skipped message="open bug in pytypes https://github.com/Stewori/pytypes/issues/19" type="pytest.skip">autoclass/tests/test_readme_index.py:291: &lt;py._xmlgen.raw object at 0x7fb784aa0048&gt;</skipped></testcase><testcase classname="autoclass.tests.test_readme_usage" file="autoclass/tests/test_readme_usage.py" line="6" name="test_readme_usage_autoprops_validate" time="0.005769014358520508"></testcase><testcase classname="autoclass.tests.test_readme_usage" file="autoclass/tests/test_readme_usage.py" line="25" name="test_readme_usage_autodict_1" time="0.004870176315307617"></testcase><testcase classname="autoclass.tests.test_readme_usage" file="autoclass/tests/test_readme_usage.py" line="64" name="test_readme_usage_autodict_2" time="0.0036308765411376953"></testcase><testcase classname="autoclass.tests.test_readme_usage" file="autoclass/tests/test_readme_usage.py" line="80" name="test_readme_usage_autodict_3" time="0.0037081241607666016"></testcase><testcase classname="autoclass.tests.test_readme_usage" file="autoclass/tests/test_readme_usage.py" line="99" name="test_readme_usage_autohash_1" time="0.002282381057739258"><failure message="AssertionError: assert 3348946741937701356 == 4688114045056290946
 +  where 3348946741937701356 = hash(&lt;autoclass.tests.test_readme_usage.test_readme_usage_autohash_1.&lt;locals&gt;.A object at 0x7fb784ab89b0&gt;)
 +  and   4688114045056290946 = hash((1, &apos;r&apos;, 2))">def test_readme_usage_autohash_1():
        @autohash
        class A(object):
            def __init__(self, a: int, b: str):
                self.a = a
                self.b = b
    
        o = A(1, &apos;r&apos;)
        o._test = 2
    
        # o is hashable
&gt;       assert hash(o) == hash((1, &apos;r&apos;, 2))
E       AssertionError: assert 3348946741937701356 == 4688114045056290946
E        +  where 3348946741937701356 = hash(&lt;autoclass.tests.test_readme_usage.test_readme_usage_autohash_1.&lt;locals&gt;.A object at 0x7fb784ab89b0&gt;)
E        +  and   4688114045056290946 = hash((1, &apos;r&apos;, 2))

autoclass/tests/test_readme_usage.py:111: AssertionError</failure></testcase><testcase classname="autoclass.tests.test_readme_usage" file="autoclass/tests/test_readme_usage.py" line="122" name="test_readme_usage_autohash_2" time="0.002336263656616211"></testcase><testcase classname="autoclass.tests.test_readme_usage" file="autoclass/tests/test_readme_usage.py" line="142" name="test_readme_usage_autoclass" time="0.01530599594116211"></testcase><testcase classname="autoclass.tests.test_readme_usage" file="autoclass/tests/test_readme_usage.py" line="177" name="test_readme_usage_autoclass_custom" time="0.009305238723754883"></testcase></testsuite>