<?xml version="1.0" encoding="utf-8"?><testsuite errors="0" failures="0" name="pytest" skips="1" tests="56" time="1.665"><testcase classname="autoclass.tests.test_autoargs" file="autoclass/tests/test_autoargs.py" line="6" name="test_autoargs_simple" time="0.004157066345214844"></testcase><testcase classname="autoclass.tests.test_autoargs" file="autoclass/tests/test_autoargs.py" line="23" name="test_autoargs_signature_preserving" time="0.0028693675994873047"></testcase><testcase classname="autoclass.tests.test_autoargs" file="autoclass/tests/test_autoargs.py" line="40" name="test_autoargs_varargs" time="0.0031633377075195312"></testcase><testcase classname="autoclass.tests.test_autoargs" file="autoclass/tests/test_autoargs.py" line="62" name="test_autoargs_varargs_kwvarargs" time="0.0031888484954833984"></testcase><testcase classname="autoclass.tests.test_autoargs" file="autoclass/tests/test_autoargs.py" line="88" name="test_autoargs_noarg" time="0.003050565719604492"></testcase><testcase classname="autoclass.tests.test_autoargs" file="autoclass/tests/test_autoargs.py" line="105" name="test_autoargs_include" time="0.00372314453125"></testcase><testcase classname="autoclass.tests.test_autoargs" file="autoclass/tests/test_autoargs.py" line="125" name="test_autoargs_exclude" time="0.0033931732177734375"></testcase><testcase classname="autoclass.tests.test_autoargs" file="autoclass/tests/test_autoargs.py" line="147" name="test_autoargs_include_exclude" time="0.0024263858795166016"></testcase><testcase classname="autoclass.tests.test_autoargs" file="autoclass/tests/test_autoargs.py" line="156" name="test_autoargs_include_exclude_typos" time="0.0023550987243652344"></testcase><testcase classname="autoclass.tests.test_autoargs" file="autoclass/tests/test_autoargs.py" line="184" name="test_autoargs_no_double_set_default" time="0.0029654502868652344"></testcase><testcase classname="autoclass.tests.test_autoclass" file="autoclass/tests/test_autoclass.py" line="6" name="test_autoclass_enforce_validate_not_reversed" time="0.026291370391845703"><system-out>Set surface to 12
</system-out></testcase><testcase classname="autoclass.tests.test_autoclass" file="autoclass/tests/test_autoclass.py" line="15" name="test_autoclass_enforce_validate_reversed" time="0.004681825637817383"></testcase><testcase classname="autoclass.tests.test_autoclass" file="autoclass/tests/test_autoclass.py" line="24" name="test_readme_pytypes" time="0.037416696548461914"></testcase><testcase classname="autoclass.tests.test_autoclass" file="autoclass/tests/test_autoclass.py" line="32" name="test_readme_enforce" time="0.00957798957824707"></testcase><testcase classname="autoclass.tests.test_autoclass" file="autoclass/tests/test_autoclass.py" line="41" name="test_autoclass_inheritance" time="0.008028745651245117"></testcase><testcase classname="autoclass.tests.test_autodict" file="autoclass/tests/test_autodict.py" line="10" name="test_autodict[only_constructor_args-only_public]" time="0.005529165267944336"></testcase><testcase classname="autoclass.tests.test_autodict" file="autoclass/tests/test_autodict.py" line="10" name="test_autodict[only_constructor_args-including class-private dunder fields]" time="0.004942655563354492"></testcase><testcase classname="autoclass.tests.test_autodict" file="autoclass/tests/test_autodict.py" line="10" name="test_autodict[all_obj_fields-only_public]" time="0.0051615238189697266"></testcase><testcase classname="autoclass.tests.test_autodict" file="autoclass/tests/test_autodict.py" line="10" name="test_autodict[all_obj_fields-including class-private dunder fields]" time="0.005219221115112305"></testcase><testcase classname="autoclass.tests.test_autohash" file="autoclass/tests/test_autohash.py" line="11" name="test_autohash[only_constructor_args-only_public]" time="0.0032625198364257812"></testcase><testcase classname="autoclass.tests.test_autohash" file="autoclass/tests/test_autohash.py" line="11" name="test_autohash[only_constructor_args-including class-private dunder fields]" time="0.0031974315643310547"></testcase><testcase classname="autoclass.tests.test_autohash" file="autoclass/tests/test_autohash.py" line="11" name="test_autohash[all_obj_fields-only_public]" time="0.0035440921783447266"></testcase><testcase classname="autoclass.tests.test_autohash" file="autoclass/tests/test_autohash.py" line="11" name="test_autohash[all_obj_fields-including class-private dunder fields]" time="0.0031092166900634766"></testcase><testcase classname="autoclass.tests.test_autohash" file="autoclass/tests/test_autohash.py" line="86" name="test_autohash_exclude" time="0.009227514266967773"></testcase><testcase classname="autoclass.tests.test_autoprops" file="autoclass/tests/test_autoprops.py" line="12" name="test_autoprops_no_contract" time="0.0045969486236572266"></testcase><testcase classname="autoclass.tests.test_autoprops" file="autoclass/tests/test_autoprops.py" line="34" name="test_autoprops_pycontracts" time="0.32656168937683105"></testcase><testcase classname="autoclass.tests.test_autoprops" file="autoclass/tests/test_autoprops.py" line="65" name="test_autoprops_include" time="0.0058460235595703125"></testcase><testcase classname="autoclass.tests.test_autoprops" file="autoclass/tests/test_autoprops.py" line="91" name="test_autoprops_exclude" time="0.005838871002197266"></testcase><testcase classname="autoclass.tests.test_autoprops" file="autoclass/tests/test_autoprops.py" line="117" name="test_autoprops_include_exclude" time="0.002930164337158203"></testcase><testcase classname="autoclass.tests.test_autoprops" file="autoclass/tests/test_autoprops.py" line="127" name="test_autoprops_override" time="0.013142585754394531"><system-out>Property &apos;b&apos; was set to &apos;[&apos;pie&apos;, &apos;pie2&apos;]&apos;
a is being read. Its value is &apos;rhubarb&apos;
Property &apos;b&apos; was set to &apos;[&apos;eh&apos;, &apos;oh&apos;]&apos;
</system-out></testcase><testcase classname="autoclass.tests.test_autoprops" file="autoclass/tests/test_autoprops.py" line="177" name="test_autoprops_override_exceptions" time="0.007031917572021484"></testcase><testcase classname="autoclass.tests.test_autoprops" file="autoclass/tests/test_autoprops.py" line="234" name="test_autoprops_manual" time="0.006859540939331055"></testcase><testcase classname="autoclass.tests.test_autoprops" file="autoclass/tests/test_autoprops.py" line="266" name="test_autoprops_signature_preserving" time="0.0049059391021728516"></testcase><testcase classname="autoclass.tests.test_autoprops" file="autoclass/tests/test_autoprops.py" line="296" name="test_autoprops_enforce_validate" time="0.012948274612426758"><system-out>Set surface to 12
Set surface to 0.1
</system-out></testcase><testcase classname="autoclass.tests.test_autoprops" file="autoclass/tests/test_autoprops.py" line="305" name="test_autoprops_enforce_default" time="0.007069587707519531"></testcase><testcase classname="autoclass.tests.test_packaging" file="autoclass/tests/test_packaging.py" line="1" name="test_named_import" time="0.0019731521606445312"></testcase><testcase classname="autoclass.tests.test_packaging" file="autoclass/tests/test_packaging.py" line="6" name="test_import_from" time="0.0018992424011230469"></testcase><testcase classname="autoclass.tests.test_packaging_wild" file="autoclass/tests/test_packaging_wild.py" line="3" name="test_wild_import" time="0.001859903335571289"></testcase><testcase classname="autoclass.tests.test_readme_index" file="autoclass/tests/test_readme_index.py" line="15" name="test_readme_index_basic" time="0.005657672882080078"></testcase><testcase classname="autoclass.tests.test_readme_index" file="autoclass/tests/test_readme_index.py" line="30" name="test_readme_index_basic2" time="0.006348133087158203"></testcase><testcase classname="autoclass.tests.test_readme_index" file="autoclass/tests/test_readme_index.py" line="56" name="test_readme_enforce_simple" time="0.008304595947265625"></testcase><testcase classname="autoclass.tests.test_readme_index" file="autoclass/tests/test_readme_index.py" line="65" name="test_readme_index_pytypes_simple" time="0.014635324478149414"></testcase><testcase classname="autoclass.tests.test_readme_index" file="autoclass/tests/test_readme_index.py" line="73" name="test_readme_index_valid8_simple" time="0.008056879043579102"></testcase><testcase classname="autoclass.tests.test_readme_index" file="autoclass/tests/test_readme_index.py" line="104" name="test_readme_index_enforce_valid8" time="0.015203714370727539"></testcase><testcase classname="autoclass.tests.test_readme_index" file="autoclass/tests/test_readme_index.py" line="113" name="test_readme_pycontracts_simple" time="0.02734661102294922"></testcase><testcase classname="autoclass.tests.test_readme_index" file="autoclass/tests/test_readme_index.py" line="135" name="test_readme_old_way" time="0.002115488052368164"></testcase><testcase classname="autoclass.tests.test_readme_index" file="autoclass/tests/test_readme_index.py" line="204" name="test_readme_pycontracts_complex" time="0.03978419303894043"></testcase><testcase classname="autoclass.tests.test_readme_index" file="autoclass/tests/test_readme_index.py" line="240" name="test_readme_pytypes_validate_complex" time="0.0014147758483886719"><skipped message="open bug in pytypes https://github.com/Stewori/pytypes/issues/19" type="pytest.skip">autoclass/tests/test_readme_index.py:240: open bug in pytypes https://github.com/Stewori/pytypes/issues/19</skipped></testcase><testcase classname="autoclass.tests.test_readme_usage" file="autoclass/tests/test_readme_usage.py" line="14" name="test_readme_usage_autoprops_validate" time="0.0069653987884521484"></testcase><testcase classname="autoclass.tests.test_readme_usage" file="autoclass/tests/test_readme_usage.py" line="35" name="test_readme_usage_autodict_1" time="0.005589723587036133"></testcase><testcase classname="autoclass.tests.test_readme_usage" file="autoclass/tests/test_readme_usage.py" line="80" name="test_readme_usage_autodict_2" time="0.004569053649902344"></testcase><testcase classname="autoclass.tests.test_readme_usage" file="autoclass/tests/test_readme_usage.py" line="99" name="test_readme_usage_autodict_3" time="0.00450444221496582"></testcase><testcase classname="autoclass.tests.test_readme_usage" file="autoclass/tests/test_readme_usage.py" line="121" name="test_readme_usage_autohash_1" time="0.002086162567138672"></testcase><testcase classname="autoclass.tests.test_readme_usage" file="autoclass/tests/test_readme_usage.py" line="148" name="test_readme_usage_autohash_2" time="0.0034110546112060547"></testcase><testcase classname="autoclass.tests.test_readme_usage" file="autoclass/tests/test_readme_usage.py" line="171" name="test_readme_usage_autoclass" time="0.015290975570678711"></testcase><testcase classname="autoclass.tests.test_readme_usage" file="autoclass/tests/test_readme_usage.py" line="179" name="test_readme_usage_autoclass_custom" time="0.011515617370605469"></testcase></testsuite>