<?xml version="1.0" encoding="utf-8"?><testsuite errors="0" failures="0" name="pytest" skips="11" tests="86" time="1.264"><testcase classname="autoclass.tests.doc.test_autoclass_readme" file="autoclass/tests/doc/test_autoclass_readme.py" line="9" name="test_readme_pytypes" time="0.0006346702575683594"><skipped message="Skipped until I understand why pytypes makes pytest.raises fail" type="pytest.skip">autoclass/tests/doc/test_autoclass_readme.py:9: Skipped until I understand why pytypes makes pytest.raises fail</skipped></testcase><testcase classname="autoclass.tests.doc.test_autoclass_readme" file="autoclass/tests/doc/test_autoclass_readme.py" line="17" name="test_readme_enforce" time="0.023817777633666992"></testcase><testcase classname="autoclass.tests.doc.test_readme_index" file="autoclass/tests/doc/test_readme_index.py" line="16" name="test_readme_index_pyfields" time="0.0033333301544189453"></testcase><testcase classname="autoclass.tests.doc.test_readme_index" file="autoclass/tests/doc/test_readme_index.py" line="39" name="test_readme_index_basic" time="0.0025565624237060547"></testcase><testcase classname="autoclass.tests.doc.test_readme_index" file="autoclass/tests/doc/test_readme_index.py" line="54" name="test_readme_index_basic2" time="0.002373218536376953"></testcase><testcase classname="autoclass.tests.doc.test_readme_index" file="autoclass/tests/doc/test_readme_index.py" line="80" name="test_readme_enforce_simple" time="0.005152702331542969"></testcase><testcase classname="autoclass.tests.doc.test_readme_index" file="autoclass/tests/doc/test_readme_index.py" line="90" name="test_readme_index_pytypes_simple" time="0.0005695819854736328"><skipped message="Skip until I understand why pytypes makes pytest crash" type="pytest.skip">autoclass/tests/doc/test_readme_index.py:90: Skip until I understand why pytypes makes pytest crash</skipped></testcase><testcase classname="autoclass.tests.doc.test_readme_index" file="autoclass/tests/doc/test_readme_index.py" line="98" name="test_readme_index_valid8_simple" time="0.004953622817993164"></testcase><testcase classname="autoclass.tests.doc.test_readme_index" file="autoclass/tests/doc/test_readme_index.py" line="129" name="test_readme_index_enforce_valid8" time="0.008043527603149414"></testcase><testcase classname="autoclass.tests.doc.test_readme_index" file="autoclass/tests/doc/test_readme_index.py" line="138" name="test_readme_pycontracts_simple" time="0.27462315559387207"></testcase><testcase classname="autoclass.tests.doc.test_readme_index" file="autoclass/tests/doc/test_readme_index.py" line="160" name="test_readme_old_way" time="0.0019457340240478516"></testcase><testcase classname="autoclass.tests.doc.test_readme_index" file="autoclass/tests/doc/test_readme_index.py" line="229" name="test_readme_pycontracts_complex" time="0.030599117279052734"></testcase><testcase classname="autoclass.tests.doc.test_readme_index" file="autoclass/tests/doc/test_readme_index.py" line="265" name="test_readme_pytypes_validate_complex" time="0.0006392002105712891"><skipped message="open bug in pytypes https://github.com/Stewori/pytypes/issues/19" type="pytest.skip">autoclass/tests/doc/test_readme_index.py:265: open bug in pytypes https://github.com/Stewori/pytypes/issues/19</skipped></testcase><testcase classname="autoclass.tests.doc.test_readme_usage" file="autoclass/tests/doc/test_readme_usage.py" line="15" name="test_readme_usage_autoprops_validate" time="0.003838777542114258"></testcase><testcase classname="autoclass.tests.doc.test_readme_usage" file="autoclass/tests/doc/test_readme_usage.py" line="36" name="test_readme_usage_autodict_1" time="0.003882169723510742"></testcase><testcase classname="autoclass.tests.doc.test_readme_usage" file="autoclass/tests/doc/test_readme_usage.py" line="81" name="test_readme_usage_autodict_2" time="0.0035400390625"></testcase><testcase classname="autoclass.tests.doc.test_readme_usage" file="autoclass/tests/doc/test_readme_usage.py" line="100" name="test_readme_usage_autodict_3" time="0.002798795700073242"></testcase><testcase classname="autoclass.tests.doc.test_readme_usage" file="autoclass/tests/doc/test_readme_usage.py" line="122" name="test_readme_usage_autodict_4" time="0.0038576126098632812"></testcase><testcase classname="autoclass.tests.doc.test_readme_usage" file="autoclass/tests/doc/test_readme_usage.py" line="145" name="test_readme_usage_autohash_1" time="0.0013015270233154297"></testcase><testcase classname="autoclass.tests.doc.test_readme_usage" file="autoclass/tests/doc/test_readme_usage.py" line="172" name="test_readme_usage_autohash_2" time="0.002184629440307617"></testcase><testcase classname="autoclass.tests.doc.test_readme_usage" file="autoclass/tests/doc/test_readme_usage.py" line="195" name="test_readme_usage_autoclass" time="0.013073921203613281"></testcase><testcase classname="autoclass.tests.doc.test_readme_usage" file="autoclass/tests/doc/test_readme_usage.py" line="203" name="test_readme_usage_autoclass_custom" time="0.008566856384277344"></testcase><testcase classname="autoclass.tests.features.test_autoargs" file="autoclass/tests/features/test_autoargs.py" line="6" name="test_autoargs_simple" time="0.002463817596435547"></testcase><testcase classname="autoclass.tests.features.test_autoargs" file="autoclass/tests/features/test_autoargs.py" line="23" name="test_autoargs_signature_preserving" time="0.0019047260284423828"></testcase><testcase classname="autoclass.tests.features.test_autoargs" file="autoclass/tests/features/test_autoargs.py" line="40" name="test_autoargs_varargs" time="0.0019741058349609375"></testcase><testcase classname="autoclass.tests.features.test_autoargs" file="autoclass/tests/features/test_autoargs.py" line="62" name="test_autoargs_varargs_kwvarargs" time="0.002072572708129883"></testcase><testcase classname="autoclass.tests.features.test_autoargs" file="autoclass/tests/features/test_autoargs.py" line="88" name="test_autoargs_noarg" time="0.001905202865600586"></testcase><testcase classname="autoclass.tests.features.test_autoargs" file="autoclass/tests/features/test_autoargs.py" line="105" name="test_autoargs_include" time="0.0019829273223876953"></testcase><testcase classname="autoclass.tests.features.test_autoargs" file="autoclass/tests/features/test_autoargs.py" line="125" name="test_autoargs_exclude" time="0.0022439956665039062"></testcase><testcase classname="autoclass.tests.features.test_autoargs" file="autoclass/tests/features/test_autoargs.py" line="147" name="test_autoargs_include_exclude" time="0.0014622211456298828"></testcase><testcase classname="autoclass.tests.features.test_autoargs" file="autoclass/tests/features/test_autoargs.py" line="156" name="test_autoargs_include_exclude_typos" time="0.0016021728515625"></testcase><testcase classname="autoclass.tests.features.test_autoargs" file="autoclass/tests/features/test_autoargs.py" line="173" name="test_autoargs_no_double_set_default" time="0.001871347427368164"></testcase><testcase classname="autoclass.tests.features.test_autoclass" file="autoclass/tests/features/test_autoclass.py" line="11" name="test_autoclass_enforce_validate_not_reversed" time="0.008069038391113281"><system-out>Set surface to 12
</system-out></testcase><testcase classname="autoclass.tests.features.test_autoclass" file="autoclass/tests/features/test_autoclass.py" line="20" name="test_autoclass_enforce_validate_reversed" time="0.002904653549194336"></testcase><testcase classname="autoclass.tests.features.test_autoclass" file="autoclass/tests/features/test_autoclass.py" line="29" name="test_autoclass_inheritance" time="0.0062830448150634766"></testcase><testcase classname="autoclass.tests.features.test_autoclass" file="autoclass/tests/features/test_autoclass.py" line="55" name="test_autoclass_pickle_inheritance" time="0.0063359737396240234"></testcase><testcase classname="autoclass.tests.features.test_autoclass" file="autoclass/tests/features/test_autoclass.py" line="76" name="test_autoclass_slots" time="0.0057218074798583984"></testcase><testcase classname="autoclass.tests.features.test_autoclass" file="autoclass/tests/features/test_autoclass.py" line="104" name="test_autoclass_private" time="0.0033931732177734375"></testcase><testcase classname="autoclass.tests.features.test_autoclass" file="autoclass/tests/features/test_autoclass.py" line="117" name="test_autoclass_pyfields" time="0.004293918609619141"></testcase><testcase classname="autoclass.tests.features.test_autoclass" file="autoclass/tests/features/test_autoclass.py" line="155" name="test_autoclass_autopyfields" time="0.0038101673126220703"></testcase><testcase classname="autoclass.tests.features.test_autoclass" file="autoclass/tests/features/test_autoclass.py" line="167" name="test_autoclass_autopyfields_inherited" time="0.0034372806549072266"></testcase><testcase classname="autoclass.tests.features.test_autodict" file="autoclass/tests/features/test_autodict.py" line="10" name="test_autodict[only_constructor_args-only_public]" time="0.003257274627685547"></testcase><testcase classname="autoclass.tests.features.test_autodict" file="autoclass/tests/features/test_autodict.py" line="10" name="test_autodict[only_constructor_args-including class-private dunder fields]" time="0.003176450729370117"></testcase><testcase classname="autoclass.tests.features.test_autodict" file="autoclass/tests/features/test_autodict.py" line="10" name="test_autodict[all_obj_fields-only_public]" time="0.0032570362091064453"></testcase><testcase classname="autoclass.tests.features.test_autodict" file="autoclass/tests/features/test_autodict.py" line="10" name="test_autodict[all_obj_fields-including class-private dunder fields]" time="0.0034027099609375"></testcase><testcase classname="autoclass.tests.features.test_autodict" file="autoclass/tests/features/test_autodict.py" line="138" name="test_autodict_pyfields" time="0.003077268600463867"></testcase><testcase classname="autoclass.tests.features.test_autohash" file="autoclass/tests/features/test_autohash.py" line="11" name="test_autohash[only_constructor_args-only_public]" time="0.0022420883178710938"></testcase><testcase classname="autoclass.tests.features.test_autohash" file="autoclass/tests/features/test_autohash.py" line="11" name="test_autohash[only_constructor_args-including class-private dunder fields]" time="0.002122640609741211"></testcase><testcase classname="autoclass.tests.features.test_autohash" file="autoclass/tests/features/test_autohash.py" line="11" name="test_autohash[all_obj_fields-only_public]" time="0.00215911865234375"></testcase><testcase classname="autoclass.tests.features.test_autohash" file="autoclass/tests/features/test_autohash.py" line="11" name="test_autohash[all_obj_fields-including class-private dunder fields]" time="0.0018575191497802734"></testcase><testcase classname="autoclass.tests.features.test_autohash" file="autoclass/tests/features/test_autohash.py" line="86" name="test_autohash_exclude" time="0.005448102951049805"></testcase><testcase classname="autoclass.tests.features.test_autohash" file="autoclass/tests/features/test_autohash.py" line="125" name="test_autohash_pyfields[only_known_fields=False]" time="0.002884387969970703"></testcase><testcase classname="autoclass.tests.features.test_autohash" file="autoclass/tests/features/test_autohash.py" line="125" name="test_autohash_pyfields[only_known_fields=True]" time="0.004420757293701172"></testcase><testcase classname="autoclass.tests.features.test_autoprops" file="autoclass/tests/features/test_autoprops.py" line="12" name="test_autoprops_no_contract" time="0.0020415782928466797"></testcase><testcase classname="autoclass.tests.features.test_autoprops" file="autoclass/tests/features/test_autoprops.py" line="34" name="test_autoprops_pycontracts" time="0.020626544952392578"></testcase><testcase classname="autoclass.tests.features.test_autoprops" file="autoclass/tests/features/test_autoprops.py" line="65" name="test_autoprops_include" time="0.003670930862426758"></testcase><testcase classname="autoclass.tests.features.test_autoprops" file="autoclass/tests/features/test_autoprops.py" line="91" name="test_autoprops_exclude" time="0.004479169845581055"></testcase><testcase classname="autoclass.tests.features.test_autoprops" file="autoclass/tests/features/test_autoprops.py" line="117" name="test_autoprops_include_exclude" time="0.006372690200805664"></testcase><testcase classname="autoclass.tests.features.test_autoprops" file="autoclass/tests/features/test_autoprops.py" line="127" name="test_autoprops_override" time="0.0057218074798583984"><system-out>Property &apos;b&apos; was set to &apos;[&apos;pie&apos;, &apos;pie2&apos;]&apos;
a is being read. Its value is &apos;rhubarb&apos;
Property &apos;b&apos; was set to &apos;[&apos;eh&apos;, &apos;oh&apos;]&apos;
</system-out></testcase><testcase classname="autoclass.tests.features.test_autoprops" file="autoclass/tests/features/test_autoprops.py" line="177" name="test_autoprops_override_exceptions" time="0.003317117691040039"></testcase><testcase classname="autoclass.tests.features.test_autoprops" file="autoclass/tests/features/test_autoprops.py" line="234" name="test_autoprops_manual" time="0.0061244964599609375"></testcase><testcase classname="autoclass.tests.features.test_autoprops" file="autoclass/tests/features/test_autoprops.py" line="266" name="test_autoprops_signature_preserving" time="0.0025534629821777344"></testcase><testcase classname="autoclass.tests.features.test_autoprops" file="autoclass/tests/features/test_autoprops.py" line="296" name="test_autoprops_enforce_validate" time="0.009407281875610352"><system-out>Set surface to 12
Set surface to 0.1
</system-out></testcase><testcase classname="autoclass.tests.features.test_autoprops" file="autoclass/tests/features/test_autoprops.py" line="305" name="test_autoprops_enforce_default" time="0.0038919448852539062"></testcase><testcase classname="autoclass.tests.features.test_autorepr" file="autoclass/tests/features/test_autorepr.py" line="10" name="test_autorepr[curly_mode=False-only_constructor_args-only_public]" time="0.0007870197296142578"><skipped message="class vars order is not preserved" type="pytest.skip">autoclass/tests/features/test_autorepr.py:10: class vars order is not preserved</skipped></testcase><testcase classname="autoclass.tests.features.test_autorepr" file="autoclass/tests/features/test_autorepr.py" line="10" name="test_autorepr[curly_mode=False-only_constructor_args-including class-private dunder fields]" time="0.0008161067962646484"><skipped message="class vars order is not preserved" type="pytest.skip">autoclass/tests/features/test_autorepr.py:10: class vars order is not preserved</skipped></testcase><testcase classname="autoclass.tests.features.test_autorepr" file="autoclass/tests/features/test_autorepr.py" line="10" name="test_autorepr[curly_mode=False-all_obj_fields-only_public]" time="0.0008635520935058594"><skipped message="class vars order is not preserved" type="pytest.skip">autoclass/tests/features/test_autorepr.py:10: class vars order is not preserved</skipped></testcase><testcase classname="autoclass.tests.features.test_autorepr" file="autoclass/tests/features/test_autorepr.py" line="10" name="test_autorepr[curly_mode=False-all_obj_fields-including class-private dunder fields]" time="0.00046706199645996094"><skipped message="class vars order is not preserved" type="pytest.skip">autoclass/tests/features/test_autorepr.py:10: class vars order is not preserved</skipped></testcase><testcase classname="autoclass.tests.features.test_autorepr" file="autoclass/tests/features/test_autorepr.py" line="10" name="test_autorepr[curly_mode=True-only_constructor_args-only_public]" time="0.0007994174957275391"><skipped message="class vars order is not preserved" type="pytest.skip">autoclass/tests/features/test_autorepr.py:10: class vars order is not preserved</skipped></testcase><testcase classname="autoclass.tests.features.test_autorepr" file="autoclass/tests/features/test_autorepr.py" line="10" name="test_autorepr[curly_mode=True-only_constructor_args-including class-private dunder fields]" time="0.0008308887481689453"><skipped message="class vars order is not preserved" type="pytest.skip">autoclass/tests/features/test_autorepr.py:10: class vars order is not preserved</skipped></testcase><testcase classname="autoclass.tests.features.test_autorepr" file="autoclass/tests/features/test_autorepr.py" line="10" name="test_autorepr[curly_mode=True-all_obj_fields-only_public]" time="0.0008268356323242188"><skipped message="class vars order is not preserved" type="pytest.skip">autoclass/tests/features/test_autorepr.py:10: class vars order is not preserved</skipped></testcase><testcase classname="autoclass.tests.features.test_autorepr" file="autoclass/tests/features/test_autorepr.py" line="10" name="test_autorepr[curly_mode=True-all_obj_fields-including class-private dunder fields]" time="0.0007996559143066406"><skipped message="class vars order is not preserved" type="pytest.skip">autoclass/tests/features/test_autorepr.py:10: class vars order is not preserved</skipped></testcase><testcase classname="autoclass.tests.features.test_autorepr" file="autoclass/tests/features/test_autorepr.py" line="84" name="test_autorepr_pyfields[curly_mode=False]" time="0.003236532211303711"></testcase><testcase classname="autoclass.tests.features.test_autorepr" file="autoclass/tests/features/test_autorepr.py" line="84" name="test_autorepr_pyfields[curly_mode=True]" time="0.003507852554321289"></testcase><testcase classname="autoclass.tests.features.test_autoslots_" file="autoclass/tests/features/test_autoslots_.py" line="10" name="test_autoslots[preexisting=False-add_weakref_slot=False-use_public_names=False]" time="0.0032999515533447266"></testcase><testcase classname="autoclass.tests.features.test_autoslots_" file="autoclass/tests/features/test_autoslots_.py" line="10" name="test_autoslots[preexisting=False-add_weakref_slot=False-use_public_names=True]" time="0.0031890869140625"></testcase><testcase classname="autoclass.tests.features.test_autoslots_" file="autoclass/tests/features/test_autoslots_.py" line="10" name="test_autoslots[preexisting=False-add_weakref_slot=True-use_public_names=False]" time="0.004360198974609375"></testcase><testcase classname="autoclass.tests.features.test_autoslots_" file="autoclass/tests/features/test_autoslots_.py" line="10" name="test_autoslots[preexisting=False-add_weakref_slot=True-use_public_names=True]" time="0.004149436950683594"></testcase><testcase classname="autoclass.tests.features.test_autoslots_" file="autoclass/tests/features/test_autoslots_.py" line="10" name="test_autoslots[preexisting=True-add_weakref_slot=False-use_public_names=False]" time="0.0047454833984375"><system-out>
</system-out></testcase><testcase classname="autoclass.tests.features.test_autoslots_" file="autoclass/tests/features/test_autoslots_.py" line="10" name="test_autoslots[preexisting=True-add_weakref_slot=False-use_public_names=True]" time="0.0030117034912109375"><system-out>
</system-out></testcase><testcase classname="autoclass.tests.features.test_autoslots_" file="autoclass/tests/features/test_autoslots_.py" line="10" name="test_autoslots[preexisting=True-add_weakref_slot=True-use_public_names=False]" time="0.004528045654296875"><system-out>
</system-out></testcase><testcase classname="autoclass.tests.features.test_autoslots_" file="autoclass/tests/features/test_autoslots_.py" line="10" name="test_autoslots[preexisting=True-add_weakref_slot=True-use_public_names=True]" time="0.001499176025390625"><system-out>
</system-out></testcase><testcase classname="autoclass.tests.features.test_autoslots_" file="autoclass/tests/features/test_autoslots_.py" line="52" name="test_autoslots_args_props" time="0.0026388168334960938"></testcase><testcase classname="autoclass.tests.packaging_.test_packaging" file="autoclass/tests/packaging_/test_packaging.py" line="1" name="test_named_import" time="0.0029325485229492188"></testcase><testcase classname="autoclass.tests.packaging_.test_packaging" file="autoclass/tests/packaging_/test_packaging.py" line="6" name="test_import_from" time="0.002759218215942383"></testcase><testcase classname="autoclass.tests.packaging_.test_packaging_wild" file="autoclass/tests/packaging_/test_packaging_wild.py" line="3" name="test_wild_import" time="0.00347900390625"></testcase></testsuite>