<?xml version="1.0" encoding="utf-8"?><testsuite errors="0" failures="1" name="pytest" skips="0" tests="48" time="1.009"><testcase classname="autoclass.tests.test_autoargs" file="autoclass/tests/test_autoargs.py" line="4" name="test_autoargs_simple" time="0.0019512176513671875"></testcase><testcase classname="autoclass.tests.test_autoargs" file="autoclass/tests/test_autoargs.py" line="21" name="test_autoargs_signature_preserving" time="0.001661062240600586"></testcase><testcase classname="autoclass.tests.test_autoargs" file="autoclass/tests/test_autoargs.py" line="35" name="test_autoargs_varargs" time="0.0013227462768554688"></testcase><testcase classname="autoclass.tests.test_autoargs" file="autoclass/tests/test_autoargs.py" line="57" name="test_autoargs_varargs_kwvarargs" time="0.0012233257293701172"></testcase><testcase classname="autoclass.tests.test_autoargs" file="autoclass/tests/test_autoargs.py" line="82" name="test_autoargs_noarg" time="0.001644134521484375"></testcase><testcase classname="autoclass.tests.test_autoargs" file="autoclass/tests/test_autoargs.py" line="99" name="test_autoargs_include" time="0.0017728805541992188"></testcase><testcase classname="autoclass.tests.test_autoargs" file="autoclass/tests/test_autoargs.py" line="119" name="test_autoargs_exclude" time="0.0018947124481201172"></testcase><testcase classname="autoclass.tests.test_autoargs" file="autoclass/tests/test_autoargs.py" line="141" name="test_autoargs_include_exclude" time="0.0013685226440429688"></testcase><testcase classname="autoclass.tests.test_autoargs" file="autoclass/tests/test_autoargs.py" line="150" name="test_autoargs_include_exclude_typos" time="0.0016317367553710938"></testcase><testcase classname="autoclass.tests.test_autodict" file="autoclass/tests/test_autodict.py" line="6" name="test_autodict[only_constructor_args-only_public]" time="0.0036742687225341797"></testcase><testcase classname="autoclass.tests.test_autodict" file="autoclass/tests/test_autodict.py" line="6" name="test_autodict[only_constructor_args-including class-private dunder fields]" time="0.003290891647338867"></testcase><testcase classname="autoclass.tests.test_autodict" file="autoclass/tests/test_autodict.py" line="6" name="test_autodict[all_obj_fields-only_public]" time="0.003289461135864258"></testcase><testcase classname="autoclass.tests.test_autodict" file="autoclass/tests/test_autodict.py" line="6" name="test_autodict[all_obj_fields-including class-private dunder fields]" time="0.002968311309814453"></testcase><testcase classname="autoclass.tests.test_autoprops" file="autoclass/tests/test_autoprops.py" line="8" name="test_autoprops_no_contract" time="0.0024602413177490234"></testcase><testcase classname="autoclass.tests.test_autoprops" file="autoclass/tests/test_autoprops.py" line="27" name="test_autoprops_pycontracts" time="0.22363829612731934"></testcase><testcase classname="autoclass.tests.test_autoprops" file="autoclass/tests/test_autoprops.py" line="55" name="test_autoprops_include" time="0.0032694339752197266"></testcase><testcase classname="autoclass.tests.test_autoprops" file="autoclass/tests/test_autoprops.py" line="78" name="test_autoprops_exclude" time="0.003373861312866211"></testcase><testcase classname="autoclass.tests.test_autoprops" file="autoclass/tests/test_autoprops.py" line="101" name="test_autoprops_include_exclude" time="0.0016999244689941406"></testcase><testcase classname="autoclass.tests.test_autoprops" file="autoclass/tests/test_autoprops.py" line="111" name="test_autoprops_override" time="0.010040760040283203"><system-out>Property &apos;b&apos; was set to &apos;[&apos;pie&apos;, &apos;pie2&apos;]&apos;
a is being read. Its value is &apos;rhubarb&apos;
Property &apos;b&apos; was set to &apos;[&apos;eh&apos;, &apos;oh&apos;]&apos;
</system-out></testcase><testcase classname="autoclass.tests.test_autoprops" file="autoclass/tests/test_autoprops.py" line="156" name="test_autoprops_override_exceptions" time="0.004338264465332031"></testcase><testcase classname="autoclass.tests.test_autoprops" file="autoclass/tests/test_autoprops.py" line="201" name="test_autoprops_manual" time="0.003805875778198242"></testcase><testcase classname="autoclass.tests.test_autoprops" file="autoclass/tests/test_autoprops.py" line="230" name="test_autoprops_signature_preserving" time="0.0025615692138671875"></testcase><testcase classname="autoclass.tests.test_autoprops" file="autoclass/tests/test_autoprops.py" line="252" name="test_autoprops_enforce_validate" time="0.023801803588867188"><system-out>Set surface to 12
Set surface to 0.1
</system-out></testcase><testcase classname="autoclass.tests.test_readme" file="autoclass/tests/test_readme.py" line="6" name="test_readme_old_way" time="0.0015616416931152344"></testcase><testcase classname="autoclass.tests.test_readme" file="autoclass/tests/test_readme.py" line="67" name="test_readme_pycontracts" time="0.04918789863586426"></testcase><testcase classname="autoclass.tests.test_readme" file="autoclass/tests/test_readme.py" line="102" name="test_readme_typechecked" time="0.002315521240234375"><failure message="ImportError: No module named &apos;pytypes&apos;">def test_readme_typechecked():
        &quot;&quot;&quot; Makes sure that the code in the documentation page is correct for the pytypes example &quot;&quot;&quot;
    
        # from autoclass import autoargs, autoprops, Boolean
&gt;       from pytypes import typechecked
E       ImportError: No module named &apos;pytypes&apos;

autoclass/tests/test_readme.py:107: ImportError</failure></testcase><testcase classname="autoclass.tests.test_readme" file="autoclass/tests/test_readme.py" line="141" name="test_readme_enforce" time="0.0066416263580322266"></testcase><testcase classname="autoclass.tests.test_readme" file="autoclass/tests/test_readme.py" line="184" name="test_readme_enforce_validate" time="0.012670278549194336"><system-out>Set surface to 12
name: test
surface: 12
nb_floors: None
with_windows: False
Set surface to 1
</system-out></testcase><testcase classname="autoclass.tests.test_readme" file="autoclass/tests/test_readme.py" line="246" name="test_readme_usage_autoprops_validate" time="0.002545595169067383"></testcase><testcase classname="autoclass.tests.test_readme" file="autoclass/tests/test_readme.py" line="265" name="test_readme_usage_autodict_1" time="0.0031745433807373047"></testcase><testcase classname="autoclass.tests.test_readme" file="autoclass/tests/test_readme.py" line="304" name="test_readme_usage_autodict_2" time="0.0018756389617919922"></testcase><testcase classname="autoclass.tests.test_readme" file="autoclass/tests/test_readme.py" line="320" name="test_readme_usage_autodict_3" time="0.002326488494873047"></testcase><testcase classname="autoclass.tests.test_readme" file="autoclass/tests/test_readme.py" line="339" name="test_readme_usage_autoclass" time="0.010977029800415039"></testcase><testcase classname="autoclass.tests.test_readme" file="autoclass/tests/test_readme.py" line="374" name="test_readme_usage_autoclass_custom" time="0.0063991546630859375"></testcase><testcase classname="autoclass.tests.test_validate.TestValidate" file="autoclass/tests/test_validate.py" line="287" name="test_decorate_manually" time="0.0017604827880859375"></testcase><testcase classname="autoclass.tests.test_validate.TestValidate" file="autoclass/tests/test_validate.py" line="217" name="test_validate_and" time="0.0016627311706542969"><system-out>hello
hello
</system-out></testcase><testcase classname="autoclass.tests.test_validate.TestValidate" file="autoclass/tests/test_validate.py" line="45" name="test_validate_custom" time="0.0019958019256591797"><system-out>hello
</system-out></testcase><testcase classname="autoclass.tests.test_validate.TestValidate" file="autoclass/tests/test_validate.py" line="38" name="test_validate_empty" time="0.0011756420135498047"></testcase><testcase classname="autoclass.tests.test_validate.TestValidate" file="autoclass/tests/test_validate.py" line="85" name="test_validate_enforce" time="0.0037834644317626953"><system-out>hello
</system-out></testcase><testcase classname="autoclass.tests.test_validate.TestValidate" file="autoclass/tests/test_validate.py" line="252" name="test_validate_is_in" time="0.0015726089477539062"><system-out>hello
</system-out></testcase><testcase classname="autoclass.tests.test_validate.TestValidate" file="autoclass/tests/test_validate.py" line="104" name="test_validate_name_error" time="0.0016055107116699219"></testcase><testcase classname="autoclass.tests.test_validate.TestValidate" file="autoclass/tests/test_validate.py" line="111" name="test_validate_none_is_allowed" time="0.0013508796691894531"><system-out>hello
hello
</system-out></testcase><testcase classname="autoclass.tests.test_validate.TestValidate" file="autoclass/tests/test_validate.py" line="120" name="test_validate_not" time="0.0034890174865722656"><system-out>hello
</system-out></testcase><testcase classname="autoclass.tests.test_validate.TestValidate" file="autoclass/tests/test_validate.py" line="150" name="test_validate_or" time="0.0024111270904541016"><system-out>hello
hello
hello
hello
</system-out></testcase><testcase classname="autoclass.tests.test_validate.TestValidate" file="autoclass/tests/test_validate.py" line="8" name="test_validate_simple" time="0.0019800662994384766"><system-out>hello
</system-out></testcase><testcase classname="autoclass.tests.test_validate.TestValidate" file="autoclass/tests/test_validate.py" line="264" name="test_validate_subset_superset" time="0.002242565155029297"><system-out>hello
</system-out></testcase><testcase classname="autoclass.tests.test_validate.TestValidate" file="autoclass/tests/test_validate.py" line="31" name="test_validate_wrong_notnone" time="0.001337289810180664"></testcase><testcase classname="autoclass.tests.test_validate.TestValidate" file="autoclass/tests/test_validate.py" line="184" name="test_validate_xor" time="0.0020487308502197266"><system-out>hello
hello
hello
</system-out></testcase></testsuite>