<?xml version="1.0" encoding="utf-8"?><testsuite errors="0" failures="1" name="pytest" skips="0" tests="48" time="1.272"><testcase classname="autoclass.tests.test_autoargs" file="autoclass/tests/test_autoargs.py" line="4" name="test_autoargs_simple" time="0.0021789073944091797"></testcase><testcase classname="autoclass.tests.test_autoargs" file="autoclass/tests/test_autoargs.py" line="21" name="test_autoargs_signature_preserving" time="0.001920461654663086"></testcase><testcase classname="autoclass.tests.test_autoargs" file="autoclass/tests/test_autoargs.py" line="35" name="test_autoargs_varargs" time="0.0023865699768066406"></testcase><testcase classname="autoclass.tests.test_autoargs" file="autoclass/tests/test_autoargs.py" line="57" name="test_autoargs_varargs_kwvarargs" time="0.0020139217376708984"></testcase><testcase classname="autoclass.tests.test_autoargs" file="autoclass/tests/test_autoargs.py" line="82" name="test_autoargs_noarg" time="0.001940011978149414"></testcase><testcase classname="autoclass.tests.test_autoargs" file="autoclass/tests/test_autoargs.py" line="99" name="test_autoargs_include" time="0.0018868446350097656"></testcase><testcase classname="autoclass.tests.test_autoargs" file="autoclass/tests/test_autoargs.py" line="119" name="test_autoargs_exclude" time="0.00189971923828125"></testcase><testcase classname="autoclass.tests.test_autoargs" file="autoclass/tests/test_autoargs.py" line="141" name="test_autoargs_include_exclude" time="0.0010366439819335938"></testcase><testcase classname="autoclass.tests.test_autoargs" file="autoclass/tests/test_autoargs.py" line="150" name="test_autoargs_include_exclude_typos" time="0.0020198822021484375"></testcase><testcase classname="autoclass.tests.test_autodict" file="autoclass/tests/test_autodict.py" line="6" name="test_autodict[only_constructor_args-only_public]" time="0.004781007766723633"></testcase><testcase classname="autoclass.tests.test_autodict" file="autoclass/tests/test_autodict.py" line="6" name="test_autodict[only_constructor_args-including class-private dunder fields]" time="0.004576444625854492"></testcase><testcase classname="autoclass.tests.test_autodict" file="autoclass/tests/test_autodict.py" line="6" name="test_autodict[all_obj_fields-only_public]" time="0.003885984420776367"></testcase><testcase classname="autoclass.tests.test_autodict" file="autoclass/tests/test_autodict.py" line="6" name="test_autodict[all_obj_fields-including class-private dunder fields]" time="0.0038111209869384766"></testcase><testcase classname="autoclass.tests.test_autoprops" file="autoclass/tests/test_autoprops.py" line="8" name="test_autoprops_no_contract" time="0.002199411392211914"></testcase><testcase classname="autoclass.tests.test_autoprops" file="autoclass/tests/test_autoprops.py" line="27" name="test_autoprops_pycontracts" time="0.27498459815979004"></testcase><testcase classname="autoclass.tests.test_autoprops" file="autoclass/tests/test_autoprops.py" line="55" name="test_autoprops_include" time="0.0036056041717529297"></testcase><testcase classname="autoclass.tests.test_autoprops" file="autoclass/tests/test_autoprops.py" line="78" name="test_autoprops_exclude" time="0.00476384162902832"></testcase><testcase classname="autoclass.tests.test_autoprops" file="autoclass/tests/test_autoprops.py" line="101" name="test_autoprops_include_exclude" time="0.0016865730285644531"></testcase><testcase classname="autoclass.tests.test_autoprops" file="autoclass/tests/test_autoprops.py" line="111" name="test_autoprops_override" time="0.010955333709716797"><system-out>Property &apos;b&apos; was set to &apos;[&apos;pie&apos;, &apos;pie2&apos;]&apos;
a is being read. Its value is &apos;rhubarb&apos;
Property &apos;b&apos; was set to &apos;[&apos;eh&apos;, &apos;oh&apos;]&apos;
</system-out></testcase><testcase classname="autoclass.tests.test_autoprops" file="autoclass/tests/test_autoprops.py" line="156" name="test_autoprops_override_exceptions" time="0.004438638687133789"></testcase><testcase classname="autoclass.tests.test_autoprops" file="autoclass/tests/test_autoprops.py" line="201" name="test_autoprops_manual" time="0.00658416748046875"></testcase><testcase classname="autoclass.tests.test_autoprops" file="autoclass/tests/test_autoprops.py" line="230" name="test_autoprops_signature_preserving" time="0.0025262832641601562"></testcase><testcase classname="autoclass.tests.test_autoprops" file="autoclass/tests/test_autoprops.py" line="252" name="test_autoprops_enforce_validate" time="0.029099702835083008"><system-out>Set surface to 12
Set surface to 0.1
</system-out></testcase><testcase classname="autoclass.tests.test_readme" file="autoclass/tests/test_readme.py" line="6" name="test_readme_old_way" time="0.0014171600341796875"></testcase><testcase classname="autoclass.tests.test_readme" file="autoclass/tests/test_readme.py" line="67" name="test_readme_pycontracts" time="0.058563947677612305"></testcase><testcase classname="autoclass.tests.test_readme" file="autoclass/tests/test_readme.py" line="102" name="test_readme_typechecked" time="0.0034780502319335938"><failure message="ImportError: No module named &apos;pytypes&apos;">def test_readme_typechecked():
        &quot;&quot;&quot; Makes sure that the code in the documentation page is correct for the pytypes example &quot;&quot;&quot;
    
        # from autoclass import autoargs, autoprops, Boolean
&gt;       from pytypes import typechecked
E       ImportError: No module named &apos;pytypes&apos;

autoclass/tests/test_readme.py:107: ImportError</failure></testcase><testcase classname="autoclass.tests.test_readme" file="autoclass/tests/test_readme.py" line="141" name="test_readme_enforce" time="0.009422540664672852"></testcase><testcase classname="autoclass.tests.test_readme" file="autoclass/tests/test_readme.py" line="184" name="test_readme_enforce_validate" time="0.013706207275390625"><system-out>Set surface to 12
name: test
surface: 12
nb_floors: None
with_windows: False
Set surface to 1
</system-out></testcase><testcase classname="autoclass.tests.test_readme" file="autoclass/tests/test_readme.py" line="246" name="test_readme_usage_autoprops_validate" time="0.002604961395263672"></testcase><testcase classname="autoclass.tests.test_readme" file="autoclass/tests/test_readme.py" line="265" name="test_readme_usage_autodict_1" time="0.0036983489990234375"></testcase><testcase classname="autoclass.tests.test_readme" file="autoclass/tests/test_readme.py" line="304" name="test_readme_usage_autodict_2" time="0.00467681884765625"></testcase><testcase classname="autoclass.tests.test_readme" file="autoclass/tests/test_readme.py" line="320" name="test_readme_usage_autodict_3" time="0.003984212875366211"></testcase><testcase classname="autoclass.tests.test_readme" file="autoclass/tests/test_readme.py" line="339" name="test_readme_usage_autoclass" time="0.014809846878051758"></testcase><testcase classname="autoclass.tests.test_readme" file="autoclass/tests/test_readme.py" line="374" name="test_readme_usage_autoclass_custom" time="0.011090517044067383"></testcase><testcase classname="autoclass.tests.test_validate.TestValidate" file="autoclass/tests/test_validate.py" line="287" name="test_decorate_manually" time="0.002787351608276367"></testcase><testcase classname="autoclass.tests.test_validate.TestValidate" file="autoclass/tests/test_validate.py" line="217" name="test_validate_and" time="0.0025501251220703125"><system-out>hello
hello
</system-out></testcase><testcase classname="autoclass.tests.test_validate.TestValidate" file="autoclass/tests/test_validate.py" line="45" name="test_validate_custom" time="0.0026035308837890625"><system-out>hello
</system-out></testcase><testcase classname="autoclass.tests.test_validate.TestValidate" file="autoclass/tests/test_validate.py" line="38" name="test_validate_empty" time="0.0010695457458496094"></testcase><testcase classname="autoclass.tests.test_validate.TestValidate" file="autoclass/tests/test_validate.py" line="85" name="test_validate_enforce" time="0.00509190559387207"><system-out>hello
</system-out></testcase><testcase classname="autoclass.tests.test_validate.TestValidate" file="autoclass/tests/test_validate.py" line="252" name="test_validate_is_in" time="0.0013995170593261719"><system-out>hello
</system-out></testcase><testcase classname="autoclass.tests.test_validate.TestValidate" file="autoclass/tests/test_validate.py" line="104" name="test_validate_name_error" time="0.0015325546264648438"></testcase><testcase classname="autoclass.tests.test_validate.TestValidate" file="autoclass/tests/test_validate.py" line="111" name="test_validate_none_is_allowed" time="0.002385377883911133"><system-out>hello
hello
</system-out></testcase><testcase classname="autoclass.tests.test_validate.TestValidate" file="autoclass/tests/test_validate.py" line="120" name="test_validate_not" time="0.003076314926147461"><system-out>hello
</system-out></testcase><testcase classname="autoclass.tests.test_validate.TestValidate" file="autoclass/tests/test_validate.py" line="150" name="test_validate_or" time="0.0035004615783691406"><system-out>hello
hello
hello
hello
</system-out></testcase><testcase classname="autoclass.tests.test_validate.TestValidate" file="autoclass/tests/test_validate.py" line="8" name="test_validate_simple" time="0.0025823116302490234"><system-out>hello
</system-out></testcase><testcase classname="autoclass.tests.test_validate.TestValidate" file="autoclass/tests/test_validate.py" line="264" name="test_validate_subset_superset" time="0.0022437572479248047"><system-out>hello
</system-out></testcase><testcase classname="autoclass.tests.test_validate.TestValidate" file="autoclass/tests/test_validate.py" line="31" name="test_validate_wrong_notnone" time="0.0023789405822753906"></testcase><testcase classname="autoclass.tests.test_validate.TestValidate" file="autoclass/tests/test_validate.py" line="184" name="test_validate_xor" time="0.003514528274536133"><system-out>hello
hello
hello
</system-out></testcase></testsuite>