<?xml version="1.0" encoding="utf-8"?><testsuite errors="0" failures="0" name="pytest" skips="9" tests="86" time="1.212"><testcase classname="autoclass.tests.doc.test_autoclass_readme" file="autoclass/tests/doc/test_autoclass_readme.py" line="8" name="test_readme_pytypes" time="0.025257587432861328"></testcase><testcase classname="autoclass.tests.doc.test_autoclass_readme" file="autoclass/tests/doc/test_autoclass_readme.py" line="16" name="test_readme_enforce" time="0.020021915435791016"></testcase><testcase classname="autoclass.tests.doc.test_readme_index" file="autoclass/tests/doc/test_readme_index.py" line="16" name="test_readme_index_pyfields" time="0.0049746036529541016"></testcase><testcase classname="autoclass.tests.doc.test_readme_index" file="autoclass/tests/doc/test_readme_index.py" line="39" name="test_readme_index_basic" time="0.004433393478393555"></testcase><testcase classname="autoclass.tests.doc.test_readme_index" file="autoclass/tests/doc/test_readme_index.py" line="54" name="test_readme_index_basic2" time="0.004343271255493164"></testcase><testcase classname="autoclass.tests.doc.test_readme_index" file="autoclass/tests/doc/test_readme_index.py" line="80" name="test_readme_enforce_simple" time="0.006867647171020508"></testcase><testcase classname="autoclass.tests.doc.test_readme_index" file="autoclass/tests/doc/test_readme_index.py" line="89" name="test_readme_index_pytypes_simple" time="0.012233257293701172"></testcase><testcase classname="autoclass.tests.doc.test_readme_index" file="autoclass/tests/doc/test_readme_index.py" line="97" name="test_readme_index_valid8_simple" time="0.0067865848541259766"></testcase><testcase classname="autoclass.tests.doc.test_readme_index" file="autoclass/tests/doc/test_readme_index.py" line="128" name="test_readme_index_enforce_valid8" time="0.010498523712158203"></testcase><testcase classname="autoclass.tests.doc.test_readme_index" file="autoclass/tests/doc/test_readme_index.py" line="137" name="test_readme_pycontracts_simple" time="0.26948118209838867"></testcase><testcase classname="autoclass.tests.doc.test_readme_index" file="autoclass/tests/doc/test_readme_index.py" line="159" name="test_readme_old_way" time="0.0016684532165527344"></testcase><testcase classname="autoclass.tests.doc.test_readme_index" file="autoclass/tests/doc/test_readme_index.py" line="228" name="test_readme_pycontracts_complex" time="0.030039072036743164"></testcase><testcase classname="autoclass.tests.doc.test_readme_index" file="autoclass/tests/doc/test_readme_index.py" line="264" name="test_readme_pytypes_validate_complex" time="0.000736236572265625"><skipped message="open bug in pytypes https://github.com/Stewori/pytypes/issues/19" type="pytest.skip">autoclass/tests/doc/test_readme_index.py:264: open bug in pytypes https://github.com/Stewori/pytypes/issues/19</skipped></testcase><testcase classname="autoclass.tests.doc.test_readme_usage" file="autoclass/tests/doc/test_readme_usage.py" line="15" name="test_readme_usage_autoprops_validate" time="0.0052280426025390625"></testcase><testcase classname="autoclass.tests.doc.test_readme_usage" file="autoclass/tests/doc/test_readme_usage.py" line="36" name="test_readme_usage_autodict_1" time="0.0041790008544921875"></testcase><testcase classname="autoclass.tests.doc.test_readme_usage" file="autoclass/tests/doc/test_readme_usage.py" line="81" name="test_readme_usage_autodict_2" time="0.0030651092529296875"></testcase><testcase classname="autoclass.tests.doc.test_readme_usage" file="autoclass/tests/doc/test_readme_usage.py" line="100" name="test_readme_usage_autodict_3" time="0.0030918121337890625"></testcase><testcase classname="autoclass.tests.doc.test_readme_usage" file="autoclass/tests/doc/test_readme_usage.py" line="122" name="test_readme_usage_autodict_4" time="0.004061222076416016"></testcase><testcase classname="autoclass.tests.doc.test_readme_usage" file="autoclass/tests/doc/test_readme_usage.py" line="145" name="test_readme_usage_autohash_1" time="0.0020151138305664062"></testcase><testcase classname="autoclass.tests.doc.test_readme_usage" file="autoclass/tests/doc/test_readme_usage.py" line="172" name="test_readme_usage_autohash_2" time="0.002740144729614258"></testcase><testcase classname="autoclass.tests.doc.test_readme_usage" file="autoclass/tests/doc/test_readme_usage.py" line="195" name="test_readme_usage_autoclass" time="0.011469602584838867"></testcase><testcase classname="autoclass.tests.doc.test_readme_usage" file="autoclass/tests/doc/test_readme_usage.py" line="203" name="test_readme_usage_autoclass_custom" time="0.008105278015136719"></testcase><testcase classname="autoclass.tests.features.test_autoargs" file="autoclass/tests/features/test_autoargs.py" line="6" name="test_autoargs_simple" time="0.0032765865325927734"></testcase><testcase classname="autoclass.tests.features.test_autoargs" file="autoclass/tests/features/test_autoargs.py" line="23" name="test_autoargs_signature_preserving" time="0.003006458282470703"></testcase><testcase classname="autoclass.tests.features.test_autoargs" file="autoclass/tests/features/test_autoargs.py" line="40" name="test_autoargs_varargs" time="0.002299785614013672"></testcase><testcase classname="autoclass.tests.features.test_autoargs" file="autoclass/tests/features/test_autoargs.py" line="62" name="test_autoargs_varargs_kwvarargs" time="0.002407073974609375"></testcase><testcase classname="autoclass.tests.features.test_autoargs" file="autoclass/tests/features/test_autoargs.py" line="88" name="test_autoargs_noarg" time="0.0022373199462890625"></testcase><testcase classname="autoclass.tests.features.test_autoargs" file="autoclass/tests/features/test_autoargs.py" line="105" name="test_autoargs_include" time="0.0022940635681152344"></testcase><testcase classname="autoclass.tests.features.test_autoargs" file="autoclass/tests/features/test_autoargs.py" line="125" name="test_autoargs_exclude" time="0.0022857189178466797"></testcase><testcase classname="autoclass.tests.features.test_autoargs" file="autoclass/tests/features/test_autoargs.py" line="147" name="test_autoargs_include_exclude" time="0.001865386962890625"></testcase><testcase classname="autoclass.tests.features.test_autoargs" file="autoclass/tests/features/test_autoargs.py" line="156" name="test_autoargs_include_exclude_typos" time="0.002328157424926758"></testcase><testcase classname="autoclass.tests.features.test_autoargs" file="autoclass/tests/features/test_autoargs.py" line="173" name="test_autoargs_no_double_set_default" time="0.002829313278198242"></testcase><testcase classname="autoclass.tests.features.test_autoclass" file="autoclass/tests/features/test_autoclass.py" line="11" name="test_autoclass_enforce_validate_not_reversed" time="0.006552934646606445"><system-out>Set surface to 12
</system-out></testcase><testcase classname="autoclass.tests.features.test_autoclass" file="autoclass/tests/features/test_autoclass.py" line="20" name="test_autoclass_enforce_validate_reversed" time="0.003203868865966797"></testcase><testcase classname="autoclass.tests.features.test_autoclass" file="autoclass/tests/features/test_autoclass.py" line="29" name="test_autoclass_inheritance" time="0.005177497863769531"></testcase><testcase classname="autoclass.tests.features.test_autoclass" file="autoclass/tests/features/test_autoclass.py" line="55" name="test_autoclass_pickle_inheritance" time="0.005908489227294922"></testcase><testcase classname="autoclass.tests.features.test_autoclass" file="autoclass/tests/features/test_autoclass.py" line="76" name="test_autoclass_slots" time="0.007397651672363281"></testcase><testcase classname="autoclass.tests.features.test_autoclass" file="autoclass/tests/features/test_autoclass.py" line="104" name="test_autoclass_private" time="0.003833293914794922"></testcase><testcase classname="autoclass.tests.features.test_autoclass" file="autoclass/tests/features/test_autoclass.py" line="117" name="test_autoclass_pyfields" time="0.0040988922119140625"></testcase><testcase classname="autoclass.tests.features.test_autoclass" file="autoclass/tests/features/test_autoclass.py" line="155" name="test_autoclass_autopyfields" time="0.003505706787109375"></testcase><testcase classname="autoclass.tests.features.test_autoclass" file="autoclass/tests/features/test_autoclass.py" line="167" name="test_autoclass_autopyfields_inherited" time="0.003834247589111328"></testcase><testcase classname="autoclass.tests.features.test_autodict" file="autoclass/tests/features/test_autodict.py" line="10" name="test_autodict[only_constructor_args-only_public]" time="0.003980159759521484"></testcase><testcase classname="autoclass.tests.features.test_autodict" file="autoclass/tests/features/test_autodict.py" line="10" name="test_autodict[only_constructor_args-including class-private dunder fields]" time="0.004327535629272461"></testcase><testcase classname="autoclass.tests.features.test_autodict" file="autoclass/tests/features/test_autodict.py" line="10" name="test_autodict[all_obj_fields-only_public]" time="0.0038595199584960938"></testcase><testcase classname="autoclass.tests.features.test_autodict" file="autoclass/tests/features/test_autodict.py" line="10" name="test_autodict[all_obj_fields-including class-private dunder fields]" time="0.004151582717895508"></testcase><testcase classname="autoclass.tests.features.test_autodict" file="autoclass/tests/features/test_autodict.py" line="138" name="test_autodict_pyfields" time="0.003078937530517578"></testcase><testcase classname="autoclass.tests.features.test_autohash" file="autoclass/tests/features/test_autohash.py" line="11" name="test_autohash[only_constructor_args-only_public]" time="0.0031075477600097656"></testcase><testcase classname="autoclass.tests.features.test_autohash" file="autoclass/tests/features/test_autohash.py" line="11" name="test_autohash[only_constructor_args-including class-private dunder fields]" time="0.003508329391479492"></testcase><testcase classname="autoclass.tests.features.test_autohash" file="autoclass/tests/features/test_autohash.py" line="11" name="test_autohash[all_obj_fields-only_public]" time="0.002930164337158203"></testcase><testcase classname="autoclass.tests.features.test_autohash" file="autoclass/tests/features/test_autohash.py" line="11" name="test_autohash[all_obj_fields-including class-private dunder fields]" time="0.0029675960540771484"></testcase><testcase classname="autoclass.tests.features.test_autohash" file="autoclass/tests/features/test_autohash.py" line="86" name="test_autohash_exclude" time="0.005649089813232422"></testcase><testcase classname="autoclass.tests.features.test_autohash" file="autoclass/tests/features/test_autohash.py" line="125" name="test_autohash_pyfields[only_known_fields=False]" time="0.0024940967559814453"></testcase><testcase classname="autoclass.tests.features.test_autohash" file="autoclass/tests/features/test_autohash.py" line="125" name="test_autohash_pyfields[only_known_fields=True]" time="0.00323486328125"></testcase><testcase classname="autoclass.tests.features.test_autoprops" file="autoclass/tests/features/test_autoprops.py" line="12" name="test_autoprops_no_contract" time="0.0031859874725341797"></testcase><testcase classname="autoclass.tests.features.test_autoprops" file="autoclass/tests/features/test_autoprops.py" line="34" name="test_autoprops_pycontracts" time="0.01459503173828125"></testcase><testcase classname="autoclass.tests.features.test_autoprops" file="autoclass/tests/features/test_autoprops.py" line="65" name="test_autoprops_include" time="0.003935098648071289"></testcase><testcase classname="autoclass.tests.features.test_autoprops" file="autoclass/tests/features/test_autoprops.py" line="91" name="test_autoprops_exclude" time="0.0042572021484375"></testcase><testcase classname="autoclass.tests.features.test_autoprops" file="autoclass/tests/features/test_autoprops.py" line="117" name="test_autoprops_include_exclude" time="0.002668142318725586"></testcase><testcase classname="autoclass.tests.features.test_autoprops" file="autoclass/tests/features/test_autoprops.py" line="127" name="test_autoprops_override" time="0.005614042282104492"><system-out>Property &apos;b&apos; was set to &apos;[&apos;pie&apos;, &apos;pie2&apos;]&apos;
a is being read. Its value is &apos;rhubarb&apos;
Property &apos;b&apos; was set to &apos;[&apos;eh&apos;, &apos;oh&apos;]&apos;
</system-out></testcase><testcase classname="autoclass.tests.features.test_autoprops" file="autoclass/tests/features/test_autoprops.py" line="177" name="test_autoprops_override_exceptions" time="0.004208564758300781"></testcase><testcase classname="autoclass.tests.features.test_autoprops" file="autoclass/tests/features/test_autoprops.py" line="234" name="test_autoprops_manual" time="0.004744291305541992"></testcase><testcase classname="autoclass.tests.features.test_autoprops" file="autoclass/tests/features/test_autoprops.py" line="266" name="test_autoprops_signature_preserving" time="0.0034477710723876953"></testcase><testcase classname="autoclass.tests.features.test_autoprops" file="autoclass/tests/features/test_autoprops.py" line="296" name="test_autoprops_enforce_validate" time="0.009140253067016602"><system-out>Set surface to 12
Set surface to 0.1
</system-out></testcase><testcase classname="autoclass.tests.features.test_autoprops" file="autoclass/tests/features/test_autoprops.py" line="305" name="test_autoprops_enforce_default" time="0.006857156753540039"></testcase><testcase classname="autoclass.tests.features.test_autorepr" file="autoclass/tests/features/test_autorepr.py" line="10" name="test_autorepr[curly_mode=False-only_constructor_args-only_public]" time="0.0008027553558349609"><skipped message="class vars order is not preserved" type="pytest.skip">autoclass/tests/features/test_autorepr.py:10: class vars order is not preserved</skipped></testcase><testcase classname="autoclass.tests.features.test_autorepr" file="autoclass/tests/features/test_autorepr.py" line="10" name="test_autorepr[curly_mode=False-only_constructor_args-including class-private dunder fields]" time="0.0008015632629394531"><skipped message="class vars order is not preserved" type="pytest.skip">autoclass/tests/features/test_autorepr.py:10: class vars order is not preserved</skipped></testcase><testcase classname="autoclass.tests.features.test_autorepr" file="autoclass/tests/features/test_autorepr.py" line="10" name="test_autorepr[curly_mode=False-all_obj_fields-only_public]" time="0.0008015632629394531"><skipped message="class vars order is not preserved" type="pytest.skip">autoclass/tests/features/test_autorepr.py:10: class vars order is not preserved</skipped></testcase><testcase classname="autoclass.tests.features.test_autorepr" file="autoclass/tests/features/test_autorepr.py" line="10" name="test_autorepr[curly_mode=False-all_obj_fields-including class-private dunder fields]" time="0.0008945465087890625"><skipped message="class vars order is not preserved" type="pytest.skip">autoclass/tests/features/test_autorepr.py:10: class vars order is not preserved</skipped></testcase><testcase classname="autoclass.tests.features.test_autorepr" file="autoclass/tests/features/test_autorepr.py" line="10" name="test_autorepr[curly_mode=True-only_constructor_args-only_public]" time="0.0008521080017089844"><skipped message="class vars order is not preserved" type="pytest.skip">autoclass/tests/features/test_autorepr.py:10: class vars order is not preserved</skipped></testcase><testcase classname="autoclass.tests.features.test_autorepr" file="autoclass/tests/features/test_autorepr.py" line="10" name="test_autorepr[curly_mode=True-only_constructor_args-including class-private dunder fields]" time="0.0010368824005126953"><skipped message="class vars order is not preserved" type="pytest.skip">autoclass/tests/features/test_autorepr.py:10: class vars order is not preserved</skipped></testcase><testcase classname="autoclass.tests.features.test_autorepr" file="autoclass/tests/features/test_autorepr.py" line="10" name="test_autorepr[curly_mode=True-all_obj_fields-only_public]" time="0.0010280609130859375"><skipped message="class vars order is not preserved" type="pytest.skip">autoclass/tests/features/test_autorepr.py:10: class vars order is not preserved</skipped></testcase><testcase classname="autoclass.tests.features.test_autorepr" file="autoclass/tests/features/test_autorepr.py" line="10" name="test_autorepr[curly_mode=True-all_obj_fields-including class-private dunder fields]" time="0.0008916854858398438"><skipped message="class vars order is not preserved" type="pytest.skip">autoclass/tests/features/test_autorepr.py:10: class vars order is not preserved</skipped></testcase><testcase classname="autoclass.tests.features.test_autorepr" file="autoclass/tests/features/test_autorepr.py" line="84" name="test_autorepr_pyfields[curly_mode=False]" time="0.003131866455078125"></testcase><testcase classname="autoclass.tests.features.test_autorepr" file="autoclass/tests/features/test_autorepr.py" line="84" name="test_autorepr_pyfields[curly_mode=True]" time="0.0031969547271728516"></testcase><testcase classname="autoclass.tests.features.test_autoslots_" file="autoclass/tests/features/test_autoslots_.py" line="10" name="test_autoslots[preexisting=False-add_weakref_slot=False-use_public_names=False]" time="0.003774404525756836"></testcase><testcase classname="autoclass.tests.features.test_autoslots_" file="autoclass/tests/features/test_autoslots_.py" line="10" name="test_autoslots[preexisting=False-add_weakref_slot=False-use_public_names=True]" time="0.003706216812133789"></testcase><testcase classname="autoclass.tests.features.test_autoslots_" file="autoclass/tests/features/test_autoslots_.py" line="10" name="test_autoslots[preexisting=False-add_weakref_slot=True-use_public_names=False]" time="0.003500223159790039"></testcase><testcase classname="autoclass.tests.features.test_autoslots_" file="autoclass/tests/features/test_autoslots_.py" line="10" name="test_autoslots[preexisting=False-add_weakref_slot=True-use_public_names=True]" time="0.003292560577392578"></testcase><testcase classname="autoclass.tests.features.test_autoslots_" file="autoclass/tests/features/test_autoslots_.py" line="10" name="test_autoslots[preexisting=True-add_weakref_slot=False-use_public_names=False]" time="0.003406047821044922"><system-out>
</system-out></testcase><testcase classname="autoclass.tests.features.test_autoslots_" file="autoclass/tests/features/test_autoslots_.py" line="10" name="test_autoslots[preexisting=True-add_weakref_slot=False-use_public_names=True]" time="0.0034072399139404297"><system-out>
</system-out></testcase><testcase classname="autoclass.tests.features.test_autoslots_" file="autoclass/tests/features/test_autoslots_.py" line="10" name="test_autoslots[preexisting=True-add_weakref_slot=True-use_public_names=False]" time="0.003535032272338867"><system-out>
</system-out></testcase><testcase classname="autoclass.tests.features.test_autoslots_" file="autoclass/tests/features/test_autoslots_.py" line="10" name="test_autoslots[preexisting=True-add_weakref_slot=True-use_public_names=True]" time="0.0034208297729492188"><system-out>
</system-out></testcase><testcase classname="autoclass.tests.features.test_autoslots_" file="autoclass/tests/features/test_autoslots_.py" line="52" name="test_autoslots_args_props" time="0.003796100616455078"></testcase><testcase classname="autoclass.tests.packaging_.test_packaging" file="autoclass/tests/packaging_/test_packaging.py" line="1" name="test_named_import" time="0.002261638641357422"></testcase><testcase classname="autoclass.tests.packaging_.test_packaging" file="autoclass/tests/packaging_/test_packaging.py" line="6" name="test_import_from" time="0.0016820430755615234"></testcase><testcase classname="autoclass.tests.packaging_.test_packaging_wild" file="autoclass/tests/packaging_/test_packaging_wild.py" line="3" name="test_wild_import" time="0.003904581069946289"></testcase></testsuite>