<?xml version="1.0" encoding="utf-8"?><testsuite errors="0" failures="0" name="pytest" skips="0" tests="45" time="1.129"><testcase classname="autoclass.tests.test_autoargs" file="autoclass/tests/test_autoargs.py" line="4" name="test_autoargs_simple" time="0.002008199691772461"></testcase><testcase classname="autoclass.tests.test_autoargs" file="autoclass/tests/test_autoargs.py" line="21" name="test_autoargs_signature_preserving" time="0.0017311573028564453"></testcase><testcase classname="autoclass.tests.test_autoargs" file="autoclass/tests/test_autoargs.py" line="35" name="test_autoargs_varargs" time="0.0017991065979003906"></testcase><testcase classname="autoclass.tests.test_autoargs" file="autoclass/tests/test_autoargs.py" line="57" name="test_autoargs_varargs_kwvarargs" time="0.002702474594116211"></testcase><testcase classname="autoclass.tests.test_autoargs" file="autoclass/tests/test_autoargs.py" line="82" name="test_autoargs_noarg" time="0.0019681453704833984"></testcase><testcase classname="autoclass.tests.test_autoargs" file="autoclass/tests/test_autoargs.py" line="99" name="test_autoargs_include" time="0.0022318363189697266"></testcase><testcase classname="autoclass.tests.test_autoargs" file="autoclass/tests/test_autoargs.py" line="119" name="test_autoargs_exclude" time="0.0019872188568115234"></testcase><testcase classname="autoclass.tests.test_autoargs" file="autoclass/tests/test_autoargs.py" line="141" name="test_autoargs_include_exclude" time="0.0013148784637451172"></testcase><testcase classname="autoclass.tests.test_autoargs" file="autoclass/tests/test_autoargs.py" line="150" name="test_autoargs_include_exclude_typos" time="0.0020635128021240234"></testcase><testcase classname="autoclass.tests.test_autodict" file="autoclass/tests/test_autodict.py" line="6" name="test_autodict[only_constructor_args-only_public]" time="0.0039157867431640625"></testcase><testcase classname="autoclass.tests.test_autodict" file="autoclass/tests/test_autodict.py" line="6" name="test_autodict[only_constructor_args-including class-private dunder fields]" time="0.0051364898681640625"></testcase><testcase classname="autoclass.tests.test_autodict" file="autoclass/tests/test_autodict.py" line="6" name="test_autodict[all_obj_fields-only_public]" time="0.0038633346557617188"></testcase><testcase classname="autoclass.tests.test_autodict" file="autoclass/tests/test_autodict.py" line="6" name="test_autodict[all_obj_fields-including class-private dunder fields]" time="0.0034012794494628906"></testcase><testcase classname="autoclass.tests.test_autoprops" file="autoclass/tests/test_autoprops.py" line="8" name="test_autoprops_no_contract" time="0.0028989315032958984"></testcase><testcase classname="autoclass.tests.test_autoprops" file="autoclass/tests/test_autoprops.py" line="27" name="test_autoprops_pycontracts" time="0.2674541473388672"></testcase><testcase classname="autoclass.tests.test_autoprops" file="autoclass/tests/test_autoprops.py" line="55" name="test_autoprops_include" time="0.009552240371704102"></testcase><testcase classname="autoclass.tests.test_autoprops" file="autoclass/tests/test_autoprops.py" line="78" name="test_autoprops_exclude" time="0.0034737586975097656"></testcase><testcase classname="autoclass.tests.test_autoprops" file="autoclass/tests/test_autoprops.py" line="101" name="test_autoprops_include_exclude" time="0.0013108253479003906"></testcase><testcase classname="autoclass.tests.test_autoprops" file="autoclass/tests/test_autoprops.py" line="111" name="test_autoprops_override" time="0.012511730194091797"><system-out>Property &apos;b&apos; was set to &apos;[&apos;pie&apos;, &apos;pie2&apos;]&apos;
a is being read. Its value is &apos;rhubarb&apos;
Property &apos;b&apos; was set to &apos;[&apos;eh&apos;, &apos;oh&apos;]&apos;
</system-out></testcase><testcase classname="autoclass.tests.test_autoprops" file="autoclass/tests/test_autoprops.py" line="156" name="test_autoprops_override_exceptions" time="0.005335330963134766"></testcase><testcase classname="autoclass.tests.test_autoprops" file="autoclass/tests/test_autoprops.py" line="201" name="test_autoprops_manual" time="0.005450010299682617"></testcase><testcase classname="autoclass.tests.test_autoprops" file="autoclass/tests/test_autoprops.py" line="230" name="test_autoprops_signature_preserving" time="0.0032868385314941406"></testcase><testcase classname="autoclass.tests.test_autoprops" file="autoclass/tests/test_autoprops.py" line="252" name="test_autoprops_enforce_validate" time="0.029559612274169922"><system-out>Set surface to 12
Set surface to 0.1
</system-out></testcase><testcase classname="autoclass.tests.test_readme" file="autoclass/tests/test_readme.py" line="5" name="test_readme_old_way" time="0.0015532970428466797"></testcase><testcase classname="autoclass.tests.test_readme" file="autoclass/tests/test_readme.py" line="66" name="test_readme_pycontracts" time="0.04091286659240723"></testcase><testcase classname="autoclass.tests.test_readme" file="autoclass/tests/test_readme.py" line="101" name="test_readme_enforce" time="0.009074926376342773"></testcase><testcase classname="autoclass.tests.test_readme" file="autoclass/tests/test_readme.py" line="144" name="test_readme_enforce_validate" time="0.043163299560546875"><system-out>Set surface to 12
</system-out></testcase><testcase classname="autoclass.tests.test_readme" file="autoclass/tests/test_readme.py" line="193" name="test_readme_usage_autoprops_validate" time="0.004004716873168945"></testcase><testcase classname="autoclass.tests.test_readme" file="autoclass/tests/test_readme.py" line="212" name="test_readme_usage_autodict_1" time="0.004569292068481445"></testcase><testcase classname="autoclass.tests.test_readme" file="autoclass/tests/test_readme.py" line="247" name="test_readme_usage_autodict_2" time="0.0031375885009765625"></testcase><testcase classname="autoclass.tests.test_readme" file="autoclass/tests/test_readme.py" line="263" name="test_readme_usage_autodict_3" time="0.0026063919067382812"></testcase><testcase classname="autoclass.tests.test_validate.TestValidate" file="autoclass/tests/test_validate.py" line="287" name="test_decorate_manually" time="0.0025522708892822266"></testcase><testcase classname="autoclass.tests.test_validate.TestValidate" file="autoclass/tests/test_validate.py" line="217" name="test_validate_and" time="0.0034770965576171875"><system-out>hello
hello
</system-out></testcase><testcase classname="autoclass.tests.test_validate.TestValidate" file="autoclass/tests/test_validate.py" line="45" name="test_validate_custom" time="0.003970623016357422"><system-out>hello
</system-out></testcase><testcase classname="autoclass.tests.test_validate.TestValidate" file="autoclass/tests/test_validate.py" line="38" name="test_validate_empty" time="0.0017986297607421875"></testcase><testcase classname="autoclass.tests.test_validate.TestValidate" file="autoclass/tests/test_validate.py" line="85" name="test_validate_enforce" time="0.0037746429443359375"><system-out>hello
</system-out></testcase><testcase classname="autoclass.tests.test_validate.TestValidate" file="autoclass/tests/test_validate.py" line="252" name="test_validate_is_in" time="0.002176046371459961"><system-out>hello
</system-out></testcase><testcase classname="autoclass.tests.test_validate.TestValidate" file="autoclass/tests/test_validate.py" line="104" name="test_validate_name_error" time="0.0024776458740234375"></testcase><testcase classname="autoclass.tests.test_validate.TestValidate" file="autoclass/tests/test_validate.py" line="111" name="test_validate_none_is_allowed" time="0.0022728443145751953"><system-out>hello
hello
</system-out></testcase><testcase classname="autoclass.tests.test_validate.TestValidate" file="autoclass/tests/test_validate.py" line="120" name="test_validate_not" time="0.00412750244140625"><system-out>hello
</system-out></testcase><testcase classname="autoclass.tests.test_validate.TestValidate" file="autoclass/tests/test_validate.py" line="150" name="test_validate_or" time="0.0032618045806884766"><system-out>hello
hello
hello
hello
</system-out></testcase><testcase classname="autoclass.tests.test_validate.TestValidate" file="autoclass/tests/test_validate.py" line="8" name="test_validate_simple" time="0.0028226375579833984"><system-out>hello
</system-out></testcase><testcase classname="autoclass.tests.test_validate.TestValidate" file="autoclass/tests/test_validate.py" line="264" name="test_validate_subset_superset" time="0.002927064895629883"><system-out>hello
</system-out></testcase><testcase classname="autoclass.tests.test_validate.TestValidate" file="autoclass/tests/test_validate.py" line="31" name="test_validate_wrong_notnone" time="0.0011970996856689453"></testcase><testcase classname="autoclass.tests.test_validate.TestValidate" file="autoclass/tests/test_validate.py" line="184" name="test_validate_xor" time="0.002662181854248047"><system-out>hello
hello
hello
</system-out></testcase></testsuite>