<?xml version="1.0" encoding="utf-8"?><testsuite errors="0" failures="0" name="pytest" skips="0" tests="28" time="0.849"><testcase classname="autoclass.tests.test_autocode_cl.TestAutoArgs" file="autoclass/tests/test_autocode_cl.py" line="116" name="test_autoargs_exclude" time="0.0022172927856445312"></testcase><testcase classname="autoclass.tests.test_autocode_cl.TestAutoArgs" file="autoclass/tests/test_autocode_cl.py" line="97" name="test_autoargs_include" time="0.0014600753784179688"></testcase><testcase classname="autoclass.tests.test_autocode_cl.TestAutoArgs" file="autoclass/tests/test_autocode_cl.py" line="137" name="test_autoargs_include_exclude" time="0.001190185546875"></testcase><testcase classname="autoclass.tests.test_autocode_cl.TestAutoArgs" file="autoclass/tests/test_autocode_cl.py" line="145" name="test_autoargs_include_exclude_typos" time="0.0022912025451660156"></testcase><testcase classname="autoclass.tests.test_autocode_cl.TestAutoArgs" file="autoclass/tests/test_autocode_cl.py" line="81" name="test_autoargs_noarg" time="0.001539468765258789"></testcase><testcase classname="autoclass.tests.test_autocode_cl.TestAutoArgs" file="autoclass/tests/test_autocode_cl.py" line="26" name="test_autoargs_signature_preserving" time="0.00200653076171875"></testcase><testcase classname="autoclass.tests.test_autocode_cl.TestAutoArgs" file="autoclass/tests/test_autocode_cl.py" line="10" name="test_autoargs_simple" time="0.00150299072265625"></testcase><testcase classname="autoclass.tests.test_autocode_cl.TestAutoArgs" file="autoclass/tests/test_autocode_cl.py" line="38" name="test_autoargs_varargs" time="0.0013382434844970703"></testcase><testcase classname="autoclass.tests.test_autocode_cl.TestAutoArgs" file="autoclass/tests/test_autocode_cl.py" line="58" name="test_autoargs_varargs_kwvarargs" time="0.0015187263488769531"></testcase><testcase classname="autoclass.tests.test_autocode_cl.TestAutoProps" file="autoclass/tests/test_autocode_cl.py" line="417" name="test_autoprops_enforce_validate" time="0.029088258743286133"><system-out>Set surface to 12
Set surface to 0.1
</system-out></testcase><testcase classname="autoclass.tests.test_autocode_cl.TestAutoProps" file="autoclass/tests/test_autocode_cl.py" line="246" name="test_autoprops_exclude" time="0.28900885581970215"></testcase><testcase classname="autoclass.tests.test_autocode_cl.TestAutoProps" file="autoclass/tests/test_autocode_cl.py" line="222" name="test_autoprops_include" time="0.003850221633911133"></testcase><testcase classname="autoclass.tests.test_autocode_cl.TestAutoProps" file="autoclass/tests/test_autocode_cl.py" line="269" name="test_autoprops_include_exclude" time="0.0014355182647705078"></testcase><testcase classname="autoclass.tests.test_autocode_cl.TestAutoProps" file="autoclass/tests/test_autocode_cl.py" line="368" name="test_autoprops_manual" time="0.005516767501831055"></testcase><testcase classname="autoclass.tests.test_autocode_cl.TestAutoProps" file="autoclass/tests/test_autocode_cl.py" line="175" name="test_autoprops_no_contract" time="0.0018486976623535156"></testcase><testcase classname="autoclass.tests.test_autocode_cl.TestAutoProps" file="autoclass/tests/test_autocode_cl.py" line="278" name="test_autoprops_override" time="0.011659383773803711"><system-out>Property &apos;b&apos; was set to &apos;[&apos;pie&apos;, &apos;pie2&apos;]&apos;
a is being read. Its value is &apos;rhubarb&apos;
Property &apos;b&apos; was set to &apos;[&apos;eh&apos;, &apos;oh&apos;]&apos;
</system-out></testcase><testcase classname="autoclass.tests.test_autocode_cl.TestAutoProps" file="autoclass/tests/test_autocode_cl.py" line="324" name="test_autoprops_override_exceptions" time="0.005258083343505859"></testcase><testcase classname="autoclass.tests.test_autocode_cl.TestAutoProps" file="autoclass/tests/test_autocode_cl.py" line="194" name="test_autoprops_pycontracts" time="0.004265785217285156"></testcase><testcase classname="autoclass.tests.test_autocode_cl.TestAutoProps" file="autoclass/tests/test_autocode_cl.py" line="396" name="test_autoprops_signature_preserving" time="0.004848480224609375"></testcase><testcase classname="autoclass.tests.test_autocode_cl.TestReadMe" file="autoclass/tests/test_autocode_cl.py" line="567" name="test_readme_enforce" time="0.013643026351928711"></testcase><testcase classname="autoclass.tests.test_autocode_cl.TestReadMe" file="autoclass/tests/test_autocode_cl.py" line="609" name="test_readme_enforce_validate" time="0.00981593132019043"><system-out>Set surface to 12
</system-out></testcase><testcase classname="autoclass.tests.test_autocode_cl.TestReadMe" file="autoclass/tests/test_autocode_cl.py" line="473" name="test_readme_old_way" time="0.001657724380493164"></testcase><testcase classname="autoclass.tests.test_autocode_cl.TestReadMe" file="autoclass/tests/test_autocode_cl.py" line="533" name="test_readme_pycontracts" time="0.030598878860473633"></testcase><testcase classname="autoclass.tests.test_autocode_cl.TestReadMe" file="autoclass/tests/test_autocode_cl.py" line="653" name="test_readme_usage_autoprops_validate" time="0.002119779586791992"></testcase><testcase classname="autoclass.tests.test_validate.TestValidate" file="autoclass/tests/test_validate.py" line="30" name="test_validate_custom" time="0.0028078556060791016"><system-out>hello
</system-out></testcase><testcase classname="autoclass.tests.test_validate.TestValidate" file="autoclass/tests/test_validate.py" line="53" name="test_validate_name_error" time="0.0007817745208740234"></testcase><testcase classname="autoclass.tests.test_validate.TestValidate" file="autoclass/tests/test_validate.py" line="60" name="test_validate_none_is_allowed" time="0.0023088455200195312"><system-out>hello
hello
</system-out></testcase><testcase classname="autoclass.tests.test_validate.TestValidate" file="autoclass/tests/test_validate.py" line="7" name="test_validate_simple" time="0.0024030208587646484"><system-out>hello
</system-out></testcase></testsuite>