<?xml version="1.0" encoding="utf-8"?><testsuite errors="0" failures="0" name="pytest" skips="0" tests="38" time="1.028"><testcase classname="autoclass.tests.test_autocode_cl.TestAutoArgs" file="autoclass/tests/test_autocode_cl.py" line="116" name="test_autoargs_exclude" time="0.0035712718963623047"></testcase><testcase classname="autoclass.tests.test_autocode_cl.TestAutoArgs" file="autoclass/tests/test_autocode_cl.py" line="97" name="test_autoargs_include" time="0.0029392242431640625"></testcase><testcase classname="autoclass.tests.test_autocode_cl.TestAutoArgs" file="autoclass/tests/test_autocode_cl.py" line="137" name="test_autoargs_include_exclude" time="0.0007398128509521484"></testcase><testcase classname="autoclass.tests.test_autocode_cl.TestAutoArgs" file="autoclass/tests/test_autocode_cl.py" line="145" name="test_autoargs_include_exclude_typos" time="0.002374410629272461"></testcase><testcase classname="autoclass.tests.test_autocode_cl.TestAutoArgs" file="autoclass/tests/test_autocode_cl.py" line="81" name="test_autoargs_noarg" time="0.003425121307373047"></testcase><testcase classname="autoclass.tests.test_autocode_cl.TestAutoArgs" file="autoclass/tests/test_autocode_cl.py" line="26" name="test_autoargs_signature_preserving" time="0.0022826194763183594"></testcase><testcase classname="autoclass.tests.test_autocode_cl.TestAutoArgs" file="autoclass/tests/test_autocode_cl.py" line="10" name="test_autoargs_simple" time="0.0028791427612304688"></testcase><testcase classname="autoclass.tests.test_autocode_cl.TestAutoArgs" file="autoclass/tests/test_autocode_cl.py" line="38" name="test_autoargs_varargs" time="0.0029282569885253906"></testcase><testcase classname="autoclass.tests.test_autocode_cl.TestAutoArgs" file="autoclass/tests/test_autocode_cl.py" line="58" name="test_autoargs_varargs_kwvarargs" time="0.003915071487426758"></testcase><testcase classname="autoclass.tests.test_autocode_cl.TestAutoProps" file="autoclass/tests/test_autocode_cl.py" line="417" name="test_autoprops_enforce_validate" time="0.02959752082824707"><system-out>Set surface to 12
Set surface to 0.1
</system-out></testcase><testcase classname="autoclass.tests.test_autocode_cl.TestAutoProps" file="autoclass/tests/test_autocode_cl.py" line="246" name="test_autoprops_exclude" time="0.2780618667602539"></testcase><testcase classname="autoclass.tests.test_autocode_cl.TestAutoProps" file="autoclass/tests/test_autocode_cl.py" line="222" name="test_autoprops_include" time="0.003241300582885742"></testcase><testcase classname="autoclass.tests.test_autocode_cl.TestAutoProps" file="autoclass/tests/test_autocode_cl.py" line="269" name="test_autoprops_include_exclude" time="0.0025200843811035156"></testcase><testcase classname="autoclass.tests.test_autocode_cl.TestAutoProps" file="autoclass/tests/test_autocode_cl.py" line="368" name="test_autoprops_manual" time="0.004853010177612305"></testcase><testcase classname="autoclass.tests.test_autocode_cl.TestAutoProps" file="autoclass/tests/test_autocode_cl.py" line="175" name="test_autoprops_no_contract" time="0.002225637435913086"></testcase><testcase classname="autoclass.tests.test_autocode_cl.TestAutoProps" file="autoclass/tests/test_autocode_cl.py" line="278" name="test_autoprops_override" time="0.01723957061767578"><system-out>Property &apos;b&apos; was set to &apos;[&apos;pie&apos;, &apos;pie2&apos;]&apos;
a is being read. Its value is &apos;rhubarb&apos;
Property &apos;b&apos; was set to &apos;[&apos;eh&apos;, &apos;oh&apos;]&apos;
</system-out></testcase><testcase classname="autoclass.tests.test_autocode_cl.TestAutoProps" file="autoclass/tests/test_autocode_cl.py" line="324" name="test_autoprops_override_exceptions" time="0.009810686111450195"></testcase><testcase classname="autoclass.tests.test_autocode_cl.TestAutoProps" file="autoclass/tests/test_autocode_cl.py" line="194" name="test_autoprops_pycontracts" time="0.009846210479736328"></testcase><testcase classname="autoclass.tests.test_autocode_cl.TestAutoProps" file="autoclass/tests/test_autocode_cl.py" line="396" name="test_autoprops_signature_preserving" time="0.003353595733642578"></testcase><testcase classname="autoclass.tests.test_autocode_cl.TestReadMe" file="autoclass/tests/test_autocode_cl.py" line="567" name="test_readme_enforce" time="0.012275457382202148"></testcase><testcase classname="autoclass.tests.test_autocode_cl.TestReadMe" file="autoclass/tests/test_autocode_cl.py" line="609" name="test_readme_enforce_validate" time="0.012848377227783203"><system-out>Set surface to 12
</system-out></testcase><testcase classname="autoclass.tests.test_autocode_cl.TestReadMe" file="autoclass/tests/test_autocode_cl.py" line="473" name="test_readme_old_way" time="0.0015811920166015625"></testcase><testcase classname="autoclass.tests.test_autocode_cl.TestReadMe" file="autoclass/tests/test_autocode_cl.py" line="533" name="test_readme_pycontracts" time="0.044077157974243164"></testcase><testcase classname="autoclass.tests.test_autocode_cl.TestReadMe" file="autoclass/tests/test_autocode_cl.py" line="657" name="test_readme_usage_autoprops_validate" time="0.00536799430847168"></testcase><testcase classname="autoclass.tests.test_validate.TestValidate" file="autoclass/tests/test_validate.py" line="287" name="test_decorate_manually" time="0.0017769336700439453"></testcase><testcase classname="autoclass.tests.test_validate.TestValidate" file="autoclass/tests/test_validate.py" line="217" name="test_validate_and" time="0.002674102783203125"><system-out>hello
hello
</system-out></testcase><testcase classname="autoclass.tests.test_validate.TestValidate" file="autoclass/tests/test_validate.py" line="45" name="test_validate_custom" time="0.0036122798919677734"><system-out>hello
</system-out></testcase><testcase classname="autoclass.tests.test_validate.TestValidate" file="autoclass/tests/test_validate.py" line="38" name="test_validate_empty" time="0.0008988380432128906"></testcase><testcase classname="autoclass.tests.test_validate.TestValidate" file="autoclass/tests/test_validate.py" line="85" name="test_validate_enforce" time="0.0023207664489746094"><system-out>hello
</system-out></testcase><testcase classname="autoclass.tests.test_validate.TestValidate" file="autoclass/tests/test_validate.py" line="252" name="test_validate_is_in" time="0.0014805793762207031"><system-out>hello
</system-out></testcase><testcase classname="autoclass.tests.test_validate.TestValidate" file="autoclass/tests/test_validate.py" line="104" name="test_validate_name_error" time="0.0009522438049316406"></testcase><testcase classname="autoclass.tests.test_validate.TestValidate" file="autoclass/tests/test_validate.py" line="111" name="test_validate_none_is_allowed" time="0.0024983882904052734"><system-out>hello
hello
</system-out></testcase><testcase classname="autoclass.tests.test_validate.TestValidate" file="autoclass/tests/test_validate.py" line="120" name="test_validate_not" time="0.002408742904663086"><system-out>hello
</system-out></testcase><testcase classname="autoclass.tests.test_validate.TestValidate" file="autoclass/tests/test_validate.py" line="150" name="test_validate_or" time="0.0020363330841064453"><system-out>hello
hello
hello
hello
</system-out></testcase><testcase classname="autoclass.tests.test_validate.TestValidate" file="autoclass/tests/test_validate.py" line="8" name="test_validate_simple" time="0.0014514923095703125"><system-out>hello
</system-out></testcase><testcase classname="autoclass.tests.test_validate.TestValidate" file="autoclass/tests/test_validate.py" line="264" name="test_validate_subset_superset" time="0.004120826721191406"><system-out>hello
</system-out></testcase><testcase classname="autoclass.tests.test_validate.TestValidate" file="autoclass/tests/test_validate.py" line="31" name="test_validate_wrong_notnone" time="0.0011315345764160156"></testcase><testcase classname="autoclass.tests.test_validate.TestValidate" file="autoclass/tests/test_validate.py" line="184" name="test_validate_xor" time="0.003187417984008789"><system-out>hello
hello
hello
</system-out></testcase></testsuite>